[2025-04-02T18:38:37.931+0000] {taskinstance.py:1957} INFO - Dependencies all met for dep_context=non-requeueable deps ti=<TaskInstance: gen_lxw_fts.calculate_fts scheduled__2025-03-07T23:00:00+00:00 [queued]>
[2025-04-02T18:38:37.947+0000] {taskinstance.py:1957} INFO - Dependencies all met for dep_context=requeueable deps ti=<TaskInstance: gen_lxw_fts.calculate_fts scheduled__2025-03-07T23:00:00+00:00 [queued]>
[2025-04-02T18:38:37.947+0000] {taskinstance.py:2171} INFO - Starting attempt 6 of 7
[2025-04-02T18:38:37.986+0000] {taskinstance.py:2192} INFO - Executing <Task(BashOperator): calculate_fts> on 2025-03-07 23:00:00+00:00
[2025-04-02T18:38:37.997+0000] {standard_task_runner.py:60} INFO - Started process 11542 to run task
[2025-04-02T18:38:38.005+0000] {standard_task_runner.py:87} INFO - Running: ['***', 'tasks', 'run', 'gen_lxw_fts', 'calculate_fts', 'scheduled__2025-03-07T23:00:00+00:00', '--job-id', '84', '--raw', '--subdir', 'DAGS_FOLDER/gen_lxw_fts.py', '--cfg-path', '/tmp/tmpem78p7_y']
[2025-04-02T18:38:38.007+0000] {standard_task_runner.py:88} INFO - Job 84: Subtask calculate_fts
[2025-04-02T18:38:38.144+0000] {task_command.py:423} INFO - Running <TaskInstance: gen_lxw_fts.calculate_fts scheduled__2025-03-07T23:00:00+00:00 [running]> on host 4a8602fc40fd
[2025-04-02T18:38:38.304+0000] {warnings.py:109} WARNING - /home/***/.local/lib/python3.8/site-packages/***/utils/context.py:207: AirflowContextDeprecationWarning: Accessing 'execution_date' from the template is deprecated and will be removed in a future version. Please use 'data_interval_start' or 'logical_date' instead.
  warnings.warn(_create_deprecation_warning(key, self._deprecation_replacements[key]))

[2025-04-02T18:38:38.446+0000] {taskinstance.py:2481} INFO - Exporting env vars: AIRFLOW_CTX_DAG_OWNER='longnv' AIRFLOW_CTX_DAG_ID='gen_lxw_fts' AIRFLOW_CTX_TASK_ID='calculate_fts' AIRFLOW_CTX_EXECUTION_DATE='2025-03-07T23:00:00+00:00' AIRFLOW_CTX_TRY_NUMBER='6' AIRFLOW_CTX_DAG_RUN_ID='scheduled__2025-03-07T23:00:00+00:00'
[2025-04-02T18:38:38.453+0000] {subprocess.py:63} INFO - Tmp dir root location: /tmp
[2025-04-02T18:38:38.455+0000] {subprocess.py:75} INFO - Running command: ['/usr/bin/bash', '-c', '\n        python /opt/***/external_scripts/2_calculate_features.py 2025-03-08\n        ']
[2025-04-02T18:38:38.504+0000] {subprocess.py:86} INFO - Output:
[2025-04-02T18:38:45.189+0000] {subprocess.py:93} INFO - :: loading settings :: url = jar:file:/opt/spark/jars/ivy-2.5.1.jar!/org/apache/ivy/core/settings/ivysettings.xml
[2025-04-02T18:38:45.325+0000] {subprocess.py:93} INFO - Ivy Default Cache set to: /home/***/.ivy2/cache
[2025-04-02T18:38:45.325+0000] {subprocess.py:93} INFO - The jars for the packages stored in: /home/***/.ivy2/jars
[2025-04-02T18:38:45.333+0000] {subprocess.py:93} INFO - org.apache.spark#spark-sql-kafka-0-10_2.12 added as a dependency
[2025-04-02T18:38:45.333+0000] {subprocess.py:93} INFO - io.delta#delta-core_2.12 added as a dependency
[2025-04-02T18:38:45.334+0000] {subprocess.py:93} INFO - org.apache.hadoop#hadoop-aws added as a dependency
[2025-04-02T18:38:45.334+0000] {subprocess.py:93} INFO - com.amazonaws#aws-java-sdk-bundle added as a dependency
[2025-04-02T18:38:45.334+0000] {subprocess.py:93} INFO - org.postgresql#postgresql added as a dependency
[2025-04-02T18:38:45.334+0000] {subprocess.py:93} INFO - :: resolving dependencies :: org.apache.spark#spark-submit-parent-45cdf0e2-4835-4e0b-ad1f-b461a3b5b0a1;1.0
[2025-04-02T18:38:45.334+0000] {subprocess.py:93} INFO - 	confs: [default]
[2025-04-02T18:38:45.665+0000] {subprocess.py:93} INFO - 	found org.apache.spark#spark-sql-kafka-0-10_2.12;3.4.1 in central
[2025-04-02T18:38:45.777+0000] {subprocess.py:93} INFO - 	found org.apache.spark#spark-token-provider-kafka-0-10_2.12;3.4.1 in central
[2025-04-02T18:38:45.824+0000] {subprocess.py:93} INFO - 	found org.apache.kafka#kafka-clients;3.3.2 in central
[2025-04-02T18:38:45.856+0000] {subprocess.py:93} INFO - 	found org.lz4#lz4-java;1.8.0 in central
[2025-04-02T18:38:45.889+0000] {subprocess.py:93} INFO - 	found org.xerial.snappy#snappy-java;1.1.10.1 in central
[2025-04-02T18:38:45.926+0000] {subprocess.py:93} INFO - 	found org.slf4j#slf4j-api;2.0.6 in central
[2025-04-02T18:38:45.965+0000] {subprocess.py:93} INFO - 	found org.apache.hadoop#hadoop-client-runtime;3.3.4 in central
[2025-04-02T18:38:46.009+0000] {subprocess.py:93} INFO - 	found org.apache.hadoop#hadoop-client-api;3.3.4 in central
[2025-04-02T18:38:46.045+0000] {subprocess.py:93} INFO - 	found commons-logging#commons-logging;1.1.3 in central
[2025-04-02T18:38:46.062+0000] {subprocess.py:93} INFO - 	found com.google.code.findbugs#jsr305;3.0.0 in central
[2025-04-02T18:38:46.188+0000] {subprocess.py:93} INFO - 	found org.apache.commons#commons-pool2;2.11.1 in central
[2025-04-02T18:38:46.204+0000] {subprocess.py:93} INFO - 	found io.delta#delta-core_2.12;2.4.0 in central
[2025-04-02T18:38:46.224+0000] {subprocess.py:93} INFO - 	found io.delta#delta-storage;2.4.0 in central
[2025-04-02T18:38:46.240+0000] {subprocess.py:93} INFO - 	found org.antlr#antlr4-runtime;4.9.3 in central
[2025-04-02T18:38:46.270+0000] {subprocess.py:93} INFO - 	found org.apache.hadoop#hadoop-aws;3.3.2 in central
[2025-04-02T18:38:46.308+0000] {subprocess.py:93} INFO - 	found org.wildfly.openssl#wildfly-openssl;1.0.7.Final in central
[2025-04-02T18:38:46.323+0000] {subprocess.py:93} INFO - 	found com.amazonaws#aws-java-sdk-bundle;1.12.261 in central
[2025-04-02T18:38:46.333+0000] {subprocess.py:93} INFO - 	found org.postgresql#postgresql;42.5.1 in central
[2025-04-02T18:38:46.345+0000] {subprocess.py:93} INFO - 	found org.checkerframework#checker-qual;3.5.0 in central
[2025-04-02T18:38:46.373+0000] {subprocess.py:93} INFO - :: resolution report :: resolve 1024ms :: artifacts dl 16ms
[2025-04-02T18:38:46.374+0000] {subprocess.py:93} INFO - 	:: modules in use:
[2025-04-02T18:38:46.374+0000] {subprocess.py:93} INFO - 	com.amazonaws#aws-java-sdk-bundle;1.12.261 from central in [default]
[2025-04-02T18:38:46.374+0000] {subprocess.py:93} INFO - 	com.google.code.findbugs#jsr305;3.0.0 from central in [default]
[2025-04-02T18:38:46.374+0000] {subprocess.py:93} INFO - 	commons-logging#commons-logging;1.1.3 from central in [default]
[2025-04-02T18:38:46.374+0000] {subprocess.py:93} INFO - 	io.delta#delta-core_2.12;2.4.0 from central in [default]
[2025-04-02T18:38:46.374+0000] {subprocess.py:93} INFO - 	io.delta#delta-storage;2.4.0 from central in [default]
[2025-04-02T18:38:46.374+0000] {subprocess.py:93} INFO - 	org.antlr#antlr4-runtime;4.9.3 from central in [default]
[2025-04-02T18:38:46.374+0000] {subprocess.py:93} INFO - 	org.apache.commons#commons-pool2;2.11.1 from central in [default]
[2025-04-02T18:38:46.374+0000] {subprocess.py:93} INFO - 	org.apache.hadoop#hadoop-aws;3.3.2 from central in [default]
[2025-04-02T18:38:46.374+0000] {subprocess.py:93} INFO - 	org.apache.hadoop#hadoop-client-api;3.3.4 from central in [default]
[2025-04-02T18:38:46.375+0000] {subprocess.py:93} INFO - 	org.apache.hadoop#hadoop-client-runtime;3.3.4 from central in [default]
[2025-04-02T18:38:46.375+0000] {subprocess.py:93} INFO - 	org.apache.kafka#kafka-clients;3.3.2 from central in [default]
[2025-04-02T18:38:46.375+0000] {subprocess.py:93} INFO - 	org.apache.spark#spark-sql-kafka-0-10_2.12;3.4.1 from central in [default]
[2025-04-02T18:38:46.375+0000] {subprocess.py:93} INFO - 	org.apache.spark#spark-token-provider-kafka-0-10_2.12;3.4.1 from central in [default]
[2025-04-02T18:38:46.375+0000] {subprocess.py:93} INFO - 	org.checkerframework#checker-qual;3.5.0 from central in [default]
[2025-04-02T18:38:46.375+0000] {subprocess.py:93} INFO - 	org.lz4#lz4-java;1.8.0 from central in [default]
[2025-04-02T18:38:46.375+0000] {subprocess.py:93} INFO - 	org.postgresql#postgresql;42.5.1 from central in [default]
[2025-04-02T18:38:46.375+0000] {subprocess.py:93} INFO - 	org.slf4j#slf4j-api;2.0.6 from central in [default]
[2025-04-02T18:38:46.375+0000] {subprocess.py:93} INFO - 	org.wildfly.openssl#wildfly-openssl;1.0.7.Final from central in [default]
[2025-04-02T18:38:46.375+0000] {subprocess.py:93} INFO - 	org.xerial.snappy#snappy-java;1.1.10.1 from central in [default]
[2025-04-02T18:38:46.375+0000] {subprocess.py:93} INFO - 	:: evicted modules:
[2025-04-02T18:38:46.376+0000] {subprocess.py:93} INFO - 	com.amazonaws#aws-java-sdk-bundle;1.11.1026 by [com.amazonaws#aws-java-sdk-bundle;1.12.261] in [default]
[2025-04-02T18:38:46.376+0000] {subprocess.py:93} INFO - 	---------------------------------------------------------------------
[2025-04-02T18:38:46.376+0000] {subprocess.py:93} INFO - 	|                  |            modules            ||   artifacts   |
[2025-04-02T18:38:46.376+0000] {subprocess.py:93} INFO - 	|       conf       | number| search|dwnlded|evicted|| number|dwnlded|
[2025-04-02T18:38:46.376+0000] {subprocess.py:93} INFO - 	---------------------------------------------------------------------
[2025-04-02T18:38:46.376+0000] {subprocess.py:93} INFO - 	|      default     |   20  |   0   |   0   |   1   ||   19  |   0   |
[2025-04-02T18:38:46.376+0000] {subprocess.py:93} INFO - 	---------------------------------------------------------------------
[2025-04-02T18:38:46.381+0000] {subprocess.py:93} INFO - :: retrieving :: org.apache.spark#spark-submit-parent-45cdf0e2-4835-4e0b-ad1f-b461a3b5b0a1
[2025-04-02T18:38:46.381+0000] {subprocess.py:93} INFO - 	confs: [default]
[2025-04-02T18:38:46.389+0000] {subprocess.py:93} INFO - 	0 artifacts copied, 19 already retrieved (0kB/8ms)
[2025-04-02T18:38:47.090+0000] {subprocess.py:93} INFO - 25/04/02 18:38:47 WARN NativeCodeLoader: Unable to load native-hadoop library for your platform... using builtin-java classes where applicable
[2025-04-02T18:38:47.594+0000] {subprocess.py:93} INFO - Setting default log level to "WARN".
[2025-04-02T18:38:47.595+0000] {subprocess.py:93} INFO - To adjust logging level use sc.setLogLevel(newLevel). For SparkR, use setLogLevel(newLevel).
[2025-04-03T12:50:27.664+0000] {subprocess.py:93} INFO - 25/04/03 12:50:27 ERROR Inbox: Ignoring error
[2025-04-03T12:50:27.665+0000] {subprocess.py:93} INFO - java.lang.NullPointerException
[2025-04-03T12:50:27.665+0000] {subprocess.py:93} INFO - 	at org.apache.spark.storage.BlockManagerMasterEndpoint.org$apache$spark$storage$BlockManagerMasterEndpoint$$register(BlockManagerMasterEndpoint.scala:600)
[2025-04-03T12:50:27.665+0000] {subprocess.py:93} INFO - 	at org.apache.spark.storage.BlockManagerMasterEndpoint$$anonfun$receiveAndReply$1.applyOrElse(BlockManagerMasterEndpoint.scala:123)
[2025-04-03T12:50:27.666+0000] {subprocess.py:93} INFO - 	at org.apache.spark.rpc.netty.Inbox.$anonfun$process$1(Inbox.scala:103)
[2025-04-03T12:50:27.666+0000] {subprocess.py:93} INFO - 	at org.apache.spark.rpc.netty.Inbox.safelyCall(Inbox.scala:213)
[2025-04-03T12:50:27.666+0000] {subprocess.py:93} INFO - 	at org.apache.spark.rpc.netty.Inbox.process(Inbox.scala:100)
[2025-04-03T12:50:27.666+0000] {subprocess.py:93} INFO - 	at org.apache.spark.rpc.netty.MessageLoop.org$apache$spark$rpc$netty$MessageLoop$$receiveLoop(MessageLoop.scala:75)
[2025-04-03T12:50:27.666+0000] {subprocess.py:93} INFO - 	at org.apache.spark.rpc.netty.MessageLoop$$anon$1.run(MessageLoop.scala:41)
[2025-04-03T12:50:27.667+0000] {subprocess.py:93} INFO - 	at java.base/java.util.concurrent.ThreadPoolExecutor.runWorker(ThreadPoolExecutor.java:1128)
[2025-04-03T12:50:27.667+0000] {subprocess.py:93} INFO - 	at java.base/java.util.concurrent.ThreadPoolExecutor$Worker.run(ThreadPoolExecutor.java:628)
[2025-04-03T12:50:27.667+0000] {subprocess.py:93} INFO - 	at java.base/java.lang.Thread.run(Thread.java:829)
[2025-04-03T12:50:27.667+0000] {subprocess.py:93} INFO - 25/04/03 12:50:27 WARN Executor: Issue communicating with driver in heartbeater
[2025-04-03T12:50:27.667+0000] {subprocess.py:93} INFO - org.apache.spark.SparkException: Exception thrown in awaitResult:
[2025-04-03T12:50:27.667+0000] {subprocess.py:93} INFO - 	at org.apache.spark.util.ThreadUtils$.awaitResult(ThreadUtils.scala:322)
[2025-04-03T12:50:27.668+0000] {subprocess.py:93} INFO - 	at org.apache.spark.rpc.RpcTimeout.awaitResult(RpcTimeout.scala:75)
[2025-04-03T12:50:27.668+0000] {subprocess.py:93} INFO - 	at org.apache.spark.rpc.RpcEndpointRef.askSync(RpcEndpointRef.scala:101)
[2025-04-03T12:50:27.668+0000] {subprocess.py:93} INFO - 	at org.apache.spark.rpc.RpcEndpointRef.askSync(RpcEndpointRef.scala:85)
[2025-04-03T12:50:27.668+0000] {subprocess.py:93} INFO - 	at org.apache.spark.storage.BlockManagerMaster.registerBlockManager(BlockManagerMaster.scala:80)
[2025-04-03T12:50:27.668+0000] {subprocess.py:93} INFO - 	at org.apache.spark.storage.BlockManager.reregister(BlockManager.scala:641)
[2025-04-03T12:50:27.668+0000] {subprocess.py:93} INFO - 	at org.apache.spark.executor.Executor.reportHeartBeat(Executor.scala:1111)
[2025-04-03T12:50:27.669+0000] {subprocess.py:93} INFO - 	at org.apache.spark.executor.Executor.$anonfun$heartbeater$1(Executor.scala:244)
[2025-04-03T12:50:27.669+0000] {subprocess.py:93} INFO - 	at scala.runtime.java8.JFunction0$mcV$sp.apply(JFunction0$mcV$sp.java:23)
[2025-04-03T12:50:27.669+0000] {subprocess.py:93} INFO - 	at org.apache.spark.util.Utils$.logUncaughtExceptions(Utils.scala:2088)
[2025-04-03T12:50:27.669+0000] {subprocess.py:93} INFO - 	at org.apache.spark.Heartbeater$$anon$1.run(Heartbeater.scala:46)
[2025-04-03T12:50:27.669+0000] {subprocess.py:93} INFO - 	at java.base/java.util.concurrent.Executors$RunnableAdapter.call(Executors.java:515)
[2025-04-03T12:50:27.670+0000] {subprocess.py:93} INFO - 	at java.base/java.util.concurrent.FutureTask.runAndReset(FutureTask.java:305)
[2025-04-03T12:50:27.670+0000] {subprocess.py:93} INFO - 	at java.base/java.util.concurrent.ScheduledThreadPoolExecutor$ScheduledFutureTask.run(ScheduledThreadPoolExecutor.java:305)
[2025-04-03T12:50:27.670+0000] {subprocess.py:93} INFO - 	at java.base/java.util.concurrent.ThreadPoolExecutor.runWorker(ThreadPoolExecutor.java:1128)
[2025-04-03T12:50:27.670+0000] {subprocess.py:93} INFO - 	at java.base/java.util.concurrent.ThreadPoolExecutor$Worker.run(ThreadPoolExecutor.java:628)
[2025-04-03T12:50:27.670+0000] {subprocess.py:93} INFO - 	at java.base/java.lang.Thread.run(Thread.java:829)
[2025-04-03T12:50:27.670+0000] {subprocess.py:93} INFO - Caused by: java.lang.NullPointerException
[2025-04-03T12:50:27.670+0000] {subprocess.py:93} INFO - 	at org.apache.spark.storage.BlockManagerMasterEndpoint.org$apache$spark$storage$BlockManagerMasterEndpoint$$register(BlockManagerMasterEndpoint.scala:600)
[2025-04-03T12:50:27.671+0000] {subprocess.py:93} INFO - 	at org.apache.spark.storage.BlockManagerMasterEndpoint$$anonfun$receiveAndReply$1.applyOrElse(BlockManagerMasterEndpoint.scala:123)
[2025-04-03T12:50:27.671+0000] {subprocess.py:93} INFO - 	at org.apache.spark.rpc.netty.Inbox.$anonfun$process$1(Inbox.scala:103)
[2025-04-03T12:50:27.671+0000] {subprocess.py:93} INFO - 	at org.apache.spark.rpc.netty.Inbox.safelyCall(Inbox.scala:213)
[2025-04-03T12:50:27.671+0000] {subprocess.py:93} INFO - 	at org.apache.spark.rpc.netty.Inbox.process(Inbox.scala:100)
[2025-04-03T12:50:27.671+0000] {subprocess.py:93} INFO - 	at org.apache.spark.rpc.netty.MessageLoop.org$apache$spark$rpc$netty$MessageLoop$$receiveLoop(MessageLoop.scala:75)
[2025-04-03T12:50:27.671+0000] {subprocess.py:93} INFO - 	at org.apache.spark.rpc.netty.MessageLoop$$anon$1.run(MessageLoop.scala:41)
[2025-04-03T12:50:27.672+0000] {subprocess.py:93} INFO - 	... 3 more
[2025-04-03T12:50:36.120+0000] {subprocess.py:93} INFO - 25/04/03 12:50:36 ERROR Inbox: Ignoring error
[2025-04-03T12:50:36.121+0000] {subprocess.py:93} INFO - org.apache.spark.SparkException: Exception thrown in awaitResult:
[2025-04-03T12:50:36.121+0000] {subprocess.py:93} INFO - 	at org.apache.spark.util.ThreadUtils$.awaitResult(ThreadUtils.scala:322)
[2025-04-03T12:50:36.122+0000] {subprocess.py:93} INFO - 	at org.apache.spark.rpc.RpcTimeout.awaitResult(RpcTimeout.scala:75)
[2025-04-03T12:50:36.122+0000] {subprocess.py:93} INFO - 	at org.apache.spark.rpc.RpcEnv.setupEndpointRefByURI(RpcEnv.scala:102)
[2025-04-03T12:50:36.123+0000] {subprocess.py:93} INFO - 	at org.apache.spark.rpc.RpcEnv.setupEndpointRef(RpcEnv.scala:110)
[2025-04-03T12:50:36.123+0000] {subprocess.py:93} INFO - 	at org.apache.spark.util.RpcUtils$.makeDriverRef(RpcUtils.scala:36)
[2025-04-03T12:50:36.124+0000] {subprocess.py:93} INFO - 	at org.apache.spark.storage.BlockManagerMasterEndpoint.driverEndpoint$lzycompute(BlockManagerMasterEndpoint.scala:117)
[2025-04-03T12:50:36.124+0000] {subprocess.py:93} INFO - 	at org.apache.spark.storage.BlockManagerMasterEndpoint.org$apache$spark$storage$BlockManagerMasterEndpoint$$driverEndpoint(BlockManagerMasterEndpoint.scala:116)
[2025-04-03T12:50:36.124+0000] {subprocess.py:93} INFO - 	at org.apache.spark.storage.BlockManagerMasterEndpoint.isExecutorAlive$lzycompute$1(BlockManagerMasterEndpoint.scala:611)
[2025-04-03T12:50:36.125+0000] {subprocess.py:93} INFO - 	at org.apache.spark.storage.BlockManagerMasterEndpoint.isExecutorAlive$1(BlockManagerMasterEndpoint.scala:610)
[2025-04-03T12:50:36.125+0000] {subprocess.py:93} INFO - 	at org.apache.spark.storage.BlockManagerMasterEndpoint.org$apache$spark$storage$BlockManagerMasterEndpoint$$register(BlockManagerMasterEndpoint.scala:648)
[2025-04-03T12:50:36.125+0000] {subprocess.py:93} INFO - 	at org.apache.spark.storage.BlockManagerMasterEndpoint$$anonfun$receiveAndReply$1.applyOrElse(BlockManagerMasterEndpoint.scala:123)
[2025-04-03T12:50:36.125+0000] {subprocess.py:93} INFO - 	at org.apache.spark.rpc.netty.Inbox.$anonfun$process$1(Inbox.scala:103)
[2025-04-03T12:50:36.125+0000] {subprocess.py:93} INFO - 	at org.apache.spark.rpc.netty.Inbox.safelyCall(Inbox.scala:213)
[2025-04-03T12:50:36.125+0000] {subprocess.py:93} INFO - 	at org.apache.spark.rpc.netty.Inbox.process(Inbox.scala:100)
[2025-04-03T12:50:36.125+0000] {subprocess.py:93} INFO - 	at org.apache.spark.rpc.netty.MessageLoop.org$apache$spark$rpc$netty$MessageLoop$$receiveLoop(MessageLoop.scala:75)
[2025-04-03T12:50:36.126+0000] {subprocess.py:93} INFO - 	at org.apache.spark.rpc.netty.MessageLoop$$anon$1.run(MessageLoop.scala:41)
[2025-04-03T12:50:36.126+0000] {subprocess.py:93} INFO - 	at java.base/java.util.concurrent.ThreadPoolExecutor.runWorker(ThreadPoolExecutor.java:1128)
[2025-04-03T12:50:36.126+0000] {subprocess.py:93} INFO - 	at java.base/java.util.concurrent.ThreadPoolExecutor$Worker.run(ThreadPoolExecutor.java:628)
[2025-04-03T12:50:36.126+0000] {subprocess.py:93} INFO - 	at java.base/java.lang.Thread.run(Thread.java:829)
[2025-04-03T12:50:36.126+0000] {subprocess.py:93} INFO - Caused by: org.apache.spark.rpc.RpcEndpointNotFoundException: Cannot find endpoint: spark://CoarseGrainedScheduler@4a8602fc40fd:35737
[2025-04-03T12:50:36.126+0000] {subprocess.py:93} INFO - 	at org.apache.spark.rpc.netty.NettyRpcEnv.$anonfun$asyncSetupEndpointRefByURI$1(NettyRpcEnv.scala:148)
[2025-04-03T12:50:36.127+0000] {subprocess.py:93} INFO - 	at org.apache.spark.rpc.netty.NettyRpcEnv.$anonfun$asyncSetupEndpointRefByURI$1$adapted(NettyRpcEnv.scala:144)
[2025-04-03T12:50:36.127+0000] {subprocess.py:93} INFO - 	at scala.concurrent.Future.$anonfun$flatMap$1(Future.scala:307)
[2025-04-03T12:50:36.127+0000] {subprocess.py:93} INFO - 	at scala.concurrent.impl.Promise.$anonfun$transformWith$1(Promise.scala:41)
[2025-04-03T12:50:36.127+0000] {subprocess.py:93} INFO - 	at scala.concurrent.impl.CallbackRunnable.run(Promise.scala:64)
[2025-04-03T12:50:36.128+0000] {subprocess.py:93} INFO - 	at org.apache.spark.util.ThreadUtils$$anon$1.execute(ThreadUtils.scala:99)
[2025-04-03T12:50:36.128+0000] {subprocess.py:93} INFO - 	at scala.concurrent.impl.ExecutionContextImpl$$anon$4.execute(ExecutionContextImpl.scala:138)
[2025-04-03T12:50:36.128+0000] {subprocess.py:93} INFO - 	at scala.concurrent.impl.CallbackRunnable.executeWithValue(Promise.scala:72)
[2025-04-03T12:50:36.128+0000] {subprocess.py:93} INFO - 	at scala.concurrent.impl.Promise$DefaultPromise.$anonfun$tryComplete$1(Promise.scala:288)
[2025-04-03T12:50:36.129+0000] {subprocess.py:93} INFO - 	at scala.concurrent.impl.Promise$DefaultPromise.$anonfun$tryComplete$1$adapted(Promise.scala:288)
[2025-04-03T12:50:36.129+0000] {subprocess.py:93} INFO - 	at scala.concurrent.impl.Promise$DefaultPromise.tryComplete(Promise.scala:288)
[2025-04-03T12:50:36.129+0000] {subprocess.py:93} INFO - 	at scala.concurrent.Promise.complete(Promise.scala:53)
[2025-04-03T12:50:36.130+0000] {subprocess.py:93} INFO - 	at scala.concurrent.Promise.complete$(Promise.scala:52)
[2025-04-03T12:50:36.131+0000] {subprocess.py:93} INFO - 	at scala.concurrent.impl.Promise$DefaultPromise.complete(Promise.scala:187)
[2025-04-03T12:50:36.131+0000] {subprocess.py:93} INFO - 	at scala.concurrent.impl.Promise.$anonfun$transform$1(Promise.scala:33)
[2025-04-03T12:50:36.131+0000] {subprocess.py:93} INFO - 	at scala.concurrent.impl.CallbackRunnable.run(Promise.scala:64)
[2025-04-03T12:50:36.131+0000] {subprocess.py:93} INFO - 	at org.apache.spark.util.ThreadUtils$$anon$1.execute(ThreadUtils.scala:99)
[2025-04-03T12:50:36.131+0000] {subprocess.py:93} INFO - 	at scala.concurrent.impl.ExecutionContextImpl$$anon$4.execute(ExecutionContextImpl.scala:138)
[2025-04-03T12:50:36.132+0000] {subprocess.py:93} INFO - 	at scala.concurrent.impl.CallbackRunnable.executeWithValue(Promise.scala:72)
[2025-04-03T12:50:36.132+0000] {subprocess.py:93} INFO - 	at scala.concurrent.impl.Promise$DefaultPromise.$anonfun$tryComplete$1(Promise.scala:288)
[2025-04-03T12:50:36.132+0000] {subprocess.py:93} INFO - 	at scala.concurrent.impl.Promise$DefaultPromise.$anonfun$tryComplete$1$adapted(Promise.scala:288)
[2025-04-03T12:50:36.132+0000] {subprocess.py:93} INFO - 	at scala.concurrent.impl.Promise$DefaultPromise.tryComplete(Promise.scala:288)
[2025-04-03T12:50:36.133+0000] {subprocess.py:93} INFO - 	at scala.concurrent.Promise.complete(Promise.scala:53)
[2025-04-03T12:50:36.133+0000] {subprocess.py:93} INFO - 	at scala.concurrent.Promise.complete$(Promise.scala:52)
[2025-04-03T12:50:36.133+0000] {subprocess.py:93} INFO - 	at scala.concurrent.impl.Promise$DefaultPromise.complete(Promise.scala:187)
[2025-04-03T12:50:36.133+0000] {subprocess.py:93} INFO - 	at scala.concurrent.impl.Promise.$anonfun$transform$1(Promise.scala:33)
[2025-04-03T12:50:36.133+0000] {subprocess.py:93} INFO - 	at scala.concurrent.impl.CallbackRunnable.run(Promise.scala:64)
[2025-04-03T12:50:36.134+0000] {subprocess.py:93} INFO - 	at scala.concurrent.BatchingExecutor$Batch.processBatch$1(BatchingExecutor.scala:67)
[2025-04-03T12:50:36.134+0000] {subprocess.py:93} INFO - 	at scala.concurrent.BatchingExecutor$Batch.$anonfun$run$1(BatchingExecutor.scala:82)
[2025-04-03T12:50:36.134+0000] {subprocess.py:93} INFO - 	at scala.runtime.java8.JFunction0$mcV$sp.apply(JFunction0$mcV$sp.java:23)
[2025-04-03T12:50:36.134+0000] {subprocess.py:93} INFO - 	at scala.concurrent.BlockContext$.withBlockContext(BlockContext.scala:85)
[2025-04-03T12:50:36.135+0000] {subprocess.py:93} INFO - 	at scala.concurrent.BatchingExecutor$Batch.run(BatchingExecutor.scala:59)
[2025-04-03T12:50:36.136+0000] {subprocess.py:93} INFO - 	at scala.concurrent.Future$InternalCallbackExecutor$.unbatchedExecute(Future.scala:875)
[2025-04-03T12:50:36.136+0000] {subprocess.py:93} INFO - 	at scala.concurrent.BatchingExecutor.execute(BatchingExecutor.scala:110)
[2025-04-03T12:50:36.136+0000] {subprocess.py:93} INFO - 	at scala.concurrent.BatchingExecutor.execute$(BatchingExecutor.scala:107)
[2025-04-03T12:50:36.136+0000] {subprocess.py:93} INFO - 	at scala.concurrent.Future$InternalCallbackExecutor$.execute(Future.scala:873)
[2025-04-03T12:50:36.136+0000] {subprocess.py:93} INFO - 	at scala.concurrent.impl.CallbackRunnable.executeWithValue(Promise.scala:72)
[2025-04-03T12:50:36.137+0000] {subprocess.py:93} INFO - 	at scala.concurrent.impl.Promise$DefaultPromise.$anonfun$tryComplete$1(Promise.scala:288)
[2025-04-03T12:50:36.137+0000] {subprocess.py:93} INFO - 	at scala.concurrent.impl.Promise$DefaultPromise.$anonfun$tryComplete$1$adapted(Promise.scala:288)
[2025-04-03T12:50:36.137+0000] {subprocess.py:93} INFO - 	at scala.concurrent.impl.Promise$DefaultPromise.tryComplete(Promise.scala:288)
[2025-04-03T12:50:36.137+0000] {subprocess.py:93} INFO - 	at scala.concurrent.Promise.trySuccess(Promise.scala:94)
[2025-04-03T12:50:36.137+0000] {subprocess.py:93} INFO - 	at scala.concurrent.Promise.trySuccess$(Promise.scala:94)
[2025-04-03T12:50:36.138+0000] {subprocess.py:93} INFO - 	at scala.concurrent.impl.Promise$DefaultPromise.trySuccess(Promise.scala:187)
[2025-04-03T12:50:36.138+0000] {subprocess.py:93} INFO - 	at org.apache.spark.rpc.netty.NettyRpcEnv.onSuccess$1(NettyRpcEnv.scala:225)
[2025-04-03T12:50:36.138+0000] {subprocess.py:93} INFO - 	at org.apache.spark.rpc.netty.NettyRpcEnv.$anonfun$askAbortable$5(NettyRpcEnv.scala:239)
[2025-04-03T12:50:36.138+0000] {subprocess.py:93} INFO - 	at org.apache.spark.rpc.netty.NettyRpcEnv.$anonfun$askAbortable$5$adapted(NettyRpcEnv.scala:238)
[2025-04-03T12:50:36.138+0000] {subprocess.py:93} INFO - 	at scala.concurrent.impl.CallbackRunnable.run(Promise.scala:64)
[2025-04-03T12:50:36.139+0000] {subprocess.py:93} INFO - 	at org.apache.spark.util.ThreadUtils$$anon$1.execute(ThreadUtils.scala:99)
[2025-04-03T12:50:36.139+0000] {subprocess.py:93} INFO - 	at scala.concurrent.impl.ExecutionContextImpl$$anon$4.execute(ExecutionContextImpl.scala:138)
[2025-04-03T12:50:36.140+0000] {subprocess.py:93} INFO - 	at scala.concurrent.impl.CallbackRunnable.executeWithValue(Promise.scala:72)
[2025-04-03T12:50:36.140+0000] {subprocess.py:93} INFO - 	at scala.concurrent.impl.Promise$DefaultPromise.$anonfun$tryComplete$1(Promise.scala:288)
[2025-04-03T12:50:36.140+0000] {subprocess.py:93} INFO - 	at scala.concurrent.impl.Promise$DefaultPromise.$anonfun$tryComplete$1$adapted(Promise.scala:288)
[2025-04-03T12:50:36.141+0000] {subprocess.py:93} INFO - 	at scala.concurrent.impl.Promise$DefaultPromise.tryComplete(Promise.scala:288)
[2025-04-03T12:50:36.141+0000] {subprocess.py:93} INFO - 	at scala.concurrent.Promise.complete(Promise.scala:53)
[2025-04-03T12:50:36.141+0000] {subprocess.py:93} INFO - 	at scala.concurrent.Promise.complete$(Promise.scala:52)
[2025-04-03T12:50:36.142+0000] {subprocess.py:93} INFO - 	at scala.concurrent.impl.Promise$DefaultPromise.complete(Promise.scala:187)
[2025-04-03T12:50:36.142+0000] {subprocess.py:93} INFO - 	at scala.concurrent.Promise.success(Promise.scala:86)
[2025-04-03T12:50:36.142+0000] {subprocess.py:93} INFO - 	at scala.concurrent.Promise.success$(Promise.scala:86)
[2025-04-03T12:50:36.142+0000] {subprocess.py:93} INFO - 	at scala.concurrent.impl.Promise$DefaultPromise.success(Promise.scala:187)
[2025-04-03T12:50:36.142+0000] {subprocess.py:93} INFO - 	at org.apache.spark.rpc.netty.LocalNettyRpcCallContext.send(NettyRpcCallContext.scala:50)
[2025-04-03T12:50:36.143+0000] {subprocess.py:93} INFO - 	at org.apache.spark.rpc.netty.NettyRpcCallContext.reply(NettyRpcCallContext.scala:32)
[2025-04-03T12:50:36.143+0000] {subprocess.py:93} INFO - 	at org.apache.spark.rpc.netty.RpcEndpointVerifier$$anonfun$receiveAndReply$1.applyOrElse(RpcEndpointVerifier.scala:31)
[2025-04-03T12:50:36.143+0000] {subprocess.py:93} INFO - 	... 8 more
[2025-04-03T12:50:36.143+0000] {subprocess.py:93} INFO - 25/04/03 12:50:36 WARN Executor: Issue communicating with driver in heartbeater
[2025-04-03T12:50:36.144+0000] {subprocess.py:93} INFO - org.apache.spark.SparkException: Exception thrown in awaitResult:
[2025-04-03T12:50:36.144+0000] {subprocess.py:93} INFO - 	at org.apache.spark.util.ThreadUtils$.awaitResult(ThreadUtils.scala:322)
[2025-04-03T12:50:36.144+0000] {subprocess.py:93} INFO - 	at org.apache.spark.rpc.RpcTimeout.awaitResult(RpcTimeout.scala:75)
[2025-04-03T12:50:36.144+0000] {subprocess.py:93} INFO - 	at org.apache.spark.rpc.RpcEndpointRef.askSync(RpcEndpointRef.scala:101)
[2025-04-03T12:50:36.144+0000] {subprocess.py:93} INFO - 	at org.apache.spark.rpc.RpcEndpointRef.askSync(RpcEndpointRef.scala:85)
[2025-04-03T12:50:36.144+0000] {subprocess.py:93} INFO - 	at org.apache.spark.storage.BlockManagerMaster.registerBlockManager(BlockManagerMaster.scala:80)
[2025-04-03T12:50:36.145+0000] {subprocess.py:93} INFO - 	at org.apache.spark.storage.BlockManager.reregister(BlockManager.scala:641)
[2025-04-03T12:50:36.145+0000] {subprocess.py:93} INFO - 	at org.apache.spark.executor.Executor.reportHeartBeat(Executor.scala:1111)
[2025-04-03T12:50:36.145+0000] {subprocess.py:93} INFO - 	at org.apache.spark.executor.Executor.$anonfun$heartbeater$1(Executor.scala:244)
[2025-04-03T12:50:36.145+0000] {subprocess.py:93} INFO - 	at scala.runtime.java8.JFunction0$mcV$sp.apply(JFunction0$mcV$sp.java:23)
[2025-04-03T12:50:36.145+0000] {subprocess.py:93} INFO - 	at org.apache.spark.util.Utils$.logUncaughtExceptions(Utils.scala:2088)
[2025-04-03T12:50:36.145+0000] {subprocess.py:93} INFO - 	at org.apache.spark.Heartbeater$$anon$1.run(Heartbeater.scala:46)
[2025-04-03T12:50:36.145+0000] {subprocess.py:93} INFO - 	at java.base/java.util.concurrent.Executors$RunnableAdapter.call(Executors.java:515)
[2025-04-03T12:50:36.145+0000] {subprocess.py:93} INFO - 	at java.base/java.util.concurrent.FutureTask.runAndReset(FutureTask.java:305)
[2025-04-03T12:50:36.145+0000] {subprocess.py:93} INFO - 	at java.base/java.util.concurrent.ScheduledThreadPoolExecutor$ScheduledFutureTask.run(ScheduledThreadPoolExecutor.java:305)
[2025-04-03T12:50:36.146+0000] {subprocess.py:93} INFO - 	at java.base/java.util.concurrent.ThreadPoolExecutor.runWorker(ThreadPoolExecutor.java:1128)
[2025-04-03T12:50:36.146+0000] {subprocess.py:93} INFO - 	at java.base/java.util.concurrent.ThreadPoolExecutor$Worker.run(ThreadPoolExecutor.java:628)
[2025-04-03T12:50:36.146+0000] {subprocess.py:93} INFO - 	at java.base/java.lang.Thread.run(Thread.java:829)
[2025-04-03T12:50:36.146+0000] {subprocess.py:93} INFO - Caused by: org.apache.spark.SparkException: Exception thrown in awaitResult:
[2025-04-03T12:50:36.146+0000] {subprocess.py:93} INFO - 	at org.apache.spark.util.ThreadUtils$.awaitResult(ThreadUtils.scala:322)
[2025-04-03T12:50:36.146+0000] {subprocess.py:93} INFO - 	at org.apache.spark.rpc.RpcTimeout.awaitResult(RpcTimeout.scala:75)
[2025-04-03T12:50:36.146+0000] {subprocess.py:93} INFO - 	at org.apache.spark.rpc.RpcEnv.setupEndpointRefByURI(RpcEnv.scala:102)
[2025-04-03T12:50:36.146+0000] {subprocess.py:93} INFO - 	at org.apache.spark.rpc.RpcEnv.setupEndpointRef(RpcEnv.scala:110)
[2025-04-03T12:50:36.146+0000] {subprocess.py:93} INFO - 	at org.apache.spark.util.RpcUtils$.makeDriverRef(RpcUtils.scala:36)
[2025-04-03T12:50:36.146+0000] {subprocess.py:93} INFO - 	at org.apache.spark.storage.BlockManagerMasterEndpoint.driverEndpoint$lzycompute(BlockManagerMasterEndpoint.scala:117)
[2025-04-03T12:50:36.147+0000] {subprocess.py:93} INFO - 	at org.apache.spark.storage.BlockManagerMasterEndpoint.org$apache$spark$storage$BlockManagerMasterEndpoint$$driverEndpoint(BlockManagerMasterEndpoint.scala:116)
[2025-04-03T12:50:36.147+0000] {subprocess.py:93} INFO - 	at org.apache.spark.storage.BlockManagerMasterEndpoint.isExecutorAlive$lzycompute$1(BlockManagerMasterEndpoint.scala:611)
[2025-04-03T12:50:36.147+0000] {subprocess.py:93} INFO - 	at org.apache.spark.storage.BlockManagerMasterEndpoint.isExecutorAlive$1(BlockManagerMasterEndpoint.scala:610)
[2025-04-03T12:50:36.147+0000] {subprocess.py:93} INFO - 	at org.apache.spark.storage.BlockManagerMasterEndpoint.org$apache$spark$storage$BlockManagerMasterEndpoint$$register(BlockManagerMasterEndpoint.scala:648)
[2025-04-03T12:50:36.147+0000] {subprocess.py:93} INFO - 	at org.apache.spark.storage.BlockManagerMasterEndpoint$$anonfun$receiveAndReply$1.applyOrElse(BlockManagerMasterEndpoint.scala:123)
[2025-04-03T12:50:36.147+0000] {subprocess.py:93} INFO - 	at org.apache.spark.rpc.netty.Inbox.$anonfun$process$1(Inbox.scala:103)
[2025-04-03T12:50:36.147+0000] {subprocess.py:93} INFO - 	at org.apache.spark.rpc.netty.Inbox.safelyCall(Inbox.scala:213)
[2025-04-03T12:50:36.147+0000] {subprocess.py:93} INFO - 	at org.apache.spark.rpc.netty.Inbox.process(Inbox.scala:100)
[2025-04-03T12:50:36.147+0000] {subprocess.py:93} INFO - 	at org.apache.spark.rpc.netty.MessageLoop.org$apache$spark$rpc$netty$MessageLoop$$receiveLoop(MessageLoop.scala:75)
[2025-04-03T12:50:36.148+0000] {subprocess.py:93} INFO - 	at org.apache.spark.rpc.netty.MessageLoop$$anon$1.run(MessageLoop.scala:41)
[2025-04-03T12:50:36.148+0000] {subprocess.py:93} INFO - 	... 3 more
[2025-04-03T12:50:36.148+0000] {subprocess.py:93} INFO - Caused by: org.apache.spark.rpc.RpcEndpointNotFoundException: Cannot find endpoint: spark://CoarseGrainedScheduler@4a8602fc40fd:35737
[2025-04-03T12:50:36.148+0000] {subprocess.py:93} INFO - 	at org.apache.spark.rpc.netty.NettyRpcEnv.$anonfun$asyncSetupEndpointRefByURI$1(NettyRpcEnv.scala:148)
[2025-04-03T12:50:36.148+0000] {subprocess.py:93} INFO - 	at org.apache.spark.rpc.netty.NettyRpcEnv.$anonfun$asyncSetupEndpointRefByURI$1$adapted(NettyRpcEnv.scala:144)
[2025-04-03T12:50:36.148+0000] {subprocess.py:93} INFO - 	at scala.concurrent.Future.$anonfun$flatMap$1(Future.scala:307)
[2025-04-03T12:50:36.148+0000] {subprocess.py:93} INFO - 	at scala.concurrent.impl.Promise.$anonfun$transformWith$1(Promise.scala:41)
[2025-04-03T12:50:36.148+0000] {subprocess.py:93} INFO - 	at scala.concurrent.impl.CallbackRunnable.run(Promise.scala:64)
[2025-04-03T12:50:36.148+0000] {subprocess.py:93} INFO - 	at org.apache.spark.util.ThreadUtils$$anon$1.execute(ThreadUtils.scala:99)
[2025-04-03T12:50:36.149+0000] {subprocess.py:93} INFO - 	at scala.concurrent.impl.ExecutionContextImpl$$anon$4.execute(ExecutionContextImpl.scala:138)
[2025-04-03T12:50:36.149+0000] {subprocess.py:93} INFO - 	at scala.concurrent.impl.CallbackRunnable.executeWithValue(Promise.scala:72)
[2025-04-03T12:50:36.149+0000] {subprocess.py:93} INFO - 	at scala.concurrent.impl.Promise$DefaultPromise.$anonfun$tryComplete$1(Promise.scala:288)
[2025-04-03T12:50:36.149+0000] {subprocess.py:93} INFO - 	at scala.concurrent.impl.Promise$DefaultPromise.$anonfun$tryComplete$1$adapted(Promise.scala:288)
[2025-04-03T12:50:36.149+0000] {subprocess.py:93} INFO - 	at scala.concurrent.impl.Promise$DefaultPromise.tryComplete(Promise.scala:288)
[2025-04-03T12:50:36.149+0000] {subprocess.py:93} INFO - 	at scala.concurrent.Promise.complete(Promise.scala:53)
[2025-04-03T12:50:36.149+0000] {subprocess.py:93} INFO - 	at scala.concurrent.Promise.complete$(Promise.scala:52)
[2025-04-03T12:50:36.149+0000] {subprocess.py:93} INFO - 	at scala.concurrent.impl.Promise$DefaultPromise.complete(Promise.scala:187)
[2025-04-03T12:50:36.149+0000] {subprocess.py:93} INFO - 	at scala.concurrent.impl.Promise.$anonfun$transform$1(Promise.scala:33)
[2025-04-03T12:50:36.149+0000] {subprocess.py:93} INFO - 	at scala.concurrent.impl.CallbackRunnable.run(Promise.scala:64)
[2025-04-03T12:50:36.150+0000] {subprocess.py:93} INFO - 	at org.apache.spark.util.ThreadUtils$$anon$1.execute(ThreadUtils.scala:99)
[2025-04-03T12:50:36.150+0000] {subprocess.py:93} INFO - 	at scala.concurrent.impl.ExecutionContextImpl$$anon$4.execute(ExecutionContextImpl.scala:138)
[2025-04-03T12:50:36.150+0000] {subprocess.py:93} INFO - 	at scala.concurrent.impl.CallbackRunnable.executeWithValue(Promise.scala:72)
[2025-04-03T12:50:36.150+0000] {subprocess.py:93} INFO - 	at scala.concurrent.impl.Promise$DefaultPromise.$anonfun$tryComplete$1(Promise.scala:288)
[2025-04-03T12:50:36.150+0000] {subprocess.py:93} INFO - 	at scala.concurrent.impl.Promise$DefaultPromise.$anonfun$tryComplete$1$adapted(Promise.scala:288)
[2025-04-03T12:50:36.150+0000] {subprocess.py:93} INFO - 	at scala.concurrent.impl.Promise$DefaultPromise.tryComplete(Promise.scala:288)
[2025-04-03T12:50:36.150+0000] {subprocess.py:93} INFO - 	at scala.concurrent.Promise.complete(Promise.scala:53)
[2025-04-03T12:50:36.150+0000] {subprocess.py:93} INFO - 	at scala.concurrent.Promise.complete$(Promise.scala:52)
[2025-04-03T12:50:36.151+0000] {subprocess.py:93} INFO - 	at scala.concurrent.impl.Promise$DefaultPromise.complete(Promise.scala:187)
[2025-04-03T12:50:36.151+0000] {subprocess.py:93} INFO - 	at scala.concurrent.impl.Promise.$anonfun$transform$1(Promise.scala:33)
[2025-04-03T12:50:36.151+0000] {subprocess.py:93} INFO - 	at scala.concurrent.impl.CallbackRunnable.run(Promise.scala:64)
[2025-04-03T12:50:36.151+0000] {subprocess.py:93} INFO - 	at scala.concurrent.BatchingExecutor$Batch.processBatch$1(BatchingExecutor.scala:67)
[2025-04-03T12:50:36.151+0000] {subprocess.py:93} INFO - 	at scala.concurrent.BatchingExecutor$Batch.$anonfun$run$1(BatchingExecutor.scala:82)
[2025-04-03T12:50:36.151+0000] {subprocess.py:93} INFO - 	at scala.runtime.java8.JFunction0$mcV$sp.apply(JFunction0$mcV$sp.java:23)
[2025-04-03T12:50:36.151+0000] {subprocess.py:93} INFO - 	at scala.concurrent.BlockContext$.withBlockContext(BlockContext.scala:85)
[2025-04-03T12:50:36.151+0000] {subprocess.py:93} INFO - 	at scala.concurrent.BatchingExecutor$Batch.run(BatchingExecutor.scala:59)
[2025-04-03T12:50:36.152+0000] {subprocess.py:93} INFO - 	at scala.concurrent.Future$InternalCallbackExecutor$.unbatchedExecute(Future.scala:875)
[2025-04-03T12:50:36.152+0000] {subprocess.py:93} INFO - 	at scala.concurrent.BatchingExecutor.execute(BatchingExecutor.scala:110)
[2025-04-03T12:50:36.152+0000] {subprocess.py:93} INFO - 	at scala.concurrent.BatchingExecutor.execute$(BatchingExecutor.scala:107)
[2025-04-03T12:50:36.152+0000] {subprocess.py:93} INFO - 	at scala.concurrent.Future$InternalCallbackExecutor$.execute(Future.scala:873)
[2025-04-03T12:50:36.152+0000] {subprocess.py:93} INFO - 	at scala.concurrent.impl.CallbackRunnable.executeWithValue(Promise.scala:72)
[2025-04-03T12:50:36.153+0000] {subprocess.py:93} INFO - 	at scala.concurrent.impl.Promise$DefaultPromise.$anonfun$tryComplete$1(Promise.scala:288)
[2025-04-03T12:50:36.153+0000] {subprocess.py:93} INFO - 	at scala.concurrent.impl.Promise$DefaultPromise.$anonfun$tryComplete$1$adapted(Promise.scala:288)
[2025-04-03T12:50:36.153+0000] {subprocess.py:93} INFO - 	at scala.concurrent.impl.Promise$DefaultPromise.tryComplete(Promise.scala:288)
[2025-04-03T12:50:36.153+0000] {subprocess.py:93} INFO - 	at scala.concurrent.Promise.trySuccess(Promise.scala:94)
[2025-04-03T12:50:36.153+0000] {subprocess.py:93} INFO - 	at scala.concurrent.Promise.trySuccess$(Promise.scala:94)
[2025-04-03T12:50:36.153+0000] {subprocess.py:93} INFO - 	at scala.concurrent.impl.Promise$DefaultPromise.trySuccess(Promise.scala:187)
[2025-04-03T12:50:36.153+0000] {subprocess.py:93} INFO - 	at org.apache.spark.rpc.netty.NettyRpcEnv.onSuccess$1(NettyRpcEnv.scala:225)
[2025-04-03T12:50:36.154+0000] {subprocess.py:93} INFO - 	at org.apache.spark.rpc.netty.NettyRpcEnv.$anonfun$askAbortable$5(NettyRpcEnv.scala:239)
[2025-04-03T12:50:36.154+0000] {subprocess.py:93} INFO - 	at org.apache.spark.rpc.netty.NettyRpcEnv.$anonfun$askAbortable$5$adapted(NettyRpcEnv.scala:238)
[2025-04-03T12:50:36.154+0000] {subprocess.py:93} INFO - 	at scala.concurrent.impl.CallbackRunnable.run(Promise.scala:64)
[2025-04-03T12:50:36.154+0000] {subprocess.py:93} INFO - 	at org.apache.spark.util.ThreadUtils$$anon$1.execute(ThreadUtils.scala:99)
[2025-04-03T12:50:36.154+0000] {subprocess.py:93} INFO - 	at scala.concurrent.impl.ExecutionContextImpl$$anon$4.execute(ExecutionContextImpl.scala:138)
[2025-04-03T12:50:36.154+0000] {subprocess.py:93} INFO - 	at scala.concurrent.impl.CallbackRunnable.executeWithValue(Promise.scala:72)
[2025-04-03T12:50:36.154+0000] {subprocess.py:93} INFO - 	at scala.concurrent.impl.Promise$DefaultPromise.$anonfun$tryComplete$1(Promise.scala:288)
[2025-04-03T12:50:36.154+0000] {subprocess.py:93} INFO - 	at scala.concurrent.impl.Promise$DefaultPromise.$anonfun$tryComplete$1$adapted(Promise.scala:288)
[2025-04-03T12:50:36.154+0000] {subprocess.py:93} INFO - 	at scala.concurrent.impl.Promise$DefaultPromise.tryComplete(Promise.scala:288)
[2025-04-03T12:50:36.155+0000] {subprocess.py:93} INFO - 	at scala.concurrent.Promise.complete(Promise.scala:53)
[2025-04-03T12:50:36.155+0000] {subprocess.py:93} INFO - 	at scala.concurrent.Promise.complete$(Promise.scala:52)
[2025-04-03T12:50:36.155+0000] {subprocess.py:93} INFO - 	at scala.concurrent.impl.Promise$DefaultPromise.complete(Promise.scala:187)
[2025-04-03T12:50:36.155+0000] {subprocess.py:93} INFO - 	at scala.concurrent.Promise.success(Promise.scala:86)
[2025-04-03T12:50:36.155+0000] {subprocess.py:93} INFO - 	at scala.concurrent.Promise.success$(Promise.scala:86)
[2025-04-03T12:50:36.155+0000] {subprocess.py:93} INFO - 	at scala.concurrent.impl.Promise$DefaultPromise.success(Promise.scala:187)
[2025-04-03T12:50:36.155+0000] {subprocess.py:93} INFO - 	at org.apache.spark.rpc.netty.LocalNettyRpcCallContext.send(NettyRpcCallContext.scala:50)
[2025-04-03T12:50:36.155+0000] {subprocess.py:93} INFO - 	at org.apache.spark.rpc.netty.NettyRpcCallContext.reply(NettyRpcCallContext.scala:32)
[2025-04-03T12:50:36.155+0000] {subprocess.py:93} INFO - 	at org.apache.spark.rpc.netty.RpcEndpointVerifier$$anonfun$receiveAndReply$1.applyOrElse(RpcEndpointVerifier.scala:31)
[2025-04-03T12:50:36.155+0000] {subprocess.py:93} INFO - 	... 8 more
[2025-04-03T12:50:49.084+0000] {subprocess.py:93} INFO - 25/04/03 12:50:49 WARN AdminClientConfig: These configurations '[key.deserializer, value.deserializer, enable.auto.commit, max.poll.records, auto.offset.reset]' were supplied but are not used yet.
[2025-04-03T12:50:51.695+0000] {taskinstance.py:1947} INFO - Dependencies not met for <TaskInstance: gen_lxw_fts.calculate_fts scheduled__2025-03-07T23:00:00+00:00 [running]>, dependency 'Task Instance State' FAILED: Task is in the 'running' state.
[2025-04-03T12:50:51.712+0000] {taskinstance.py:1947} INFO - Dependencies not met for <TaskInstance: gen_lxw_fts.calculate_fts scheduled__2025-03-07T23:00:00+00:00 [running]>, dependency 'Task Instance Not Running' FAILED: Task is in the running state
[2025-04-03T12:50:51.718+0000] {local_task_job_runner.py:160} INFO - Task is not able to be run
[2025-04-03T12:50:55.504+0000] {subprocess.py:93} INFO - [Stage 0:>                                                          (0 + 0) / 1][Stage 0:>                                                          (0 + 1) / 1]                                                                                25/04/03 12:50:55 WARN AdminClientConfig: These configurations '[key.deserializer, value.deserializer, enable.auto.commit, max.poll.records, auto.offset.reset]' were supplied but are not used yet.
[2025-04-03T12:50:55.624+0000] {subprocess.py:93} INFO - 25/04/03 12:50:55 WARN AdminClientConfig: These configurations '[key.deserializer, value.deserializer, enable.auto.commit, max.poll.records, auto.offset.reset]' were supplied but are not used yet.
[2025-04-03T12:51:29.401+0000] {subprocess.py:93} INFO - [Stage 1:>                                                          (0 + 1) / 1][Stage 1:>                  (0 + 1) / 1][Stage 2:>                  (0 + 1) / 1][Stage 1:>                                                          (0 + 1) / 1][Stage 4:>                                                          (0 + 1) / 1]                                                                                25/04/03 12:51:29 WARN AdminClientConfig: These configurations '[key.deserializer, value.deserializer, enable.auto.commit, max.poll.records, auto.offset.reset]' were supplied but are not used yet.
[2025-04-03T12:51:29.477+0000] {subprocess.py:93} INFO - 25/04/03 12:51:29 WARN AdminClientConfig: These configurations '[key.deserializer, value.deserializer, enable.auto.commit, max.poll.records, auto.offset.reset]' were supplied but are not used yet.
[2025-04-03T12:51:48.101+0000] {subprocess.py:93} INFO - [Stage 5:>                                                          (0 + 1) / 1][Stage 5:>                  (0 + 1) / 1][Stage 6:>                  (0 + 1) / 1][Stage 5:>                                                          (0 + 1) / 1][Stage 8:>                                                          (0 + 2) / 2][Stage 8:=============================>                             (1 + 1) / 2]                                                                                25/04/03 12:51:48 WARN AdminClientConfig: These configurations '[key.deserializer, value.deserializer, enable.auto.commit, max.poll.records, auto.offset.reset]' were supplied but are not used yet.
[2025-04-03T12:51:48.169+0000] {subprocess.py:93} INFO - 25/04/03 12:51:48 WARN AdminClientConfig: These configurations '[key.deserializer, value.deserializer, enable.auto.commit, max.poll.records, auto.offset.reset]' were supplied but are not used yet.
[2025-04-03T12:52:09.817+0000] {subprocess.py:93} INFO - [Stage 16:>                                                         (0 + 1) / 1][Stage 16:>                 (0 + 1) / 1][Stage 17:>                 (0 + 1) / 1][Stage 16:>                                                         (0 + 1) / 1][Stage 19:>                                                         (0 + 6) / 6][Stage 19:=========>                                                (1 + 5) / 6]                                                                                25/04/03 12:52:09 WARN MetricsConfig: Cannot locate configuration: tried hadoop-metrics2-s3a-file-system.properties,hadoop-metrics2.properties
[2025-04-03T12:52:15.174+0000] {subprocess.py:93} INFO - 25/04/03 12:52:15 WARN AdminClientConfig: These configurations '[key.deserializer, value.deserializer, enable.auto.commit, max.poll.records, auto.offset.reset]' were supplied but are not used yet.
[2025-04-03T12:52:15.225+0000] {subprocess.py:93} INFO - 25/04/03 12:52:15 WARN AdminClientConfig: These configurations '[key.deserializer, value.deserializer, enable.auto.commit, max.poll.records, auto.offset.reset]' were supplied but are not used yet.
[2025-04-03T12:52:50.436+0000] {subprocess.py:93} INFO - [Stage 27:>                 (0 + 1) / 1][Stage 28:>                 (0 + 1) / 1][Stage 27:>                                                         (0 + 1) / 1][Stage 30:=========>                                                (1 + 5) / 6][Stage 37:>                                                         (0 + 1) / 1]                                                                                25/04/03 12:52:50 WARN package: Truncated the string representation of a plan since it was too large. This behavior can be adjusted by setting 'spark.sql.debug.maxToStringFields'.
[2025-04-03T12:52:54.954+0000] {subprocess.py:93} INFO - [Stage 41:>                                                        (0 + 6) / 50][Stage 41:======>                                                  (6 + 6) / 50][Stage 41:=======>                                                 (7 + 6) / 50][Stage 41:=============>                                          (12 + 6) / 50][Stage 41:=====================>                                  (19 + 6) / 50][Stage 41:=============================>                          (26 + 6) / 50][Stage 41:================================>                       (29 + 7) / 50][Stage 41:=========================================>              (37 + 6) / 50][Stage 41:===================================================>    (46 + 4) / 50]                                                                                2025-03-01 2025-03-08
[2025-04-03T12:52:54.955+0000] {subprocess.py:93} INFO - kafka:29092 postgres.public.transaction_data
[2025-04-03T12:52:54.955+0000] {subprocess.py:93} INFO - minio:9000 transaction-data
[2025-04-03T12:52:54.955+0000] {subprocess.py:93} INFO - +------+--------------------+--------------------+---+-------------+-----------+
[2025-04-03T12:52:54.955+0000] {subprocess.py:93} INFO - |before|               after|              source| op|        ts_ms|transaction|
[2025-04-03T12:52:54.955+0000] {subprocess.py:93} INFO - +------+--------------------+--------------------+---+-------------+-----------+
[2025-04-03T12:52:54.955+0000] {subprocess.py:93} INFO - |  null|{1, user_000139, ...|{2.3.4.Final, pos...|  r|1743614686717|       null|
[2025-04-03T12:52:54.955+0000] {subprocess.py:93} INFO - |  null|{2, user_000228, ...|{2.3.4.Final, pos...|  r|1743614686723|       null|
[2025-04-03T12:52:54.955+0000] {subprocess.py:93} INFO - |  null|{3, user_000398, ...|{2.3.4.Final, pos...|  r|1743614686723|       null|
[2025-04-03T12:52:54.956+0000] {subprocess.py:93} INFO - |  null|{4, user_000056, ...|{2.3.4.Final, pos...|  r|1743614686723|       null|
[2025-04-03T12:52:54.956+0000] {subprocess.py:93} INFO - |  null|{5, user_000370, ...|{2.3.4.Final, pos...|  r|1743614686723|       null|
[2025-04-03T12:52:54.956+0000] {subprocess.py:93} INFO - +------+--------------------+--------------------+---+-------------+-----------+
[2025-04-03T12:52:54.956+0000] {subprocess.py:93} INFO - only showing top 5 rows
[2025-04-03T12:52:54.956+0000] {subprocess.py:93} INFO - 
[2025-04-03T12:52:54.956+0000] {subprocess.py:93} INFO - +---+-----------+--------------+------------------+-----------+---------------+-------------------+----------+
[2025-04-03T12:52:54.956+0000] {subprocess.py:93} INFO - | op|    User ID|Transaction ID|            Amount|     Vendor|        Sources|               Time|      date|
[2025-04-03T12:52:54.956+0000] {subprocess.py:93} INFO - +---+-----------+--------------+------------------+-----------+---------------+-------------------+----------+
[2025-04-03T12:52:54.956+0000] {subprocess.py:93} INFO - |  r|user_000437|  494729864655|107.44249816030329|     Travel|     Debit Card|2025-03-02 03:56:24|2025-03-02|
[2025-04-03T12:52:54.956+0000] {subprocess.py:93} INFO - |  r|user_000439|  986157709111|231.43268282522556|   Hospital|Current Account|2025-03-02 22:07:41|2025-03-02|
[2025-04-03T12:52:54.957+0000] {subprocess.py:93} INFO - |  r|user_000138|  684854818829|206.46162407946633|    Grocery|Current Account|2025-03-02 05:43:40|2025-03-02|
[2025-04-03T12:52:54.957+0000] {subprocess.py:93} INFO - |  r|user_000485|  420836315529| 300.8021632704216|Electronics|     Debit Card|2025-03-02 06:26:43|2025-03-02|
[2025-04-03T12:52:54.957+0000] {subprocess.py:93} INFO - |  r|user_000086|  405597878360| 65.33241889544591|   Hospital|Current Account|2025-03-02 00:24:28|2025-03-02|
[2025-04-03T12:52:54.957+0000] {subprocess.py:93} INFO - +---+-----------+--------------+------------------+-----------+---------------+-------------------+----------+
[2025-04-03T12:52:54.957+0000] {subprocess.py:93} INFO - only showing top 5 rows
[2025-04-03T12:52:54.957+0000] {subprocess.py:93} INFO - 
[2025-04-03T12:52:54.957+0000] {subprocess.py:93} INFO - +-----------+--------------------+------------------+------------------+------------------+-----------------+---------------+---------------+----------+
[2025-04-03T12:52:54.957+0000] {subprocess.py:93} INFO - |    user_id|num_transactions_l1w|  total_amount_l1w|    avg_amount_l1w|    min_amount_l1w|   max_amount_l1w|num_vendors_l1w|num_sources_l1w|      date|
[2025-04-03T12:52:54.957+0000] {subprocess.py:93} INFO - +-----------+--------------------+------------------+------------------+------------------+-----------------+---------------+---------------+----------+
[2025-04-03T12:52:54.957+0000] {subprocess.py:93} INFO - |user_000098|                  61|29656.708713527078| 486.1755526807718| 8.553133095119316|968.0643089245839|             14|              3|2025-03-08|
[2025-04-03T12:52:54.957+0000] {subprocess.py:93} INFO - |user_000066|                  70|35954.904964304136| 513.6414994900591| 49.67500780806858|998.2837668810041|             14|              3|2025-03-08|
[2025-04-03T12:52:54.957+0000] {subprocess.py:93} INFO - |user_000424|                  56|26104.226025787204|466.14689331762867| 9.476531389119932|983.1166605589805|             14|              3|2025-03-08|
[2025-04-03T12:52:54.958+0000] {subprocess.py:93} INFO - |user_000372|                  66|30476.542212859415| 461.7657911039305| 9.333289374984734|994.0037476182354|             14|              3|2025-03-08|
[2025-04-03T12:52:54.958+0000] {subprocess.py:93} INFO - |user_000113|                  74|32551.885625069022|439.89034628471654|2.5917412526710413|990.1509592557917|             14|              3|2025-03-08|
[2025-04-03T12:52:54.958+0000] {subprocess.py:93} INFO - +-----------+--------------------+------------------+------------------+------------------+-----------------+---------------+---------------+----------+
[2025-04-03T12:52:54.958+0000] {subprocess.py:93} INFO - only showing top 5 rows
[2025-04-03T12:52:54.958+0000] {subprocess.py:93} INFO - 
[2025-04-03T12:52:56.172+0000] {subprocess.py:97} INFO - Command exited with return code 0
[2025-04-03T12:52:56.219+0000] {taskinstance.py:1138} INFO - Marking task as SUCCESS. dag_id=gen_lxw_fts, task_id=calculate_fts, execution_date=20250307T230000, start_date=20250402T183837, end_date=20250403T125256
[2025-04-03T12:52:56.413+0000] {local_task_job_runner.py:234} INFO - Task exited with return code 0
[2025-04-03T12:52:56.442+0000] {taskinstance.py:3281} INFO - 0 downstream tasks scheduled from follow-on schedule check
