[2025-04-28T18:13:05.151+0000] {taskinstance.py:1957} INFO - Dependencies all met for dep_context=non-requeueable deps ti=<TaskInstance: gen_lxw_fts.calculate_fts scheduled__2025-03-07T23:00:00+00:00 [queued]>
[2025-04-28T18:13:05.165+0000] {taskinstance.py:1957} INFO - Dependencies all met for dep_context=requeueable deps ti=<TaskInstance: gen_lxw_fts.calculate_fts scheduled__2025-03-07T23:00:00+00:00 [queued]>
[2025-04-28T18:13:05.166+0000] {taskinstance.py:2171} INFO - Starting attempt 12 of 13
[2025-04-28T18:13:05.182+0000] {taskinstance.py:2192} INFO - Executing <Task(BashOperator): calculate_fts> on 2025-03-07 23:00:00+00:00
[2025-04-28T18:13:05.188+0000] {standard_task_runner.py:60} INFO - Started process 8435 to run task
[2025-04-28T18:13:05.193+0000] {standard_task_runner.py:87} INFO - Running: ['***', 'tasks', 'run', 'gen_lxw_fts', 'calculate_fts', 'scheduled__2025-03-07T23:00:00+00:00', '--job-id', '282', '--raw', '--subdir', 'DAGS_FOLDER/gen_lxw_fts.py', '--cfg-path', '/tmp/tmpgnj7eyvc']
[2025-04-28T18:13:05.195+0000] {standard_task_runner.py:88} INFO - Job 282: Subtask calculate_fts
[2025-04-28T18:13:05.271+0000] {task_command.py:423} INFO - Running <TaskInstance: gen_lxw_fts.calculate_fts scheduled__2025-03-07T23:00:00+00:00 [running]> on host 45b38884c639
[2025-04-28T18:13:05.390+0000] {warnings.py:109} WARNING - /home/***/.local/lib/python3.8/site-packages/***/utils/context.py:207: AirflowContextDeprecationWarning: Accessing 'execution_date' from the template is deprecated and will be removed in a future version. Please use 'data_interval_start' or 'logical_date' instead.
  warnings.warn(_create_deprecation_warning(key, self._deprecation_replacements[key]))

[2025-04-28T18:13:05.456+0000] {taskinstance.py:2481} INFO - Exporting env vars: AIRFLOW_CTX_DAG_OWNER='longnv' AIRFLOW_CTX_DAG_ID='gen_lxw_fts' AIRFLOW_CTX_TASK_ID='calculate_fts' AIRFLOW_CTX_EXECUTION_DATE='2025-03-07T23:00:00+00:00' AIRFLOW_CTX_TRY_NUMBER='12' AIRFLOW_CTX_DAG_RUN_ID='scheduled__2025-03-07T23:00:00+00:00'
[2025-04-28T18:13:05.458+0000] {subprocess.py:63} INFO - Tmp dir root location: /tmp
[2025-04-28T18:13:05.459+0000] {subprocess.py:75} INFO - Running command: ['/usr/bin/bash', '-c', '\n        python /opt/***/external_scripts/step_2_calculate_features.py 2025-03-08\n        ']
[2025-04-28T18:13:05.472+0000] {subprocess.py:86} INFO - Output:
[2025-04-28T18:13:05.569+0000] {subprocess.py:93} INFO - Traceback (most recent call last):
[2025-04-28T18:13:05.569+0000] {subprocess.py:93} INFO -   File "/opt/***/external_scripts/step_2_calculate_features.py", line 3, in <module>
[2025-04-28T18:13:05.570+0000] {subprocess.py:93} INFO -     from scripts.utils import init_spark, get_logger
[2025-04-28T18:13:05.570+0000] {subprocess.py:93} INFO - ModuleNotFoundError: No module named 'scripts.utils'
[2025-04-28T18:13:05.573+0000] {subprocess.py:97} INFO - Command exited with return code 1
[2025-04-28T18:13:05.593+0000] {taskinstance.py:2699} ERROR - Task failed with exception
Traceback (most recent call last):
  File "/home/airflow/.local/lib/python3.8/site-packages/airflow/models/taskinstance.py", line 433, in _execute_task
    result = execute_callable(context=context, **execute_callable_kwargs)
  File "/home/airflow/.local/lib/python3.8/site-packages/airflow/operators/bash.py", line 212, in execute
    raise AirflowException(
airflow.exceptions.AirflowException: Bash command failed. The command returned a non-zero exit code 1.
[2025-04-28T18:13:05.623+0000] {taskinstance.py:1138} INFO - Marking task as UP_FOR_RETRY. dag_id=gen_lxw_fts, task_id=calculate_fts, execution_date=20250307T230000, start_date=20250428T181305, end_date=20250428T181305
[2025-04-28T18:13:05.657+0000] {standard_task_runner.py:107} ERROR - Failed to execute job 282 for task calculate_fts (Bash command failed. The command returned a non-zero exit code 1.; 8435)
[2025-04-28T18:13:05.701+0000] {local_task_job_runner.py:234} INFO - Task exited with return code 1
[2025-04-28T18:13:05.738+0000] {taskinstance.py:3281} INFO - 0 downstream tasks scheduled from follow-on schedule check
