[2025-04-02T18:23:43.267+0000] {taskinstance.py:1957} INFO - Dependencies all met for dep_context=non-requeueable deps ti=<TaskInstance: gen_lxw_fts.calculate_fts scheduled__2025-03-07T23:00:00+00:00 [queued]>
[2025-04-02T18:23:43.281+0000] {taskinstance.py:1957} INFO - Dependencies all met for dep_context=requeueable deps ti=<TaskInstance: gen_lxw_fts.calculate_fts scheduled__2025-03-07T23:00:00+00:00 [queued]>
[2025-04-02T18:23:43.281+0000] {taskinstance.py:2171} INFO - Starting attempt 3 of 4
[2025-04-02T18:23:43.304+0000] {taskinstance.py:2192} INFO - Executing <Task(BashOperator): calculate_fts> on 2025-03-07 23:00:00+00:00
[2025-04-02T18:23:43.312+0000] {standard_task_runner.py:60} INFO - Started process 8918 to run task
[2025-04-02T18:23:43.316+0000] {standard_task_runner.py:87} INFO - Running: ['***', 'tasks', 'run', 'gen_lxw_fts', 'calculate_fts', 'scheduled__2025-03-07T23:00:00+00:00', '--job-id', '77', '--raw', '--subdir', 'DAGS_FOLDER/gen_lxw_fts.py', '--cfg-path', '/tmp/tmp6vlgkcu7']
[2025-04-02T18:23:43.318+0000] {standard_task_runner.py:88} INFO - Job 77: Subtask calculate_fts
[2025-04-02T18:23:43.387+0000] {task_command.py:423} INFO - Running <TaskInstance: gen_lxw_fts.calculate_fts scheduled__2025-03-07T23:00:00+00:00 [running]> on host 4a8602fc40fd
[2025-04-02T18:23:43.480+0000] {warnings.py:109} WARNING - /home/***/.local/lib/python3.8/site-packages/***/utils/context.py:207: AirflowContextDeprecationWarning: Accessing 'execution_date' from the template is deprecated and will be removed in a future version. Please use 'data_interval_start' or 'logical_date' instead.
  warnings.warn(_create_deprecation_warning(key, self._deprecation_replacements[key]))

[2025-04-02T18:23:43.528+0000] {taskinstance.py:2481} INFO - Exporting env vars: AIRFLOW_CTX_DAG_OWNER='longnv' AIRFLOW_CTX_DAG_ID='gen_lxw_fts' AIRFLOW_CTX_TASK_ID='calculate_fts' AIRFLOW_CTX_EXECUTION_DATE='2025-03-07T23:00:00+00:00' AIRFLOW_CTX_TRY_NUMBER='3' AIRFLOW_CTX_DAG_RUN_ID='scheduled__2025-03-07T23:00:00+00:00'
[2025-04-02T18:23:43.529+0000] {subprocess.py:63} INFO - Tmp dir root location: /tmp
[2025-04-02T18:23:43.530+0000] {subprocess.py:75} INFO - Running command: ['/usr/bin/bash', '-c', '\n        python /opt/***/external_scripts/2_calculate_features.py 2025-03-08\n        ']
[2025-04-02T18:23:43.547+0000] {subprocess.py:86} INFO - Output:
[2025-04-02T18:23:56.812+0000] {subprocess.py:93} INFO - :: loading settings :: url = jar:file:/opt/spark/jars/ivy-2.5.1.jar!/org/apache/ivy/core/settings/ivysettings.xml
[2025-04-02T18:23:57.072+0000] {subprocess.py:93} INFO - Ivy Default Cache set to: /home/***/.ivy2/cache
[2025-04-02T18:23:57.072+0000] {subprocess.py:93} INFO - The jars for the packages stored in: /home/***/.ivy2/jars
[2025-04-02T18:23:57.079+0000] {subprocess.py:93} INFO - org.apache.spark#spark-sql-kafka-0-10_2.12 added as a dependency
[2025-04-02T18:23:57.080+0000] {subprocess.py:93} INFO - io.delta#delta-core_2.12 added as a dependency
[2025-04-02T18:23:57.080+0000] {subprocess.py:93} INFO - org.apache.hadoop#hadoop-aws added as a dependency
[2025-04-02T18:23:57.080+0000] {subprocess.py:93} INFO - com.amazonaws#aws-java-sdk-bundle added as a dependency
[2025-04-02T18:23:57.080+0000] {subprocess.py:93} INFO - org.postgresql#postgresql added as a dependency
[2025-04-02T18:23:57.080+0000] {subprocess.py:93} INFO - :: resolving dependencies :: org.apache.spark#spark-submit-parent-bb48f006-2575-4360-841d-5c507673e13e;1.0
[2025-04-02T18:23:57.080+0000] {subprocess.py:93} INFO - 	confs: [default]
[2025-04-02T18:23:57.471+0000] {subprocess.py:93} INFO - 	found org.apache.spark#spark-sql-kafka-0-10_2.12;3.4.1 in central
[2025-04-02T18:23:57.602+0000] {subprocess.py:93} INFO - 	found org.apache.spark#spark-token-provider-kafka-0-10_2.12;3.4.1 in central
[2025-04-02T18:23:57.680+0000] {subprocess.py:93} INFO - 	found org.apache.kafka#kafka-clients;3.3.2 in central
[2025-04-02T18:23:57.724+0000] {subprocess.py:93} INFO - 	found org.lz4#lz4-java;1.8.0 in central
[2025-04-02T18:23:57.755+0000] {subprocess.py:93} INFO - 	found org.xerial.snappy#snappy-java;1.1.10.1 in central
[2025-04-02T18:23:57.791+0000] {subprocess.py:93} INFO - 	found org.slf4j#slf4j-api;2.0.6 in central
[2025-04-02T18:23:57.848+0000] {subprocess.py:93} INFO - 	found org.apache.hadoop#hadoop-client-runtime;3.3.4 in central
[2025-04-02T18:23:57.951+0000] {subprocess.py:93} INFO - 	found org.apache.hadoop#hadoop-client-api;3.3.4 in central
[2025-04-02T18:23:58.052+0000] {subprocess.py:93} INFO - 	found commons-logging#commons-logging;1.1.3 in central
[2025-04-02T18:23:58.091+0000] {subprocess.py:93} INFO - 	found com.google.code.findbugs#jsr305;3.0.0 in central
[2025-04-02T18:23:58.158+0000] {subprocess.py:93} INFO - 	found org.apache.commons#commons-pool2;2.11.1 in central
[2025-04-02T18:23:58.192+0000] {subprocess.py:93} INFO - 	found io.delta#delta-core_2.12;2.4.0 in central
[2025-04-02T18:23:58.216+0000] {subprocess.py:93} INFO - 	found io.delta#delta-storage;2.4.0 in central
[2025-04-02T18:23:58.252+0000] {subprocess.py:93} INFO - 	found org.antlr#antlr4-runtime;4.9.3 in central
[2025-04-02T18:23:58.307+0000] {subprocess.py:93} INFO - 	found org.apache.hadoop#hadoop-aws;3.3.2 in central
[2025-04-02T18:23:58.353+0000] {subprocess.py:93} INFO - 	found org.wildfly.openssl#wildfly-openssl;1.0.7.Final in central
[2025-04-02T18:23:58.370+0000] {subprocess.py:93} INFO - 	found com.amazonaws#aws-java-sdk-bundle;1.12.261 in central
[2025-04-02T18:23:58.384+0000] {subprocess.py:93} INFO - 	found org.postgresql#postgresql;42.5.1 in central
[2025-04-02T18:23:58.402+0000] {subprocess.py:93} INFO - 	found org.checkerframework#checker-qual;3.5.0 in central
[2025-04-02T18:23:58.446+0000] {subprocess.py:93} INFO - :: resolution report :: resolve 1334ms :: artifacts dl 33ms
[2025-04-02T18:23:58.446+0000] {subprocess.py:93} INFO - 	:: modules in use:
[2025-04-02T18:23:58.446+0000] {subprocess.py:93} INFO - 	com.amazonaws#aws-java-sdk-bundle;1.12.261 from central in [default]
[2025-04-02T18:23:58.446+0000] {subprocess.py:93} INFO - 	com.google.code.findbugs#jsr305;3.0.0 from central in [default]
[2025-04-02T18:23:58.447+0000] {subprocess.py:93} INFO - 	commons-logging#commons-logging;1.1.3 from central in [default]
[2025-04-02T18:23:58.447+0000] {subprocess.py:93} INFO - 	io.delta#delta-core_2.12;2.4.0 from central in [default]
[2025-04-02T18:23:58.447+0000] {subprocess.py:93} INFO - 	io.delta#delta-storage;2.4.0 from central in [default]
[2025-04-02T18:23:58.447+0000] {subprocess.py:93} INFO - 	org.antlr#antlr4-runtime;4.9.3 from central in [default]
[2025-04-02T18:23:58.447+0000] {subprocess.py:93} INFO - 	org.apache.commons#commons-pool2;2.11.1 from central in [default]
[2025-04-02T18:23:58.447+0000] {subprocess.py:93} INFO - 	org.apache.hadoop#hadoop-aws;3.3.2 from central in [default]
[2025-04-02T18:23:58.447+0000] {subprocess.py:93} INFO - 	org.apache.hadoop#hadoop-client-api;3.3.4 from central in [default]
[2025-04-02T18:23:58.447+0000] {subprocess.py:93} INFO - 	org.apache.hadoop#hadoop-client-runtime;3.3.4 from central in [default]
[2025-04-02T18:23:58.447+0000] {subprocess.py:93} INFO - 	org.apache.kafka#kafka-clients;3.3.2 from central in [default]
[2025-04-02T18:23:58.448+0000] {subprocess.py:93} INFO - 	org.apache.spark#spark-sql-kafka-0-10_2.12;3.4.1 from central in [default]
[2025-04-02T18:23:58.448+0000] {subprocess.py:93} INFO - 	org.apache.spark#spark-token-provider-kafka-0-10_2.12;3.4.1 from central in [default]
[2025-04-02T18:23:58.448+0000] {subprocess.py:93} INFO - 	org.checkerframework#checker-qual;3.5.0 from central in [default]
[2025-04-02T18:23:58.448+0000] {subprocess.py:93} INFO - 	org.lz4#lz4-java;1.8.0 from central in [default]
[2025-04-02T18:23:58.448+0000] {subprocess.py:93} INFO - 	org.postgresql#postgresql;42.5.1 from central in [default]
[2025-04-02T18:23:58.448+0000] {subprocess.py:93} INFO - 	org.slf4j#slf4j-api;2.0.6 from central in [default]
[2025-04-02T18:23:58.448+0000] {subprocess.py:93} INFO - 	org.wildfly.openssl#wildfly-openssl;1.0.7.Final from central in [default]
[2025-04-02T18:23:58.448+0000] {subprocess.py:93} INFO - 	org.xerial.snappy#snappy-java;1.1.10.1 from central in [default]
[2025-04-02T18:23:58.448+0000] {subprocess.py:93} INFO - 	:: evicted modules:
[2025-04-02T18:23:58.448+0000] {subprocess.py:93} INFO - 	com.amazonaws#aws-java-sdk-bundle;1.11.1026 by [com.amazonaws#aws-java-sdk-bundle;1.12.261] in [default]
[2025-04-02T18:23:58.448+0000] {subprocess.py:93} INFO - 	---------------------------------------------------------------------
[2025-04-02T18:23:58.449+0000] {subprocess.py:93} INFO - 	|                  |            modules            ||   artifacts   |
[2025-04-02T18:23:58.449+0000] {subprocess.py:93} INFO - 	|       conf       | number| search|dwnlded|evicted|| number|dwnlded|
[2025-04-02T18:23:58.449+0000] {subprocess.py:93} INFO - 	---------------------------------------------------------------------
[2025-04-02T18:23:58.449+0000] {subprocess.py:93} INFO - 	|      default     |   20  |   0   |   0   |   1   ||   19  |   0   |
[2025-04-02T18:23:58.449+0000] {subprocess.py:93} INFO - 	---------------------------------------------------------------------
[2025-04-02T18:23:58.462+0000] {subprocess.py:93} INFO - :: retrieving :: org.apache.spark#spark-submit-parent-bb48f006-2575-4360-841d-5c507673e13e
[2025-04-02T18:23:58.463+0000] {subprocess.py:93} INFO - 	confs: [default]
[2025-04-02T18:23:58.476+0000] {subprocess.py:93} INFO - 	0 artifacts copied, 19 already retrieved (0kB/14ms)
[2025-04-02T18:23:59.785+0000] {subprocess.py:93} INFO - 25/04/02 18:23:59 WARN NativeCodeLoader: Unable to load native-hadoop library for your platform... using builtin-java classes where applicable
[2025-04-02T18:24:00.595+0000] {subprocess.py:93} INFO - Setting default log level to "WARN".
[2025-04-02T18:24:00.595+0000] {subprocess.py:93} INFO - To adjust logging level use sc.setLogLevel(newLevel). For SparkR, use setLogLevel(newLevel).
[2025-04-02T18:24:25.290+0000] {subprocess.py:93} INFO - 25/04/02 18:24:25 WARN AdminClientConfig: These configurations '[key.deserializer, value.deserializer, enable.auto.commit, max.poll.records, auto.offset.reset]' were supplied but are not used yet.
[2025-04-02T18:24:29.948+0000] {subprocess.py:93} INFO - [Stage 0:>                                                          (0 + 0) / 1][Stage 0:>                                                          (0 + 1) / 1]                                                                                25/04/02 18:24:29 WARN AdminClientConfig: These configurations '[key.deserializer, value.deserializer, enable.auto.commit, max.poll.records, auto.offset.reset]' were supplied but are not used yet.
[2025-04-02T18:24:30.044+0000] {subprocess.py:93} INFO - 25/04/02 18:24:30 WARN AdminClientConfig: These configurations '[key.deserializer, value.deserializer, enable.auto.commit, max.poll.records, auto.offset.reset]' were supplied but are not used yet.
[2025-04-02T18:24:55.594+0000] {subprocess.py:93} INFO - [Stage 1:>                  (0 + 1) / 1][Stage 2:>                  (0 + 1) / 1][Stage 1:>                                                          (0 + 1) / 1][Stage 4:>                                                          (0 + 1) / 1]                                                                                25/04/02 18:24:55 WARN AdminClientConfig: These configurations '[key.deserializer, value.deserializer, enable.auto.commit, max.poll.records, auto.offset.reset]' were supplied but are not used yet.
[2025-04-02T18:24:55.789+0000] {subprocess.py:93} INFO - 25/04/02 18:24:55 WARN AdminClientConfig: These configurations '[key.deserializer, value.deserializer, enable.auto.commit, max.poll.records, auto.offset.reset]' were supplied but are not used yet.
[2025-04-02T18:25:06.302+0000] {local_task_job_runner.py:302} WARNING - State of this instance has been externally set to failed. Terminating instance.
[2025-04-02T18:25:06.304+0000] {process_utils.py:131} INFO - Sending 15 to group 8918. PIDs of all processes in the group: [8919, 8920, 8928, 8918]
[2025-04-02T18:25:06.305+0000] {process_utils.py:86} INFO - Sending the signal 15 to group 8918
[2025-04-02T18:25:06.305+0000] {taskinstance.py:2451} ERROR - Received SIGTERM. Terminating subprocesses.
[2025-04-02T18:25:06.306+0000] {subprocess.py:104} INFO - Sending SIGTERM signal to process group
[2025-04-02T18:25:06.375+0000] {process_utils.py:79} INFO - Process psutil.Process(pid=8920, status='terminated', started='18:23:42') (8920) terminated with exit code None
[2025-04-02T18:25:06.449+0000] {process_utils.py:79} INFO - Process psutil.Process(pid=8918, status='terminated', exitcode=0, started='18:23:42') (8918) terminated with exit code 0
[2025-04-02T18:25:06.732+0000] {process_utils.py:79} INFO - Process psutil.Process(pid=8919, status='terminated', started='18:23:42') (8919) terminated with exit code None
[2025-04-02T18:25:08.572+0000] {process_utils.py:79} INFO - Process psutil.Process(pid=8928, status='terminated', started='18:23:45') (8928) terminated with exit code None
