[2025-04-22T17:03:27.987+0000] {taskinstance.py:1957} INFO - Dependencies all met for dep_context=non-requeueable deps ti=<TaskInstance: gen_lxw_fts.calculate_fts scheduled__2025-03-10T23:00:00+00:00 [queued]>
[2025-04-22T17:03:28.016+0000] {taskinstance.py:1957} INFO - Dependencies all met for dep_context=requeueable deps ti=<TaskInstance: gen_lxw_fts.calculate_fts scheduled__2025-03-10T23:00:00+00:00 [queued]>
[2025-04-22T17:03:28.016+0000] {taskinstance.py:2171} INFO - Starting attempt 4 of 5
[2025-04-22T17:03:28.042+0000] {taskinstance.py:2192} INFO - Executing <Task(BashOperator): calculate_fts> on 2025-03-10 23:00:00+00:00
[2025-04-22T17:03:28.049+0000] {standard_task_runner.py:60} INFO - Started process 1525 to run task
[2025-04-22T17:03:28.052+0000] {standard_task_runner.py:87} INFO - Running: ['***', 'tasks', 'run', 'gen_lxw_fts', 'calculate_fts', 'scheduled__2025-03-10T23:00:00+00:00', '--job-id', '121', '--raw', '--subdir', 'DAGS_FOLDER/gen_lxw_fts.py', '--cfg-path', '/tmp/tmps_llf_a4']
[2025-04-22T17:03:28.053+0000] {standard_task_runner.py:88} INFO - Job 121: Subtask calculate_fts
[2025-04-22T17:03:28.116+0000] {task_command.py:423} INFO - Running <TaskInstance: gen_lxw_fts.calculate_fts scheduled__2025-03-10T23:00:00+00:00 [running]> on host 45b38884c639
[2025-04-22T17:03:28.209+0000] {warnings.py:109} WARNING - /home/***/.local/lib/python3.8/site-packages/***/utils/context.py:207: AirflowContextDeprecationWarning: Accessing 'execution_date' from the template is deprecated and will be removed in a future version. Please use 'data_interval_start' or 'logical_date' instead.
  warnings.warn(_create_deprecation_warning(key, self._deprecation_replacements[key]))

[2025-04-22T17:03:28.253+0000] {taskinstance.py:2481} INFO - Exporting env vars: AIRFLOW_CTX_DAG_OWNER='longnv' AIRFLOW_CTX_DAG_ID='gen_lxw_fts' AIRFLOW_CTX_TASK_ID='calculate_fts' AIRFLOW_CTX_EXECUTION_DATE='2025-03-10T23:00:00+00:00' AIRFLOW_CTX_TRY_NUMBER='4' AIRFLOW_CTX_DAG_RUN_ID='scheduled__2025-03-10T23:00:00+00:00'
[2025-04-22T17:03:28.254+0000] {subprocess.py:63} INFO - Tmp dir root location: /tmp
[2025-04-22T17:03:28.255+0000] {subprocess.py:75} INFO - Running command: ['/usr/bin/bash', '-c', '\n        python /opt/***/external_scripts/2_calculate_features.py 2025-03-11\n        ']
[2025-04-22T17:03:28.268+0000] {subprocess.py:86} INFO - Output:
[2025-04-22T17:03:39.425+0000] {subprocess.py:93} INFO - :: loading settings :: url = jar:file:/opt/spark/jars/ivy-2.5.1.jar!/org/apache/ivy/core/settings/ivysettings.xml
[2025-04-22T17:03:39.658+0000] {subprocess.py:93} INFO - Ivy Default Cache set to: /home/***/.ivy2/cache
[2025-04-22T17:03:39.658+0000] {subprocess.py:93} INFO - The jars for the packages stored in: /home/***/.ivy2/jars
[2025-04-22T17:03:39.671+0000] {subprocess.py:93} INFO - org.apache.spark#spark-sql-kafka-0-10_2.12 added as a dependency
[2025-04-22T17:03:39.672+0000] {subprocess.py:93} INFO - io.delta#delta-core_2.12 added as a dependency
[2025-04-22T17:03:39.672+0000] {subprocess.py:93} INFO - org.apache.hadoop#hadoop-aws added as a dependency
[2025-04-22T17:03:39.672+0000] {subprocess.py:93} INFO - com.amazonaws#aws-java-sdk-bundle added as a dependency
[2025-04-22T17:03:39.672+0000] {subprocess.py:93} INFO - org.postgresql#postgresql added as a dependency
[2025-04-22T17:03:39.673+0000] {subprocess.py:93} INFO - :: resolving dependencies :: org.apache.spark#spark-submit-parent-79db16d0-e24e-4d8d-8f70-ab6989a0feb1;1.0
[2025-04-22T17:03:39.673+0000] {subprocess.py:93} INFO - 	confs: [default]
[2025-04-22T17:03:40.142+0000] {subprocess.py:93} INFO - 	found org.apache.spark#spark-sql-kafka-0-10_2.12;3.4.1 in central
[2025-04-22T17:03:40.248+0000] {subprocess.py:93} INFO - 	found org.apache.spark#spark-token-provider-kafka-0-10_2.12;3.4.1 in central
[2025-04-22T17:03:40.298+0000] {subprocess.py:93} INFO - 	found org.apache.kafka#kafka-clients;3.3.2 in central
[2025-04-22T17:03:40.360+0000] {subprocess.py:93} INFO - 	found org.lz4#lz4-java;1.8.0 in central
[2025-04-22T17:03:40.388+0000] {subprocess.py:93} INFO - 	found org.xerial.snappy#snappy-java;1.1.10.1 in central
[2025-04-22T17:03:40.484+0000] {subprocess.py:93} INFO - 	found org.slf4j#slf4j-api;2.0.6 in central
[2025-04-22T17:03:40.581+0000] {subprocess.py:93} INFO - 	found org.apache.hadoop#hadoop-client-runtime;3.3.4 in central
[2025-04-22T17:03:40.625+0000] {subprocess.py:93} INFO - 	found org.apache.hadoop#hadoop-client-api;3.3.4 in central
[2025-04-22T17:03:40.647+0000] {subprocess.py:93} INFO - 	found commons-logging#commons-logging;1.1.3 in central
[2025-04-22T17:03:40.664+0000] {subprocess.py:93} INFO - 	found com.google.code.findbugs#jsr305;3.0.0 in central
[2025-04-22T17:03:40.684+0000] {subprocess.py:93} INFO - 	found org.apache.commons#commons-pool2;2.11.1 in central
[2025-04-22T17:03:40.705+0000] {subprocess.py:93} INFO - 	found io.delta#delta-core_2.12;2.4.0 in central
[2025-04-22T17:03:40.720+0000] {subprocess.py:93} INFO - 	found io.delta#delta-storage;2.4.0 in central
[2025-04-22T17:03:40.731+0000] {subprocess.py:93} INFO - 	found org.antlr#antlr4-runtime;4.9.3 in central
[2025-04-22T17:03:40.753+0000] {subprocess.py:93} INFO - 	found org.apache.hadoop#hadoop-aws;3.3.2 in central
[2025-04-22T17:03:40.773+0000] {subprocess.py:93} INFO - 	found org.wildfly.openssl#wildfly-openssl;1.0.7.Final in central
[2025-04-22T17:03:40.802+0000] {subprocess.py:93} INFO - 	found com.amazonaws#aws-java-sdk-bundle;1.12.261 in central
[2025-04-22T17:03:40.849+0000] {subprocess.py:93} INFO - 	found org.postgresql#postgresql;42.5.1 in central
[2025-04-22T17:03:40.880+0000] {subprocess.py:93} INFO - 	found org.checkerframework#checker-qual;3.5.0 in central
[2025-04-22T17:03:41.058+0000] {subprocess.py:93} INFO - :: resolution report :: resolve 1267ms :: artifacts dl 120ms
[2025-04-22T17:03:41.059+0000] {subprocess.py:93} INFO - 	:: modules in use:
[2025-04-22T17:03:41.065+0000] {subprocess.py:93} INFO - 	com.amazonaws#aws-java-sdk-bundle;1.12.261 from central in [default]
[2025-04-22T17:03:41.070+0000] {subprocess.py:93} INFO - 	com.google.code.findbugs#jsr305;3.0.0 from central in [default]
[2025-04-22T17:03:41.077+0000] {subprocess.py:93} INFO - 	commons-logging#commons-logging;1.1.3 from central in [default]
[2025-04-22T17:03:41.081+0000] {subprocess.py:93} INFO - 	io.delta#delta-core_2.12;2.4.0 from central in [default]
[2025-04-22T17:03:41.082+0000] {subprocess.py:93} INFO - 	io.delta#delta-storage;2.4.0 from central in [default]
[2025-04-22T17:03:41.083+0000] {subprocess.py:93} INFO - 	org.antlr#antlr4-runtime;4.9.3 from central in [default]
[2025-04-22T17:03:41.083+0000] {subprocess.py:93} INFO - 	org.apache.commons#commons-pool2;2.11.1 from central in [default]
[2025-04-22T17:03:41.083+0000] {subprocess.py:93} INFO - 	org.apache.hadoop#hadoop-aws;3.3.2 from central in [default]
[2025-04-22T17:03:41.083+0000] {subprocess.py:93} INFO - 	org.apache.hadoop#hadoop-client-api;3.3.4 from central in [default]
[2025-04-22T17:03:41.083+0000] {subprocess.py:93} INFO - 	org.apache.hadoop#hadoop-client-runtime;3.3.4 from central in [default]
[2025-04-22T17:03:41.083+0000] {subprocess.py:93} INFO - 	org.apache.kafka#kafka-clients;3.3.2 from central in [default]
[2025-04-22T17:03:41.093+0000] {subprocess.py:93} INFO - 	org.apache.spark#spark-sql-kafka-0-10_2.12;3.4.1 from central in [default]
[2025-04-22T17:03:41.094+0000] {subprocess.py:93} INFO - 	org.apache.spark#spark-token-provider-kafka-0-10_2.12;3.4.1 from central in [default]
[2025-04-22T17:03:41.096+0000] {subprocess.py:93} INFO - 	org.checkerframework#checker-qual;3.5.0 from central in [default]
[2025-04-22T17:03:41.099+0000] {subprocess.py:93} INFO - 	org.lz4#lz4-java;1.8.0 from central in [default]
[2025-04-22T17:03:41.102+0000] {subprocess.py:93} INFO - 	org.postgresql#postgresql;42.5.1 from central in [default]
[2025-04-22T17:03:41.103+0000] {subprocess.py:93} INFO - 	org.slf4j#slf4j-api;2.0.6 from central in [default]
[2025-04-22T17:03:41.103+0000] {subprocess.py:93} INFO - 	org.wildfly.openssl#wildfly-openssl;1.0.7.Final from central in [default]
[2025-04-22T17:03:41.105+0000] {subprocess.py:93} INFO - 	org.xerial.snappy#snappy-java;1.1.10.1 from central in [default]
[2025-04-22T17:03:41.106+0000] {subprocess.py:93} INFO - 	:: evicted modules:
[2025-04-22T17:03:41.107+0000] {subprocess.py:93} INFO - 	com.amazonaws#aws-java-sdk-bundle;1.11.1026 by [com.amazonaws#aws-java-sdk-bundle;1.12.261] in [default]
[2025-04-22T17:03:41.112+0000] {subprocess.py:93} INFO - 	---------------------------------------------------------------------
[2025-04-22T17:03:41.114+0000] {subprocess.py:93} INFO - 	|                  |            modules            ||   artifacts   |
[2025-04-22T17:03:41.117+0000] {subprocess.py:93} INFO - 	|       conf       | number| search|dwnlded|evicted|| number|dwnlded|
[2025-04-22T17:03:41.117+0000] {subprocess.py:93} INFO - 	---------------------------------------------------------------------
[2025-04-22T17:03:41.118+0000] {subprocess.py:93} INFO - 	|      default     |   20  |   0   |   0   |   1   ||   19  |   0   |
[2025-04-22T17:03:41.118+0000] {subprocess.py:93} INFO - 	---------------------------------------------------------------------
[2025-04-22T17:03:41.118+0000] {subprocess.py:93} INFO - :: retrieving :: org.apache.spark#spark-submit-parent-79db16d0-e24e-4d8d-8f70-ab6989a0feb1
[2025-04-22T17:03:41.118+0000] {subprocess.py:93} INFO - 	confs: [default]
[2025-04-22T17:03:41.122+0000] {subprocess.py:93} INFO - 	0 artifacts copied, 19 already retrieved (0kB/41ms)
[2025-04-22T17:03:42.008+0000] {subprocess.py:93} INFO - 25/04/22 17:03:42 WARN NativeCodeLoader: Unable to load native-hadoop library for your platform... using builtin-java classes where applicable
[2025-04-22T17:03:42.546+0000] {subprocess.py:93} INFO - Setting default log level to "WARN".
[2025-04-22T17:03:42.547+0000] {subprocess.py:93} INFO - To adjust logging level use sc.setLogLevel(newLevel). For SparkR, use setLogLevel(newLevel).
[2025-04-22T17:03:54.532+0000] {local_task_job_runner.py:302} WARNING - State of this instance has been externally set to failed. Terminating instance.
[2025-04-22T17:03:54.606+0000] {process_utils.py:131} INFO - Sending 15 to group 1525. PIDs of all processes in the group: [1526, 1527, 1535, 1525]
[2025-04-22T17:03:54.609+0000] {process_utils.py:86} INFO - Sending the signal 15 to group 1525
[2025-04-22T17:03:54.611+0000] {taskinstance.py:2451} ERROR - Received SIGTERM. Terminating subprocesses.
[2025-04-22T17:03:54.612+0000] {subprocess.py:104} INFO - Sending SIGTERM signal to process group
[2025-04-22T17:03:54.816+0000] {process_utils.py:79} INFO - Process psutil.Process(pid=1525, status='terminated', exitcode=0, started='17:03:27') (1525) terminated with exit code 0
[2025-04-22T17:03:55.100+0000] {process_utils.py:79} INFO - Process psutil.Process(pid=1526, status='terminated', started='17:03:27') (1526) terminated with exit code None
[2025-04-22T17:03:55.101+0000] {process_utils.py:79} INFO - Process psutil.Process(pid=1527, status='terminated', started='17:03:27') (1527) terminated with exit code None
[2025-04-22T17:03:56.035+0000] {process_utils.py:79} INFO - Process psutil.Process(pid=1535, status='terminated', started='17:03:30') (1535) terminated with exit code None
