[2025-04-01T18:15:56.225+0000] {taskinstance.py:1957} INFO - Dependencies all met for dep_context=non-requeueable deps ti=<TaskInstance: gen_lxw_fts.calculate_fts scheduled__2025-03-09T23:00:00+00:00 [queued]>
[2025-04-01T18:15:56.254+0000] {taskinstance.py:1957} INFO - Dependencies all met for dep_context=requeueable deps ti=<TaskInstance: gen_lxw_fts.calculate_fts scheduled__2025-03-09T23:00:00+00:00 [queued]>
[2025-04-01T18:15:56.254+0000] {taskinstance.py:2171} INFO - Starting attempt 1 of 2
[2025-04-01T18:15:56.310+0000] {taskinstance.py:2192} INFO - Executing <Task(BashOperator): calculate_fts> on 2025-03-09 23:00:00+00:00
[2025-04-01T18:15:56.333+0000] {standard_task_runner.py:60} INFO - Started process 1952 to run task
[2025-04-01T18:15:56.346+0000] {standard_task_runner.py:87} INFO - Running: ['***', 'tasks', 'run', 'gen_lxw_fts', 'calculate_fts', 'scheduled__2025-03-09T23:00:00+00:00', '--job-id', '40', '--raw', '--subdir', 'DAGS_FOLDER/gen_lxw_fts.py', '--cfg-path', '/tmp/tmpp1crslim']
[2025-04-01T18:15:56.350+0000] {standard_task_runner.py:88} INFO - Job 40: Subtask calculate_fts
[2025-04-01T18:15:56.459+0000] {task_command.py:423} INFO - Running <TaskInstance: gen_lxw_fts.calculate_fts scheduled__2025-03-09T23:00:00+00:00 [running]> on host 0b0a92439eeb
[2025-04-01T18:15:56.547+0000] {warnings.py:109} WARNING - /home/***/.local/lib/python3.8/site-packages/***/utils/context.py:207: AirflowContextDeprecationWarning: Accessing 'execution_date' from the template is deprecated and will be removed in a future version. Please use 'data_interval_start' or 'logical_date' instead.
  warnings.warn(_create_deprecation_warning(key, self._deprecation_replacements[key]))

[2025-04-01T18:15:56.603+0000] {taskinstance.py:2481} INFO - Exporting env vars: AIRFLOW_CTX_DAG_OWNER='longnv' AIRFLOW_CTX_DAG_ID='gen_lxw_fts' AIRFLOW_CTX_TASK_ID='calculate_fts' AIRFLOW_CTX_EXECUTION_DATE='2025-03-09T23:00:00+00:00' AIRFLOW_CTX_TRY_NUMBER='1' AIRFLOW_CTX_DAG_RUN_ID='scheduled__2025-03-09T23:00:00+00:00'
[2025-04-01T18:15:56.605+0000] {subprocess.py:63} INFO - Tmp dir root location: /tmp
[2025-04-01T18:15:56.606+0000] {subprocess.py:75} INFO - Running command: ['/usr/bin/bash', '-c', '\n        python /opt/***/external_scripts/2_calculate_features.py 2025-03-10\n        ']
[2025-04-01T18:15:56.627+0000] {subprocess.py:86} INFO - Output:
[2025-04-01T18:16:05.380+0000] {subprocess.py:93} INFO - :: loading settings :: url = jar:file:/opt/spark/jars/ivy-2.5.1.jar!/org/apache/ivy/core/settings/ivysettings.xml
[2025-04-01T18:16:05.718+0000] {subprocess.py:93} INFO - Ivy Default Cache set to: /home/***/.ivy2/cache
[2025-04-01T18:16:05.721+0000] {subprocess.py:93} INFO - The jars for the packages stored in: /home/***/.ivy2/jars
[2025-04-01T18:16:05.743+0000] {subprocess.py:93} INFO - org.apache.spark#spark-sql-kafka-0-10_2.12 added as a dependency
[2025-04-01T18:16:05.744+0000] {subprocess.py:93} INFO - io.delta#delta-core_2.12 added as a dependency
[2025-04-01T18:16:05.745+0000] {subprocess.py:93} INFO - org.apache.hadoop#hadoop-aws added as a dependency
[2025-04-01T18:16:05.745+0000] {subprocess.py:93} INFO - com.amazonaws#aws-java-sdk-bundle added as a dependency
[2025-04-01T18:16:05.745+0000] {subprocess.py:93} INFO - org.postgresql#postgresql added as a dependency
[2025-04-01T18:16:05.755+0000] {subprocess.py:93} INFO - :: resolving dependencies :: org.apache.spark#spark-submit-parent-493bf9dc-3214-4ee0-9ff3-03addf14cad3;1.0
[2025-04-01T18:16:05.759+0000] {subprocess.py:93} INFO - 	confs: [default]
[2025-04-01T18:16:06.211+0000] {subprocess.py:93} INFO - 	found org.apache.spark#spark-sql-kafka-0-10_2.12;3.4.1 in central
[2025-04-01T18:16:06.367+0000] {subprocess.py:93} INFO - 	found org.apache.spark#spark-token-provider-kafka-0-10_2.12;3.4.1 in central
[2025-04-01T18:16:06.424+0000] {subprocess.py:93} INFO - 	found org.apache.kafka#kafka-clients;3.3.2 in central
[2025-04-01T18:16:06.462+0000] {subprocess.py:93} INFO - 	found org.lz4#lz4-java;1.8.0 in central
[2025-04-01T18:16:06.499+0000] {subprocess.py:93} INFO - 	found org.xerial.snappy#snappy-java;1.1.10.1 in central
[2025-04-01T18:16:06.542+0000] {subprocess.py:93} INFO - 	found org.slf4j#slf4j-api;2.0.6 in central
[2025-04-01T18:16:06.656+0000] {subprocess.py:93} INFO - 	found org.apache.hadoop#hadoop-client-runtime;3.3.4 in central
[2025-04-01T18:16:06.723+0000] {subprocess.py:93} INFO - 	found org.apache.hadoop#hadoop-client-api;3.3.4 in central
[2025-04-01T18:16:06.769+0000] {subprocess.py:93} INFO - 	found commons-logging#commons-logging;1.1.3 in central
[2025-04-01T18:16:06.810+0000] {subprocess.py:93} INFO - 	found com.google.code.findbugs#jsr305;3.0.0 in central
[2025-04-01T18:16:06.839+0000] {subprocess.py:93} INFO - 	found org.apache.commons#commons-pool2;2.11.1 in central
[2025-04-01T18:16:06.865+0000] {subprocess.py:93} INFO - 	found io.delta#delta-core_2.12;2.4.0 in central
[2025-04-01T18:16:06.905+0000] {subprocess.py:93} INFO - 	found io.delta#delta-storage;2.4.0 in central
[2025-04-01T18:16:06.932+0000] {subprocess.py:93} INFO - 	found org.antlr#antlr4-runtime;4.9.3 in central
[2025-04-01T18:16:06.988+0000] {subprocess.py:93} INFO - 	found org.apache.hadoop#hadoop-aws;3.3.2 in central
[2025-04-01T18:16:07.019+0000] {subprocess.py:93} INFO - 	found org.wildfly.openssl#wildfly-openssl;1.0.7.Final in central
[2025-04-01T18:16:07.043+0000] {subprocess.py:93} INFO - 	found com.amazonaws#aws-java-sdk-bundle;1.12.261 in central
[2025-04-01T18:16:07.063+0000] {subprocess.py:93} INFO - 	found org.postgresql#postgresql;42.5.1 in central
[2025-04-01T18:16:07.080+0000] {subprocess.py:93} INFO - 	found org.checkerframework#checker-qual;3.5.0 in central
[2025-04-01T18:16:07.122+0000] {subprocess.py:93} INFO - :: resolution report :: resolve 1345ms :: artifacts dl 22ms
[2025-04-01T18:16:07.122+0000] {subprocess.py:93} INFO - 	:: modules in use:
[2025-04-01T18:16:07.122+0000] {subprocess.py:93} INFO - 	com.amazonaws#aws-java-sdk-bundle;1.12.261 from central in [default]
[2025-04-01T18:16:07.123+0000] {subprocess.py:93} INFO - 	com.google.code.findbugs#jsr305;3.0.0 from central in [default]
[2025-04-01T18:16:07.123+0000] {subprocess.py:93} INFO - 	commons-logging#commons-logging;1.1.3 from central in [default]
[2025-04-01T18:16:07.125+0000] {subprocess.py:93} INFO - 	io.delta#delta-core_2.12;2.4.0 from central in [default]
[2025-04-01T18:16:07.126+0000] {subprocess.py:93} INFO - 	io.delta#delta-storage;2.4.0 from central in [default]
[2025-04-01T18:16:07.126+0000] {subprocess.py:93} INFO - 	org.antlr#antlr4-runtime;4.9.3 from central in [default]
[2025-04-01T18:16:07.126+0000] {subprocess.py:93} INFO - 	org.apache.commons#commons-pool2;2.11.1 from central in [default]
[2025-04-01T18:16:07.126+0000] {subprocess.py:93} INFO - 	org.apache.hadoop#hadoop-aws;3.3.2 from central in [default]
[2025-04-01T18:16:07.126+0000] {subprocess.py:93} INFO - 	org.apache.hadoop#hadoop-client-api;3.3.4 from central in [default]
[2025-04-01T18:16:07.126+0000] {subprocess.py:93} INFO - 	org.apache.hadoop#hadoop-client-runtime;3.3.4 from central in [default]
[2025-04-01T18:16:07.126+0000] {subprocess.py:93} INFO - 	org.apache.kafka#kafka-clients;3.3.2 from central in [default]
[2025-04-01T18:16:07.126+0000] {subprocess.py:93} INFO - 	org.apache.spark#spark-sql-kafka-0-10_2.12;3.4.1 from central in [default]
[2025-04-01T18:16:07.126+0000] {subprocess.py:93} INFO - 	org.apache.spark#spark-token-provider-kafka-0-10_2.12;3.4.1 from central in [default]
[2025-04-01T18:16:07.126+0000] {subprocess.py:93} INFO - 	org.checkerframework#checker-qual;3.5.0 from central in [default]
[2025-04-01T18:16:07.126+0000] {subprocess.py:93} INFO - 	org.lz4#lz4-java;1.8.0 from central in [default]
[2025-04-01T18:16:07.127+0000] {subprocess.py:93} INFO - 	org.postgresql#postgresql;42.5.1 from central in [default]
[2025-04-01T18:16:07.127+0000] {subprocess.py:93} INFO - 	org.slf4j#slf4j-api;2.0.6 from central in [default]
[2025-04-01T18:16:07.127+0000] {subprocess.py:93} INFO - 	org.wildfly.openssl#wildfly-openssl;1.0.7.Final from central in [default]
[2025-04-01T18:16:07.127+0000] {subprocess.py:93} INFO - 	org.xerial.snappy#snappy-java;1.1.10.1 from central in [default]
[2025-04-01T18:16:07.129+0000] {subprocess.py:93} INFO - 	:: evicted modules:
[2025-04-01T18:16:07.134+0000] {subprocess.py:93} INFO - 	com.amazonaws#aws-java-sdk-bundle;1.11.1026 by [com.amazonaws#aws-java-sdk-bundle;1.12.261] in [default]
[2025-04-01T18:16:07.134+0000] {subprocess.py:93} INFO - 	---------------------------------------------------------------------
[2025-04-01T18:16:07.143+0000] {subprocess.py:93} INFO - 	|                  |            modules            ||   artifacts   |
[2025-04-01T18:16:07.145+0000] {subprocess.py:93} INFO - 	|       conf       | number| search|dwnlded|evicted|| number|dwnlded|
[2025-04-01T18:16:07.145+0000] {subprocess.py:93} INFO - 	---------------------------------------------------------------------
[2025-04-01T18:16:07.145+0000] {subprocess.py:93} INFO - 	|      default     |   20  |   0   |   0   |   1   ||   19  |   0   |
[2025-04-01T18:16:07.146+0000] {subprocess.py:93} INFO - 	---------------------------------------------------------------------
[2025-04-01T18:16:07.146+0000] {subprocess.py:93} INFO - :: retrieving :: org.apache.spark#spark-submit-parent-493bf9dc-3214-4ee0-9ff3-03addf14cad3
[2025-04-01T18:16:07.146+0000] {subprocess.py:93} INFO - 	confs: [default]
[2025-04-01T18:16:07.155+0000] {subprocess.py:93} INFO - 	0 artifacts copied, 19 already retrieved (0kB/22ms)
[2025-04-01T18:16:07.703+0000] {subprocess.py:93} INFO - 25/04/01 18:16:07 WARN NativeCodeLoader: Unable to load native-hadoop library for your platform... using builtin-java classes where applicable
[2025-04-01T18:16:08.879+0000] {subprocess.py:93} INFO - Setting default log level to "WARN".
[2025-04-01T18:16:08.880+0000] {subprocess.py:93} INFO - To adjust logging level use sc.setLogLevel(newLevel). For SparkR, use setLogLevel(newLevel).
[2025-04-01T18:16:24.101+0000] {subprocess.py:93} INFO - 25/04/01 18:16:24 WARN Executor: Issue communicating with driver in heartbeater
[2025-04-01T18:16:24.110+0000] {subprocess.py:93} INFO - org.apache.spark.SparkException: Exception thrown in awaitResult:
[2025-04-01T18:16:24.110+0000] {subprocess.py:93} INFO - 	at org.apache.spark.util.ThreadUtils$.awaitResult(ThreadUtils.scala:322)
[2025-04-01T18:16:24.111+0000] {subprocess.py:93} INFO - 	at org.apache.spark.rpc.RpcTimeout.awaitResult(RpcTimeout.scala:75)
[2025-04-01T18:16:24.111+0000] {subprocess.py:93} INFO - 	at org.apache.spark.rpc.RpcEndpointRef.askSync(RpcEndpointRef.scala:101)
[2025-04-01T18:16:24.111+0000] {subprocess.py:93} INFO - 	at org.apache.spark.rpc.RpcEndpointRef.askSync(RpcEndpointRef.scala:85)
[2025-04-01T18:16:24.111+0000] {subprocess.py:93} INFO - 	at org.apache.spark.storage.BlockManagerMaster.registerBlockManager(BlockManagerMaster.scala:80)
[2025-04-01T18:16:24.112+0000] {subprocess.py:93} INFO - 	at org.apache.spark.storage.BlockManager.reregister(BlockManager.scala:641)
[2025-04-01T18:16:24.112+0000] {subprocess.py:93} INFO - 	at org.apache.spark.executor.Executor.reportHeartBeat(Executor.scala:1111)
[2025-04-01T18:16:24.113+0000] {subprocess.py:93} INFO - 	at org.apache.spark.executor.Executor.$anonfun$heartbeater$1(Executor.scala:244)
[2025-04-01T18:16:24.113+0000] {subprocess.py:93} INFO - 	at scala.runtime.java8.JFunction0$mcV$sp.apply(JFunction0$mcV$sp.java:23)
[2025-04-01T18:16:24.114+0000] {subprocess.py:93} INFO - 	at org.apache.spark.util.Utils$.logUncaughtExceptions(Utils.scala:2088)
[2025-04-01T18:16:24.114+0000] {subprocess.py:93} INFO - 	at org.apache.spark.Heartbeater$$anon$1.run(Heartbeater.scala:46)
[2025-04-01T18:16:24.114+0000] {subprocess.py:93} INFO - 	at java.base/java.util.concurrent.Executors$RunnableAdapter.call(Executors.java:515)
[2025-04-01T18:16:24.114+0000] {subprocess.py:93} INFO - 	at java.base/java.util.concurrent.FutureTask.runAndReset(FutureTask.java:305)
[2025-04-01T18:16:24.115+0000] {subprocess.py:93} INFO - 	at java.base/java.util.concurrent.ScheduledThreadPoolExecutor$ScheduledFutureTask.run(ScheduledThreadPoolExecutor.java:305)
[2025-04-01T18:16:24.115+0000] {subprocess.py:93} INFO - 	at java.base/java.util.concurrent.ThreadPoolExecutor.runWorker(ThreadPoolExecutor.java:1128)
[2025-04-01T18:16:24.115+0000] {subprocess.py:93} INFO - 	at java.base/java.util.concurrent.ThreadPoolExecutor$Worker.run(ThreadPoolExecutor.java:628)
[2025-04-01T18:16:24.116+0000] {subprocess.py:93} INFO - 	at java.base/java.lang.Thread.run(Thread.java:829)
[2025-04-01T18:16:24.116+0000] {subprocess.py:93} INFO - Caused by: org.apache.spark.SparkException: Exception thrown in awaitResult:
[2025-04-01T18:16:24.116+0000] {subprocess.py:93} INFO - 	at org.apache.spark.util.ThreadUtils$.awaitResult(ThreadUtils.scala:322)
[2025-04-01T18:16:24.116+0000] {subprocess.py:93} INFO - 	at org.apache.spark.rpc.RpcTimeout.awaitResult(RpcTimeout.scala:75)
[2025-04-01T18:16:24.116+0000] {subprocess.py:93} INFO - 	at org.apache.spark.rpc.RpcEnv.setupEndpointRefByURI(RpcEnv.scala:102)
[2025-04-01T18:16:24.116+0000] {subprocess.py:93} INFO - 	at org.apache.spark.rpc.RpcEnv.setupEndpointRef(RpcEnv.scala:110)
[2025-04-01T18:16:24.117+0000] {subprocess.py:93} INFO - 	at org.apache.spark.util.RpcUtils$.makeDriverRef(RpcUtils.scala:36)
[2025-04-01T18:16:24.117+0000] {subprocess.py:93} INFO - 	at org.apache.spark.storage.BlockManagerMasterEndpoint.driverEndpoint$lzycompute(BlockManagerMasterEndpoint.scala:117)
[2025-04-01T18:16:24.117+0000] {subprocess.py:93} INFO - 	at org.apache.spark.storage.BlockManagerMasterEndpoint.org$apache$spark$storage$BlockManagerMasterEndpoint$$driverEndpoint(BlockManagerMasterEndpoint.scala:116)
[2025-04-01T18:16:24.117+0000] {subprocess.py:93} INFO - 	at org.apache.spark.storage.BlockManagerMasterEndpoint.isExecutorAlive$lzycompute$1(BlockManagerMasterEndpoint.scala:611)
[2025-04-01T18:16:24.117+0000] {subprocess.py:93} INFO - 	at org.apache.spark.storage.BlockManagerMasterEndpoint.isExecutorAlive$1(BlockManagerMasterEndpoint.scala:610)
[2025-04-01T18:16:24.117+0000] {subprocess.py:93} INFO - 	at org.apache.spark.storage.BlockManagerMasterEndpoint.org$apache$spark$storage$BlockManagerMasterEndpoint$$register(BlockManagerMasterEndpoint.scala:648)
[2025-04-01T18:16:24.118+0000] {subprocess.py:93} INFO - 	at org.apache.spark.storage.BlockManagerMasterEndpoint$$anonfun$receiveAndReply$1.applyOrElse(BlockManagerMasterEndpoint.scala:123)
[2025-04-01T18:16:24.118+0000] {subprocess.py:93} INFO - 	at org.apache.spark.rpc.netty.Inbox.$anonfun$process$1(Inbox.scala:103)
[2025-04-01T18:16:24.118+0000] {subprocess.py:93} INFO - 	at org.apache.spark.rpc.netty.Inbox.safelyCall(Inbox.scala:213)
[2025-04-01T18:16:24.118+0000] {subprocess.py:93} INFO - 	at org.apache.spark.rpc.netty.Inbox.process(Inbox.scala:100)
[2025-04-01T18:16:24.118+0000] {subprocess.py:93} INFO - 	at org.apache.spark.rpc.netty.MessageLoop.org$apache$spark$rpc$netty$MessageLoop$$receiveLoop(MessageLoop.scala:75)
[2025-04-01T18:16:24.118+0000] {subprocess.py:93} INFO - 	at org.apache.spark.rpc.netty.MessageLoop$$anon$1.run(MessageLoop.scala:41)
[2025-04-01T18:16:24.118+0000] {subprocess.py:93} INFO - 	... 3 more
[2025-04-01T18:16:24.118+0000] {subprocess.py:93} INFO - Caused by: org.apache.spark.rpc.RpcEndpointNotFoundException: Cannot find endpoint: spark://CoarseGrainedScheduler@0b0a92439eeb:42121
[2025-04-01T18:16:24.118+0000] {subprocess.py:93} INFO - 	at org.apache.spark.rpc.netty.NettyRpcEnv.$anonfun$asyncSetupEndpointRefByURI$1(NettyRpcEnv.scala:148)
[2025-04-01T18:16:24.118+0000] {subprocess.py:93} INFO - 	at org.apache.spark.rpc.netty.NettyRpcEnv.$anonfun$asyncSetupEndpointRefByURI$1$adapted(NettyRpcEnv.scala:144)
[2025-04-01T18:16:24.118+0000] {subprocess.py:93} INFO - 	at scala.concurrent.Future.$anonfun$flatMap$1(Future.scala:307)
[2025-04-01T18:16:24.119+0000] {subprocess.py:93} INFO - 	at scala.concurrent.impl.Promise.$anonfun$transformWith$1(Promise.scala:41)
[2025-04-01T18:16:24.119+0000] {subprocess.py:93} INFO - 	at scala.concurrent.impl.CallbackRunnable.run(Promise.scala:64)
[2025-04-01T18:16:24.119+0000] {subprocess.py:93} INFO - 	at org.apache.spark.util.ThreadUtils$$anon$1.execute(ThreadUtils.scala:99)
[2025-04-01T18:16:24.119+0000] {subprocess.py:93} INFO - 	at scala.concurrent.impl.ExecutionContextImpl$$anon$4.execute(ExecutionContextImpl.scala:138)
[2025-04-01T18:16:24.119+0000] {subprocess.py:93} INFO - 	at scala.concurrent.impl.CallbackRunnable.executeWithValue(Promise.scala:72)
[2025-04-01T18:16:24.119+0000] {subprocess.py:93} INFO - 	at scala.concurrent.impl.Promise$DefaultPromise.$anonfun$tryComplete$1(Promise.scala:288)
[2025-04-01T18:16:24.119+0000] {subprocess.py:93} INFO - 	at scala.concurrent.impl.Promise$DefaultPromise.$anonfun$tryComplete$1$adapted(Promise.scala:288)
[2025-04-01T18:16:24.119+0000] {subprocess.py:93} INFO - 	at scala.concurrent.impl.Promise$DefaultPromise.tryComplete(Promise.scala:288)
[2025-04-01T18:16:24.119+0000] {subprocess.py:93} INFO - 	at scala.concurrent.Promise.complete(Promise.scala:53)
[2025-04-01T18:16:24.120+0000] {subprocess.py:93} INFO - 	at scala.concurrent.Promise.complete$(Promise.scala:52)
[2025-04-01T18:16:24.120+0000] {subprocess.py:93} INFO - 	at scala.concurrent.impl.Promise$DefaultPromise.complete(Promise.scala:187)
[2025-04-01T18:16:24.120+0000] {subprocess.py:93} INFO - 	at scala.concurrent.impl.Promise.$anonfun$transform$1(Promise.scala:33)
[2025-04-01T18:16:24.120+0000] {subprocess.py:93} INFO - 	at scala.concurrent.impl.CallbackRunnable.run(Promise.scala:64)
[2025-04-01T18:16:24.120+0000] {subprocess.py:93} INFO - 	at org.apache.spark.util.ThreadUtils$$anon$1.execute(ThreadUtils.scala:99)
[2025-04-01T18:16:24.120+0000] {subprocess.py:93} INFO - 	at scala.concurrent.impl.ExecutionContextImpl$$anon$4.execute(ExecutionContextImpl.scala:138)
[2025-04-01T18:16:24.120+0000] {subprocess.py:93} INFO - 	at scala.concurrent.impl.CallbackRunnable.executeWithValue(Promise.scala:72)
[2025-04-01T18:16:24.120+0000] {subprocess.py:93} INFO - 	at scala.concurrent.impl.Promise$DefaultPromise.$anonfun$tryComplete$1(Promise.scala:288)
[2025-04-01T18:16:24.120+0000] {subprocess.py:93} INFO - 	at scala.concurrent.impl.Promise$DefaultPromise.$anonfun$tryComplete$1$adapted(Promise.scala:288)
[2025-04-01T18:16:24.120+0000] {subprocess.py:93} INFO - 	at scala.concurrent.impl.Promise$DefaultPromise.tryComplete(Promise.scala:288)
[2025-04-01T18:16:24.121+0000] {subprocess.py:93} INFO - 	at scala.concurrent.Promise.complete(Promise.scala:53)
[2025-04-01T18:16:24.121+0000] {subprocess.py:93} INFO - 	at scala.concurrent.Promise.complete$(Promise.scala:52)
[2025-04-01T18:16:24.121+0000] {subprocess.py:93} INFO - 	at scala.concurrent.impl.Promise$DefaultPromise.complete(Promise.scala:187)
[2025-04-01T18:16:24.121+0000] {subprocess.py:93} INFO - 	at scala.concurrent.impl.Promise.$anonfun$transform$1(Promise.scala:33)
[2025-04-01T18:16:24.121+0000] {subprocess.py:93} INFO - 	at scala.concurrent.impl.CallbackRunnable.run(Promise.scala:64)
[2025-04-01T18:16:24.121+0000] {subprocess.py:93} INFO - 	at scala.concurrent.BatchingExecutor$Batch.processBatch$1(BatchingExecutor.scala:67)
[2025-04-01T18:16:24.121+0000] {subprocess.py:93} INFO - 	at scala.concurrent.BatchingExecutor$Batch.$anonfun$run$1(BatchingExecutor.scala:82)
[2025-04-01T18:16:24.121+0000] {subprocess.py:93} INFO - 	at scala.runtime.java8.JFunction0$mcV$sp.apply(JFunction0$mcV$sp.java:23)
[2025-04-01T18:16:24.121+0000] {subprocess.py:93} INFO - 	at scala.concurrent.BlockContext$.withBlockContext(BlockContext.scala:85)
[2025-04-01T18:16:24.122+0000] {subprocess.py:93} INFO - 	at scala.concurrent.BatchingExecutor$Batch.run(BatchingExecutor.scala:59)
[2025-04-01T18:16:24.122+0000] {subprocess.py:93} INFO - 	at scala.concurrent.Future$InternalCallbackExecutor$.unbatchedExecute(Future.scala:875)
[2025-04-01T18:16:24.122+0000] {subprocess.py:93} INFO - 	at scala.concurrent.BatchingExecutor.execute(BatchingExecutor.scala:110)
[2025-04-01T18:16:24.123+0000] {subprocess.py:93} INFO - 	at scala.concurrent.BatchingExecutor.execute$(BatchingExecutor.scala:107)
[2025-04-01T18:16:24.124+0000] {subprocess.py:93} INFO - 	at scala.concurrent.Future$InternalCallbackExecutor$.execute(Future.scala:873)
[2025-04-01T18:16:24.124+0000] {subprocess.py:93} INFO - 	at scala.concurrent.impl.CallbackRunnable.executeWithValue(Promise.scala:72)
[2025-04-01T18:16:24.124+0000] {subprocess.py:93} INFO - 	at scala.concurrent.impl.Promise$DefaultPromise.$anonfun$tryComplete$1(Promise.scala:288)
[2025-04-01T18:16:24.125+0000] {subprocess.py:93} INFO - 	at scala.concurrent.impl.Promise$DefaultPromise.$anonfun$tryComplete$1$adapted(Promise.scala:288)
[2025-04-01T18:16:24.125+0000] {subprocess.py:93} INFO - 	at scala.concurrent.impl.Promise$DefaultPromise.tryComplete(Promise.scala:288)
[2025-04-01T18:16:24.125+0000] {subprocess.py:93} INFO - 	at scala.concurrent.Promise.trySuccess(Promise.scala:94)
[2025-04-01T18:16:24.125+0000] {subprocess.py:93} INFO - 	at scala.concurrent.Promise.trySuccess$(Promise.scala:94)
[2025-04-01T18:16:24.125+0000] {subprocess.py:93} INFO - 	at scala.concurrent.impl.Promise$DefaultPromise.trySuccess(Promise.scala:187)
[2025-04-01T18:16:24.125+0000] {subprocess.py:93} INFO - 	at org.apache.spark.rpc.netty.NettyRpcEnv.onSuccess$1(NettyRpcEnv.scala:225)
[2025-04-01T18:16:24.126+0000] {subprocess.py:93} INFO - 	at org.apache.spark.rpc.netty.NettyRpcEnv.$anonfun$askAbortable$5(NettyRpcEnv.scala:239)
[2025-04-01T18:16:24.126+0000] {subprocess.py:93} INFO - 	at org.apache.spark.rpc.netty.NettyRpcEnv.$anonfun$askAbortable$5$adapted(NettyRpcEnv.scala:238)
[2025-04-01T18:16:24.126+0000] {subprocess.py:93} INFO - 	at scala.concurrent.impl.CallbackRunnable.run(Promise.scala:64)
[2025-04-01T18:16:24.126+0000] {subprocess.py:93} INFO - 	at org.apache.spark.util.ThreadUtils$$anon$1.execute(ThreadUtils.scala:99)
[2025-04-01T18:16:24.127+0000] {subprocess.py:93} INFO - 	at scala.concurrent.impl.ExecutionContextImpl$$anon$4.execute(ExecutionContextImpl.scala:138)
[2025-04-01T18:16:24.127+0000] {subprocess.py:93} INFO - 	at scala.concurrent.impl.CallbackRunnable.executeWithValue(Promise.scala:72)
[2025-04-01T18:16:24.127+0000] {subprocess.py:93} INFO - 	at scala.concurrent.impl.Promise$DefaultPromise.$anonfun$tryComplete$1(Promise.scala:288)
[2025-04-01T18:16:24.127+0000] {subprocess.py:93} INFO - 	at scala.concurrent.impl.Promise$DefaultPromise.$anonfun$tryComplete$1$adapted(Promise.scala:288)
[2025-04-01T18:16:24.127+0000] {subprocess.py:93} INFO - 	at scala.concurrent.impl.Promise$DefaultPromise.tryComplete(Promise.scala:288)
[2025-04-01T18:16:24.127+0000] {subprocess.py:93} INFO - 	at scala.concurrent.Promise.complete(Promise.scala:53)
[2025-04-01T18:16:24.128+0000] {subprocess.py:93} INFO - 	at scala.concurrent.Promise.complete$(Promise.scala:52)
[2025-04-01T18:16:24.128+0000] {subprocess.py:93} INFO - 	at scala.concurrent.impl.Promise$DefaultPromise.complete(Promise.scala:187)
[2025-04-01T18:16:24.128+0000] {subprocess.py:93} INFO - 	at scala.concurrent.Promise.success(Promise.scala:86)
[2025-04-01T18:16:24.128+0000] {subprocess.py:93} INFO - 	at scala.concurrent.Promise.success$(Promise.scala:86)
[2025-04-01T18:16:24.128+0000] {subprocess.py:93} INFO - 	at scala.concurrent.impl.Promise$DefaultPromise.success(Promise.scala:187)
[2025-04-01T18:16:24.129+0000] {subprocess.py:93} INFO - 	at org.apache.spark.rpc.netty.LocalNettyRpcCallContext.send(NettyRpcCallContext.scala:50)
[2025-04-01T18:16:24.129+0000] {subprocess.py:93} INFO - 	at org.apache.spark.rpc.netty.NettyRpcCallContext.reply(NettyRpcCallContext.scala:32)
[2025-04-01T18:16:24.131+0000] {subprocess.py:93} INFO - 	at org.apache.spark.rpc.netty.RpcEndpointVerifier$$anonfun$receiveAndReply$1.applyOrElse(RpcEndpointVerifier.scala:31)
[2025-04-01T18:16:24.132+0000] {subprocess.py:93} INFO - 	... 8 more
[2025-04-01T18:16:24.132+0000] {subprocess.py:93} INFO - 25/04/01 18:16:24 ERROR Inbox: Ignoring error
[2025-04-01T18:16:24.132+0000] {subprocess.py:93} INFO - org.apache.spark.SparkException: Exception thrown in awaitResult:
[2025-04-01T18:16:24.133+0000] {subprocess.py:93} INFO - 	at org.apache.spark.util.ThreadUtils$.awaitResult(ThreadUtils.scala:322)
[2025-04-01T18:16:24.133+0000] {subprocess.py:93} INFO - 	at org.apache.spark.rpc.RpcTimeout.awaitResult(RpcTimeout.scala:75)
[2025-04-01T18:16:24.133+0000] {subprocess.py:93} INFO - 	at org.apache.spark.rpc.RpcEnv.setupEndpointRefByURI(RpcEnv.scala:102)
[2025-04-01T18:16:24.133+0000] {subprocess.py:93} INFO - 	at org.apache.spark.rpc.RpcEnv.setupEndpointRef(RpcEnv.scala:110)
[2025-04-01T18:16:24.133+0000] {subprocess.py:93} INFO - 	at org.apache.spark.util.RpcUtils$.makeDriverRef(RpcUtils.scala:36)
[2025-04-01T18:16:24.133+0000] {subprocess.py:93} INFO - 	at org.apache.spark.storage.BlockManagerMasterEndpoint.driverEndpoint$lzycompute(BlockManagerMasterEndpoint.scala:117)
[2025-04-01T18:16:24.134+0000] {subprocess.py:93} INFO - 	at org.apache.spark.storage.BlockManagerMasterEndpoint.org$apache$spark$storage$BlockManagerMasterEndpoint$$driverEndpoint(BlockManagerMasterEndpoint.scala:116)
[2025-04-01T18:16:24.134+0000] {subprocess.py:93} INFO - 	at org.apache.spark.storage.BlockManagerMasterEndpoint.isExecutorAlive$lzycompute$1(BlockManagerMasterEndpoint.scala:611)
[2025-04-01T18:16:24.134+0000] {subprocess.py:93} INFO - 	at org.apache.spark.storage.BlockManagerMasterEndpoint.isExecutorAlive$1(BlockManagerMasterEndpoint.scala:610)
[2025-04-01T18:16:24.134+0000] {subprocess.py:93} INFO - 	at org.apache.spark.storage.BlockManagerMasterEndpoint.org$apache$spark$storage$BlockManagerMasterEndpoint$$register(BlockManagerMasterEndpoint.scala:648)
[2025-04-01T18:16:24.134+0000] {subprocess.py:93} INFO - 	at org.apache.spark.storage.BlockManagerMasterEndpoint$$anonfun$receiveAndReply$1.applyOrElse(BlockManagerMasterEndpoint.scala:123)
[2025-04-01T18:16:24.134+0000] {subprocess.py:93} INFO - 	at org.apache.spark.rpc.netty.Inbox.$anonfun$process$1(Inbox.scala:103)
[2025-04-01T18:16:24.134+0000] {subprocess.py:93} INFO - 	at org.apache.spark.rpc.netty.Inbox.safelyCall(Inbox.scala:213)
[2025-04-01T18:16:24.135+0000] {subprocess.py:93} INFO - 	at org.apache.spark.rpc.netty.Inbox.process(Inbox.scala:100)
[2025-04-01T18:16:24.135+0000] {subprocess.py:93} INFO - 	at org.apache.spark.rpc.netty.MessageLoop.org$apache$spark$rpc$netty$MessageLoop$$receiveLoop(MessageLoop.scala:75)
[2025-04-01T18:16:24.136+0000] {subprocess.py:93} INFO - 	at org.apache.spark.rpc.netty.MessageLoop$$anon$1.run(MessageLoop.scala:41)
[2025-04-01T18:16:24.136+0000] {subprocess.py:93} INFO - 	at java.base/java.util.concurrent.ThreadPoolExecutor.runWorker(ThreadPoolExecutor.java:1128)
[2025-04-01T18:16:24.136+0000] {subprocess.py:93} INFO - 	at java.base/java.util.concurrent.ThreadPoolExecutor$Worker.run(ThreadPoolExecutor.java:628)
[2025-04-01T18:16:24.137+0000] {subprocess.py:93} INFO - 	at java.base/java.lang.Thread.run(Thread.java:829)
[2025-04-01T18:16:24.138+0000] {subprocess.py:93} INFO - Caused by: org.apache.spark.rpc.RpcEndpointNotFoundException: Cannot find endpoint: spark://CoarseGrainedScheduler@0b0a92439eeb:42121
[2025-04-01T18:16:24.138+0000] {subprocess.py:93} INFO - 	at org.apache.spark.rpc.netty.NettyRpcEnv.$anonfun$asyncSetupEndpointRefByURI$1(NettyRpcEnv.scala:148)
[2025-04-01T18:16:24.138+0000] {subprocess.py:93} INFO - 	at org.apache.spark.rpc.netty.NettyRpcEnv.$anonfun$asyncSetupEndpointRefByURI$1$adapted(NettyRpcEnv.scala:144)
[2025-04-01T18:16:24.138+0000] {subprocess.py:93} INFO - 	at scala.concurrent.Future.$anonfun$flatMap$1(Future.scala:307)
[2025-04-01T18:16:24.139+0000] {subprocess.py:93} INFO - 	at scala.concurrent.impl.Promise.$anonfun$transformWith$1(Promise.scala:41)
[2025-04-01T18:16:24.139+0000] {subprocess.py:93} INFO - 	at scala.concurrent.impl.CallbackRunnable.run(Promise.scala:64)
[2025-04-01T18:16:24.139+0000] {subprocess.py:93} INFO - 	at org.apache.spark.util.ThreadUtils$$anon$1.execute(ThreadUtils.scala:99)
[2025-04-01T18:16:24.139+0000] {subprocess.py:93} INFO - 	at scala.concurrent.impl.ExecutionContextImpl$$anon$4.execute(ExecutionContextImpl.scala:138)
[2025-04-01T18:16:24.139+0000] {subprocess.py:93} INFO - 	at scala.concurrent.impl.CallbackRunnable.executeWithValue(Promise.scala:72)
[2025-04-01T18:16:24.139+0000] {subprocess.py:93} INFO - 	at scala.concurrent.impl.Promise$DefaultPromise.$anonfun$tryComplete$1(Promise.scala:288)
[2025-04-01T18:16:24.139+0000] {subprocess.py:93} INFO - 	at scala.concurrent.impl.Promise$DefaultPromise.$anonfun$tryComplete$1$adapted(Promise.scala:288)
[2025-04-01T18:16:24.140+0000] {subprocess.py:93} INFO - 	at scala.concurrent.impl.Promise$DefaultPromise.tryComplete(Promise.scala:288)
[2025-04-01T18:16:24.140+0000] {subprocess.py:93} INFO - 	at scala.concurrent.Promise.complete(Promise.scala:53)
[2025-04-01T18:16:24.140+0000] {subprocess.py:93} INFO - 	at scala.concurrent.Promise.complete$(Promise.scala:52)
[2025-04-01T18:16:24.141+0000] {subprocess.py:93} INFO - 	at scala.concurrent.impl.Promise$DefaultPromise.complete(Promise.scala:187)
[2025-04-01T18:16:24.141+0000] {subprocess.py:93} INFO - 	at scala.concurrent.impl.Promise.$anonfun$transform$1(Promise.scala:33)
[2025-04-01T18:16:24.141+0000] {subprocess.py:93} INFO - 	at scala.concurrent.impl.CallbackRunnable.run(Promise.scala:64)
[2025-04-01T18:16:24.141+0000] {subprocess.py:93} INFO - 	at org.apache.spark.util.ThreadUtils$$anon$1.execute(ThreadUtils.scala:99)
[2025-04-01T18:16:24.141+0000] {subprocess.py:93} INFO - 	at scala.concurrent.impl.ExecutionContextImpl$$anon$4.execute(ExecutionContextImpl.scala:138)
[2025-04-01T18:16:24.141+0000] {subprocess.py:93} INFO - 	at scala.concurrent.impl.CallbackRunnable.executeWithValue(Promise.scala:72)
[2025-04-01T18:16:24.142+0000] {subprocess.py:93} INFO - 	at scala.concurrent.impl.Promise$DefaultPromise.$anonfun$tryComplete$1(Promise.scala:288)
[2025-04-01T18:16:24.142+0000] {subprocess.py:93} INFO - 	at scala.concurrent.impl.Promise$DefaultPromise.$anonfun$tryComplete$1$adapted(Promise.scala:288)
[2025-04-01T18:16:24.142+0000] {subprocess.py:93} INFO - 	at scala.concurrent.impl.Promise$DefaultPromise.tryComplete(Promise.scala:288)
[2025-04-01T18:16:24.142+0000] {subprocess.py:93} INFO - 	at scala.concurrent.Promise.complete(Promise.scala:53)
[2025-04-01T18:16:24.142+0000] {subprocess.py:93} INFO - 	at scala.concurrent.Promise.complete$(Promise.scala:52)
[2025-04-01T18:16:24.144+0000] {subprocess.py:93} INFO - 	at scala.concurrent.impl.Promise$DefaultPromise.complete(Promise.scala:187)
[2025-04-01T18:16:24.144+0000] {subprocess.py:93} INFO - 	at scala.concurrent.impl.Promise.$anonfun$transform$1(Promise.scala:33)
[2025-04-01T18:16:24.147+0000] {subprocess.py:93} INFO - 	at scala.concurrent.impl.CallbackRunnable.run(Promise.scala:64)
[2025-04-01T18:16:24.148+0000] {subprocess.py:93} INFO - 	at scala.concurrent.BatchingExecutor$Batch.processBatch$1(BatchingExecutor.scala:67)
[2025-04-01T18:16:24.148+0000] {subprocess.py:93} INFO - 	at scala.concurrent.BatchingExecutor$Batch.$anonfun$run$1(BatchingExecutor.scala:82)
[2025-04-01T18:16:24.148+0000] {subprocess.py:93} INFO - 	at scala.runtime.java8.JFunction0$mcV$sp.apply(JFunction0$mcV$sp.java:23)
[2025-04-01T18:16:24.148+0000] {subprocess.py:93} INFO - 	at scala.concurrent.BlockContext$.withBlockContext(BlockContext.scala:85)
[2025-04-01T18:16:24.149+0000] {subprocess.py:93} INFO - 	at scala.concurrent.BatchingExecutor$Batch.run(BatchingExecutor.scala:59)
[2025-04-01T18:16:24.149+0000] {subprocess.py:93} INFO - 	at scala.concurrent.Future$InternalCallbackExecutor$.unbatchedExecute(Future.scala:875)
[2025-04-01T18:16:24.149+0000] {subprocess.py:93} INFO - 	at scala.concurrent.BatchingExecutor.execute(BatchingExecutor.scala:110)
[2025-04-01T18:16:24.149+0000] {subprocess.py:93} INFO - 	at scala.concurrent.BatchingExecutor.execute$(BatchingExecutor.scala:107)
[2025-04-01T18:16:24.149+0000] {subprocess.py:93} INFO - 	at scala.concurrent.Future$InternalCallbackExecutor$.execute(Future.scala:873)
[2025-04-01T18:16:24.149+0000] {subprocess.py:93} INFO - 	at scala.concurrent.impl.CallbackRunnable.executeWithValue(Promise.scala:72)
[2025-04-01T18:16:24.150+0000] {subprocess.py:93} INFO - 	at scala.concurrent.impl.Promise$DefaultPromise.$anonfun$tryComplete$1(Promise.scala:288)
[2025-04-01T18:16:24.150+0000] {subprocess.py:93} INFO - 	at scala.concurrent.impl.Promise$DefaultPromise.$anonfun$tryComplete$1$adapted(Promise.scala:288)
[2025-04-01T18:16:24.150+0000] {subprocess.py:93} INFO - 	at scala.concurrent.impl.Promise$DefaultPromise.tryComplete(Promise.scala:288)
[2025-04-01T18:16:24.150+0000] {subprocess.py:93} INFO - 	at scala.concurrent.Promise.trySuccess(Promise.scala:94)
[2025-04-01T18:16:24.151+0000] {subprocess.py:93} INFO - 	at scala.concurrent.Promise.trySuccess$(Promise.scala:94)
[2025-04-01T18:16:24.151+0000] {subprocess.py:93} INFO - 	at scala.concurrent.impl.Promise$DefaultPromise.trySuccess(Promise.scala:187)
[2025-04-01T18:16:24.151+0000] {subprocess.py:93} INFO - 	at org.apache.spark.rpc.netty.NettyRpcEnv.onSuccess$1(NettyRpcEnv.scala:225)
[2025-04-01T18:16:24.151+0000] {subprocess.py:93} INFO - 	at org.apache.spark.rpc.netty.NettyRpcEnv.$anonfun$askAbortable$5(NettyRpcEnv.scala:239)
[2025-04-01T18:16:24.151+0000] {subprocess.py:93} INFO - 	at org.apache.spark.rpc.netty.NettyRpcEnv.$anonfun$askAbortable$5$adapted(NettyRpcEnv.scala:238)
[2025-04-01T18:16:24.154+0000] {subprocess.py:93} INFO - 	at scala.concurrent.impl.CallbackRunnable.run(Promise.scala:64)
[2025-04-01T18:16:24.154+0000] {subprocess.py:93} INFO - 	at org.apache.spark.util.ThreadUtils$$anon$1.execute(ThreadUtils.scala:99)
[2025-04-01T18:16:24.156+0000] {subprocess.py:93} INFO - 	at scala.concurrent.impl.ExecutionContextImpl$$anon$4.execute(ExecutionContextImpl.scala:138)
[2025-04-01T18:16:24.156+0000] {subprocess.py:93} INFO - 	at scala.concurrent.impl.CallbackRunnable.executeWithValue(Promise.scala:72)
[2025-04-01T18:16:24.156+0000] {subprocess.py:93} INFO - 	at scala.concurrent.impl.Promise$DefaultPromise.$anonfun$tryComplete$1(Promise.scala:288)
[2025-04-01T18:16:24.162+0000] {subprocess.py:93} INFO - 	at scala.concurrent.impl.Promise$DefaultPromise.$anonfun$tryComplete$1$adapted(Promise.scala:288)
[2025-04-01T18:16:24.162+0000] {subprocess.py:93} INFO - 	at scala.concurrent.impl.Promise$DefaultPromise.tryComplete(Promise.scala:288)
[2025-04-01T18:16:24.163+0000] {subprocess.py:93} INFO - 	at scala.concurrent.Promise.complete(Promise.scala:53)
[2025-04-01T18:16:24.169+0000] {subprocess.py:93} INFO - 	at scala.concurrent.Promise.complete$(Promise.scala:52)
[2025-04-01T18:16:24.169+0000] {subprocess.py:93} INFO - 	at scala.concurrent.impl.Promise$DefaultPromise.complete(Promise.scala:187)
[2025-04-01T18:16:24.170+0000] {subprocess.py:93} INFO - 	at scala.concurrent.Promise.success(Promise.scala:86)
[2025-04-01T18:16:24.170+0000] {subprocess.py:93} INFO - 	at scala.concurrent.Promise.success$(Promise.scala:86)
[2025-04-01T18:16:24.170+0000] {subprocess.py:93} INFO - 	at scala.concurrent.impl.Promise$DefaultPromise.success(Promise.scala:187)
[2025-04-01T18:16:24.170+0000] {subprocess.py:93} INFO - 	at org.apache.spark.rpc.netty.LocalNettyRpcCallContext.send(NettyRpcCallContext.scala:50)
[2025-04-01T18:16:24.170+0000] {subprocess.py:93} INFO - 	at org.apache.spark.rpc.netty.NettyRpcCallContext.reply(NettyRpcCallContext.scala:32)
[2025-04-01T18:16:24.170+0000] {subprocess.py:93} INFO - 	at org.apache.spark.rpc.netty.RpcEndpointVerifier$$anonfun$receiveAndReply$1.applyOrElse(RpcEndpointVerifier.scala:31)
[2025-04-01T18:16:24.171+0000] {subprocess.py:93} INFO - 	... 8 more
[2025-04-01T18:16:30.562+0000] {subprocess.py:93} INFO - 25/04/01 18:16:30 WARN AdminClientConfig: These configurations '[key.deserializer, value.deserializer, enable.auto.commit, max.poll.records, auto.offset.reset]' were supplied but are not used yet.
[2025-04-01T18:16:36.551+0000] {subprocess.py:93} INFO - [Stage 0:>                                                          (0 + 0) / 1][Stage 0:>                                                          (0 + 1) / 1]                                                                                25/04/01 18:16:36 WARN AdminClientConfig: These configurations '[key.deserializer, value.deserializer, enable.auto.commit, max.poll.records, auto.offset.reset]' were supplied but are not used yet.
[2025-04-01T18:16:36.678+0000] {subprocess.py:93} INFO - 25/04/01 18:16:36 WARN AdminClientConfig: These configurations '[key.deserializer, value.deserializer, enable.auto.commit, max.poll.records, auto.offset.reset]' were supplied but are not used yet.
[2025-04-01T18:16:49.191+0000] {subprocess.py:93} INFO - [Stage 1:>                  (0 + 1) / 1][Stage 2:>                  (0 + 1) / 1][Stage 1:>                                                          (0 + 1) / 1][Stage 4:>                                                          (0 + 1) / 1]                                                                                25/04/01 18:16:49 WARN AdminClientConfig: These configurations '[key.deserializer, value.deserializer, enable.auto.commit, max.poll.records, auto.offset.reset]' were supplied but are not used yet.
[2025-04-01T18:16:49.280+0000] {subprocess.py:93} INFO - 25/04/01 18:16:49 WARN AdminClientConfig: These configurations '[key.deserializer, value.deserializer, enable.auto.commit, max.poll.records, auto.offset.reset]' were supplied but are not used yet.
[2025-04-01T18:16:58.413+0000] {subprocess.py:93} INFO - [Stage 5:>                  (0 + 1) / 1][Stage 6:>                  (0 + 1) / 1][Stage 5:>                                                          (0 + 1) / 1]                                                                                kafka:29092 postgres.public.transaction_data
[2025-04-01T18:16:58.421+0000] {subprocess.py:93} INFO - minio:9000 transaction-data
[2025-04-01T18:16:58.421+0000] {subprocess.py:93} INFO - +------+--------------------+--------------------+---+-------------+-----------+
[2025-04-01T18:16:58.421+0000] {subprocess.py:93} INFO - |before|               after|              source| op|        ts_ms|transaction|
[2025-04-01T18:16:58.421+0000] {subprocess.py:93} INFO - +------+--------------------+--------------------+---+-------------+-----------+
[2025-04-01T18:16:58.421+0000] {subprocess.py:93} INFO - |  null|{1, user_000496, ...|{2.3.4.Final, pos...|  r|1743529703914|       null|
[2025-04-01T18:16:58.422+0000] {subprocess.py:93} INFO - |  null|{2, user_000328, ...|{2.3.4.Final, pos...|  r|1743529703919|       null|
[2025-04-01T18:16:58.422+0000] {subprocess.py:93} INFO - |  null|{3, user_000323, ...|{2.3.4.Final, pos...|  r|1743529703919|       null|
[2025-04-01T18:16:58.422+0000] {subprocess.py:93} INFO - |  null|{4, user_000450, ...|{2.3.4.Final, pos...|  r|1743529703920|       null|
[2025-04-01T18:16:58.422+0000] {subprocess.py:93} INFO - |  null|{5, user_000077, ...|{2.3.4.Final, pos...|  r|1743529703920|       null|
[2025-04-01T18:16:58.422+0000] {subprocess.py:93} INFO - +------+--------------------+--------------------+---+-------------+-----------+
[2025-04-01T18:16:58.422+0000] {subprocess.py:93} INFO - only showing top 5 rows
[2025-04-01T18:16:58.422+0000] {subprocess.py:93} INFO - 
[2025-04-01T18:16:58.422+0000] {subprocess.py:93} INFO - +---+-------+--------------+------+------+-------+----+----+
[2025-04-01T18:16:58.422+0000] {subprocess.py:93} INFO - | op|User ID|Transaction ID|Amount|Vendor|Sources|Time|date|
[2025-04-01T18:16:58.422+0000] {subprocess.py:93} INFO - +---+-------+--------------+------+------+-------+----+----+
[2025-04-01T18:16:58.422+0000] {subprocess.py:93} INFO - +---+-------+--------------+------+------+-------+----+----+
[2025-04-01T18:16:58.423+0000] {subprocess.py:93} INFO - 
[2025-04-01T18:16:58.423+0000] {subprocess.py:93} INFO - Error: Found only 0 distinct dates in the data. Minimum required is 7 days.
[2025-04-01T18:16:59.523+0000] {subprocess.py:97} INFO - Command exited with return code 1
[2025-04-01T18:16:59.559+0000] {taskinstance.py:2699} ERROR - Task failed with exception
Traceback (most recent call last):
  File "/home/airflow/.local/lib/python3.8/site-packages/airflow/models/taskinstance.py", line 433, in _execute_task
    result = execute_callable(context=context, **execute_callable_kwargs)
  File "/home/airflow/.local/lib/python3.8/site-packages/airflow/operators/bash.py", line 212, in execute
    raise AirflowException(
airflow.exceptions.AirflowException: Bash command failed. The command returned a non-zero exit code 1.
[2025-04-01T18:16:59.584+0000] {taskinstance.py:1138} INFO - Marking task as UP_FOR_RETRY. dag_id=gen_lxw_fts, task_id=calculate_fts, execution_date=20250309T230000, start_date=20250401T181556, end_date=20250401T181659
[2025-04-01T18:16:59.636+0000] {standard_task_runner.py:107} ERROR - Failed to execute job 40 for task calculate_fts (Bash command failed. The command returned a non-zero exit code 1.; 1952)
[2025-04-01T18:16:59.687+0000] {local_task_job_runner.py:234} INFO - Task exited with return code 1
[2025-04-01T18:16:59.766+0000] {taskinstance.py:3281} INFO - 0 downstream tasks scheduled from follow-on schedule check
[2025-04-02T17:54:44.515+0000] {taskinstance.py:1957} INFO - Dependencies all met for dep_context=non-requeueable deps ti=<TaskInstance: gen_lxw_fts.calculate_fts scheduled__2025-03-09T23:00:00+00:00 [queued]>
[2025-04-02T17:54:44.540+0000] {taskinstance.py:1957} INFO - Dependencies all met for dep_context=requeueable deps ti=<TaskInstance: gen_lxw_fts.calculate_fts scheduled__2025-03-09T23:00:00+00:00 [queued]>
[2025-04-02T17:54:44.540+0000] {taskinstance.py:2171} INFO - Starting attempt 1 of 2
[2025-04-02T17:54:44.574+0000] {taskinstance.py:2192} INFO - Executing <Task(BashOperator): calculate_fts> on 2025-03-09 23:00:00+00:00
[2025-04-02T17:54:44.582+0000] {standard_task_runner.py:60} INFO - Started process 4151 to run task
[2025-04-02T17:54:44.586+0000] {standard_task_runner.py:87} INFO - Running: ['***', 'tasks', 'run', 'gen_lxw_fts', 'calculate_fts', 'scheduled__2025-03-09T23:00:00+00:00', '--job-id', '67', '--raw', '--subdir', 'DAGS_FOLDER/gen_lxw_fts.py', '--cfg-path', '/tmp/tmpbclrdebl']
[2025-04-02T17:54:44.587+0000] {standard_task_runner.py:88} INFO - Job 67: Subtask calculate_fts
[2025-04-02T17:54:44.742+0000] {task_command.py:423} INFO - Running <TaskInstance: gen_lxw_fts.calculate_fts scheduled__2025-03-09T23:00:00+00:00 [running]> on host 4a8602fc40fd
[2025-04-02T17:54:44.924+0000] {warnings.py:109} WARNING - /home/***/.local/lib/python3.8/site-packages/***/utils/context.py:207: AirflowContextDeprecationWarning: Accessing 'execution_date' from the template is deprecated and will be removed in a future version. Please use 'data_interval_start' or 'logical_date' instead.
  warnings.warn(_create_deprecation_warning(key, self._deprecation_replacements[key]))

[2025-04-02T17:54:45.003+0000] {taskinstance.py:2481} INFO - Exporting env vars: AIRFLOW_CTX_DAG_OWNER='longnv' AIRFLOW_CTX_DAG_ID='gen_lxw_fts' AIRFLOW_CTX_TASK_ID='calculate_fts' AIRFLOW_CTX_EXECUTION_DATE='2025-03-09T23:00:00+00:00' AIRFLOW_CTX_TRY_NUMBER='1' AIRFLOW_CTX_DAG_RUN_ID='scheduled__2025-03-09T23:00:00+00:00'
[2025-04-02T17:54:45.006+0000] {subprocess.py:63} INFO - Tmp dir root location: /tmp
[2025-04-02T17:54:45.007+0000] {subprocess.py:75} INFO - Running command: ['/usr/bin/bash', '-c', '\n        python /opt/***/external_scripts/2_calculate_features.py 2025-03-10\n        ']
[2025-04-02T17:54:45.044+0000] {subprocess.py:86} INFO - Output:
[2025-04-02T17:54:58.911+0000] {subprocess.py:93} INFO - :: loading settings :: url = jar:file:/opt/spark/jars/ivy-2.5.1.jar!/org/apache/ivy/core/settings/ivysettings.xml
[2025-04-02T17:54:59.166+0000] {subprocess.py:93} INFO - Ivy Default Cache set to: /home/***/.ivy2/cache
[2025-04-02T17:54:59.170+0000] {subprocess.py:93} INFO - The jars for the packages stored in: /home/***/.ivy2/jars
[2025-04-02T17:54:59.177+0000] {subprocess.py:93} INFO - org.apache.spark#spark-sql-kafka-0-10_2.12 added as a dependency
[2025-04-02T17:54:59.177+0000] {subprocess.py:93} INFO - io.delta#delta-core_2.12 added as a dependency
[2025-04-02T17:54:59.178+0000] {subprocess.py:93} INFO - org.apache.hadoop#hadoop-aws added as a dependency
[2025-04-02T17:54:59.179+0000] {subprocess.py:93} INFO - com.amazonaws#aws-java-sdk-bundle added as a dependency
[2025-04-02T17:54:59.179+0000] {subprocess.py:93} INFO - org.postgresql#postgresql added as a dependency
[2025-04-02T17:54:59.180+0000] {subprocess.py:93} INFO - :: resolving dependencies :: org.apache.spark#spark-submit-parent-dfd05509-84a1-4fe8-ae00-051d9d66c776;1.0
[2025-04-02T17:54:59.181+0000] {subprocess.py:93} INFO - 	confs: [default]
[2025-04-02T17:54:59.622+0000] {subprocess.py:93} INFO - 	found org.apache.spark#spark-sql-kafka-0-10_2.12;3.4.1 in central
[2025-04-02T17:54:59.713+0000] {subprocess.py:93} INFO - 	found org.apache.spark#spark-token-provider-kafka-0-10_2.12;3.4.1 in central
[2025-04-02T17:54:59.752+0000] {subprocess.py:93} INFO - 	found org.apache.kafka#kafka-clients;3.3.2 in central
[2025-04-02T17:54:59.791+0000] {subprocess.py:93} INFO - 	found org.lz4#lz4-java;1.8.0 in central
[2025-04-02T17:54:59.842+0000] {subprocess.py:93} INFO - 	found org.xerial.snappy#snappy-java;1.1.10.1 in central
[2025-04-02T17:54:59.866+0000] {subprocess.py:93} INFO - 	found org.slf4j#slf4j-api;2.0.6 in central
[2025-04-02T17:54:59.915+0000] {subprocess.py:93} INFO - 	found org.apache.hadoop#hadoop-client-runtime;3.3.4 in central
[2025-04-02T17:54:59.960+0000] {subprocess.py:93} INFO - 	found org.apache.hadoop#hadoop-client-api;3.3.4 in central
[2025-04-02T17:55:00.014+0000] {subprocess.py:93} INFO - 	found commons-logging#commons-logging;1.1.3 in central
[2025-04-02T17:55:00.060+0000] {subprocess.py:93} INFO - 	found com.google.code.findbugs#jsr305;3.0.0 in central
[2025-04-02T17:55:00.080+0000] {subprocess.py:93} INFO - 	found org.apache.commons#commons-pool2;2.11.1 in central
[2025-04-02T17:55:00.113+0000] {subprocess.py:93} INFO - 	found io.delta#delta-core_2.12;2.4.0 in central
[2025-04-02T17:55:00.131+0000] {subprocess.py:93} INFO - 	found io.delta#delta-storage;2.4.0 in central
[2025-04-02T17:55:00.142+0000] {subprocess.py:93} INFO - 	found org.antlr#antlr4-runtime;4.9.3 in central
[2025-04-02T17:55:00.177+0000] {subprocess.py:93} INFO - 	found org.apache.hadoop#hadoop-aws;3.3.2 in central
[2025-04-02T17:55:00.210+0000] {subprocess.py:93} INFO - 	found org.wildfly.openssl#wildfly-openssl;1.0.7.Final in central
[2025-04-02T17:55:00.234+0000] {subprocess.py:93} INFO - 	found com.amazonaws#aws-java-sdk-bundle;1.12.261 in central
[2025-04-02T17:55:00.243+0000] {subprocess.py:93} INFO - 	found org.postgresql#postgresql;42.5.1 in central
[2025-04-02T17:55:00.261+0000] {subprocess.py:93} INFO - 	found org.checkerframework#checker-qual;3.5.0 in central
[2025-04-02T17:55:00.343+0000] {subprocess.py:93} INFO - :: resolution report :: resolve 1135ms :: artifacts dl 27ms
[2025-04-02T17:55:00.343+0000] {subprocess.py:93} INFO - 	:: modules in use:
[2025-04-02T17:55:00.343+0000] {subprocess.py:93} INFO - 	com.amazonaws#aws-java-sdk-bundle;1.12.261 from central in [default]
[2025-04-02T17:55:00.344+0000] {subprocess.py:93} INFO - 	com.google.code.findbugs#jsr305;3.0.0 from central in [default]
[2025-04-02T17:55:00.344+0000] {subprocess.py:93} INFO - 	commons-logging#commons-logging;1.1.3 from central in [default]
[2025-04-02T17:55:00.344+0000] {subprocess.py:93} INFO - 	io.delta#delta-core_2.12;2.4.0 from central in [default]
[2025-04-02T17:55:00.344+0000] {subprocess.py:93} INFO - 	io.delta#delta-storage;2.4.0 from central in [default]
[2025-04-02T17:55:00.344+0000] {subprocess.py:93} INFO - 	org.antlr#antlr4-runtime;4.9.3 from central in [default]
[2025-04-02T17:55:00.344+0000] {subprocess.py:93} INFO - 	org.apache.commons#commons-pool2;2.11.1 from central in [default]
[2025-04-02T17:55:00.344+0000] {subprocess.py:93} INFO - 	org.apache.hadoop#hadoop-aws;3.3.2 from central in [default]
[2025-04-02T17:55:00.344+0000] {subprocess.py:93} INFO - 	org.apache.hadoop#hadoop-client-api;3.3.4 from central in [default]
[2025-04-02T17:55:00.345+0000] {subprocess.py:93} INFO - 	org.apache.hadoop#hadoop-client-runtime;3.3.4 from central in [default]
[2025-04-02T17:55:00.345+0000] {subprocess.py:93} INFO - 	org.apache.kafka#kafka-clients;3.3.2 from central in [default]
[2025-04-02T17:55:00.345+0000] {subprocess.py:93} INFO - 	org.apache.spark#spark-sql-kafka-0-10_2.12;3.4.1 from central in [default]
[2025-04-02T17:55:00.345+0000] {subprocess.py:93} INFO - 	org.apache.spark#spark-token-provider-kafka-0-10_2.12;3.4.1 from central in [default]
[2025-04-02T17:55:00.345+0000] {subprocess.py:93} INFO - 	org.checkerframework#checker-qual;3.5.0 from central in [default]
[2025-04-02T17:55:00.345+0000] {subprocess.py:93} INFO - 	org.lz4#lz4-java;1.8.0 from central in [default]
[2025-04-02T17:55:00.345+0000] {subprocess.py:93} INFO - 	org.postgresql#postgresql;42.5.1 from central in [default]
[2025-04-02T17:55:00.345+0000] {subprocess.py:93} INFO - 	org.slf4j#slf4j-api;2.0.6 from central in [default]
[2025-04-02T17:55:00.346+0000] {subprocess.py:93} INFO - 	org.wildfly.openssl#wildfly-openssl;1.0.7.Final from central in [default]
[2025-04-02T17:55:00.346+0000] {subprocess.py:93} INFO - 	org.xerial.snappy#snappy-java;1.1.10.1 from central in [default]
[2025-04-02T17:55:00.347+0000] {subprocess.py:93} INFO - 	:: evicted modules:
[2025-04-02T17:55:00.347+0000] {subprocess.py:93} INFO - 	com.amazonaws#aws-java-sdk-bundle;1.11.1026 by [com.amazonaws#aws-java-sdk-bundle;1.12.261] in [default]
[2025-04-02T17:55:00.347+0000] {subprocess.py:93} INFO - 	---------------------------------------------------------------------
[2025-04-02T17:55:00.348+0000] {subprocess.py:93} INFO - 	|                  |            modules            ||   artifacts   |
[2025-04-02T17:55:00.348+0000] {subprocess.py:93} INFO - 	|       conf       | number| search|dwnlded|evicted|| number|dwnlded|
[2025-04-02T17:55:00.348+0000] {subprocess.py:93} INFO - 	---------------------------------------------------------------------
[2025-04-02T17:55:00.348+0000] {subprocess.py:93} INFO - 	|      default     |   20  |   0   |   0   |   1   ||   19  |   0   |
[2025-04-02T17:55:00.348+0000] {subprocess.py:93} INFO - 	---------------------------------------------------------------------
[2025-04-02T17:55:00.357+0000] {subprocess.py:93} INFO - :: retrieving :: org.apache.spark#spark-submit-parent-dfd05509-84a1-4fe8-ae00-051d9d66c776
[2025-04-02T17:55:00.358+0000] {subprocess.py:93} INFO - 	confs: [default]
[2025-04-02T17:55:00.368+0000] {subprocess.py:93} INFO - 	0 artifacts copied, 19 already retrieved (0kB/13ms)
[2025-04-02T17:55:01.221+0000] {subprocess.py:93} INFO - 25/04/02 17:55:01 WARN NativeCodeLoader: Unable to load native-hadoop library for your platform... using builtin-java classes where applicable
[2025-04-02T17:55:02.101+0000] {subprocess.py:93} INFO - Setting default log level to "WARN".
[2025-04-02T17:55:02.102+0000] {subprocess.py:93} INFO - To adjust logging level use sc.setLogLevel(newLevel). For SparkR, use setLogLevel(newLevel).
[2025-04-02T17:55:39.563+0000] {subprocess.py:93} INFO - 25/04/02 17:55:39 WARN AdminClientConfig: These configurations '[key.deserializer, value.deserializer, enable.auto.commit, max.poll.records, auto.offset.reset]' were supplied but are not used yet.
[2025-04-02T17:55:46.906+0000] {subprocess.py:93} INFO - [Stage 0:>                                                          (0 + 0) / 1][Stage 0:>                                                          (0 + 1) / 1]                                                                                25/04/02 17:55:46 WARN AdminClientConfig: These configurations '[key.deserializer, value.deserializer, enable.auto.commit, max.poll.records, auto.offset.reset]' were supplied but are not used yet.
[2025-04-02T17:55:47.017+0000] {subprocess.py:93} INFO - 25/04/02 17:55:47 WARN AdminClientConfig: These configurations '[key.deserializer, value.deserializer, enable.auto.commit, max.poll.records, auto.offset.reset]' were supplied but are not used yet.
[2025-04-02T17:56:27.096+0000] {subprocess.py:93} INFO - [Stage 1:>                  (0 + 1) / 1][Stage 2:>                  (0 + 1) / 1]                                                                                25/04/02 17:56:27 WARN AdminClientConfig: These configurations '[key.deserializer, value.deserializer, enable.auto.commit, max.poll.records, auto.offset.reset]' were supplied but are not used yet.
[2025-04-02T17:56:27.179+0000] {subprocess.py:93} INFO - 25/04/02 17:56:27 WARN AdminClientConfig: These configurations '[key.deserializer, value.deserializer, enable.auto.commit, max.poll.records, auto.offset.reset]' were supplied but are not used yet.
[2025-04-02T17:56:59.083+0000] {subprocess.py:93} INFO - [Stage 5:>                                                          (0 + 1) / 1][Stage 5:>                  (0 + 1) / 1][Stage 6:>                  (0 + 1) / 1][Stage 5:>                                                          (0 + 1) / 1][Stage 8:>                                                          (0 + 2) / 2][Stage 8:=============================>                             (1 + 1) / 2]                                                                                25/04/02 17:56:59 WARN AdminClientConfig: These configurations '[key.deserializer, value.deserializer, enable.auto.commit, max.poll.records, auto.offset.reset]' were supplied but are not used yet.
[2025-04-02T17:56:59.155+0000] {subprocess.py:93} INFO - 25/04/02 17:56:59 WARN AdminClientConfig: These configurations '[key.deserializer, value.deserializer, enable.auto.commit, max.poll.records, auto.offset.reset]' were supplied but are not used yet.
[2025-04-02T17:57:38.516+0000] {subprocess.py:93} INFO - [Stage 16:>                 (0 + 1) / 1][Stage 17:>                 (0 + 1) / 1][Stage 16:>                                                         (0 + 1) / 1][Stage 19:>                                                         (0 + 6) / 6][Stage 19:=========>                                                (1 + 5) / 6]                                                                                25/04/02 17:57:38 WARN MetricsConfig: Cannot locate configuration: tried hadoop-metrics2-s3a-file-system.properties,hadoop-metrics2.properties
[2025-04-02T17:57:44.859+0000] {subprocess.py:93} INFO - 25/04/02 17:57:44 WARN AdminClientConfig: These configurations '[key.deserializer, value.deserializer, enable.auto.commit, max.poll.records, auto.offset.reset]' were supplied but are not used yet.
[2025-04-02T17:57:44.913+0000] {subprocess.py:93} INFO - 25/04/02 17:57:44 WARN AdminClientConfig: These configurations '[key.deserializer, value.deserializer, enable.auto.commit, max.poll.records, auto.offset.reset]' were supplied but are not used yet.
[2025-04-02T17:58:10.675+0000] {subprocess.py:93} INFO - [Stage 27:>                 (0 + 1) / 1][Stage 28:>                 (0 + 1) / 1][Stage 27:>                                                         (0 + 1) / 1][Stage 30:>                                                         (0 + 6) / 6][Stage 30:=========>                                                (1 + 5) / 6][Stage 30:================================================>         (5 + 1) / 6][Stage 37:>                                                         (0 + 1) / 1]                                                                                25/04/02 17:58:10 WARN package: Truncated the string representation of a plan since it was too large. This behavior can be adjusted by setting 'spark.sql.debug.maxToStringFields'.
[2025-04-02T17:58:14.105+0000] {subprocess.py:93} INFO - [Stage 41:>                                                        (0 + 6) / 50][Stage 41:=>                                                       (1 + 7) / 50][Stage 41:===========>                                            (10 + 7) / 50][Stage 41:======================>                                 (20 + 6) / 50][Stage 41:==============================>                         (27 + 6) / 50][Stage 41:=======================================>                (35 + 6) / 50][Stage 41:=================================================>      (44 + 6) / 50]                                                                                2025-03-03 2025-03-10
[2025-04-02T17:58:14.106+0000] {subprocess.py:93} INFO - kafka:29092 postgres.public.transaction_data
[2025-04-02T17:58:14.106+0000] {subprocess.py:93} INFO - minio:9000 transaction-data
[2025-04-02T17:58:14.106+0000] {subprocess.py:93} INFO - +------+--------------------+--------------------+---+-------------+-----------+
[2025-04-02T17:58:14.106+0000] {subprocess.py:93} INFO - |before|               after|              source| op|        ts_ms|transaction|
[2025-04-02T17:58:14.106+0000] {subprocess.py:93} INFO - +------+--------------------+--------------------+---+-------------+-----------+
[2025-04-02T17:58:14.106+0000] {subprocess.py:93} INFO - |  null|{1, user_000139, ...|{2.3.4.Final, pos...|  r|1743614686717|       null|
[2025-04-02T17:58:14.106+0000] {subprocess.py:93} INFO - |  null|{2, user_000228, ...|{2.3.4.Final, pos...|  r|1743614686723|       null|
[2025-04-02T17:58:14.106+0000] {subprocess.py:93} INFO - |  null|{3, user_000398, ...|{2.3.4.Final, pos...|  r|1743614686723|       null|
[2025-04-02T17:58:14.106+0000] {subprocess.py:93} INFO - |  null|{4, user_000056, ...|{2.3.4.Final, pos...|  r|1743614686723|       null|
[2025-04-02T17:58:14.107+0000] {subprocess.py:93} INFO - |  null|{5, user_000370, ...|{2.3.4.Final, pos...|  r|1743614686723|       null|
[2025-04-02T17:58:14.107+0000] {subprocess.py:93} INFO - +------+--------------------+--------------------+---+-------------+-----------+
[2025-04-02T17:58:14.107+0000] {subprocess.py:93} INFO - only showing top 5 rows
[2025-04-02T17:58:14.107+0000] {subprocess.py:93} INFO - 
[2025-04-02T17:58:14.107+0000] {subprocess.py:93} INFO - +---+-----------+--------------+------------------+---------------+---------------+-------------------+----------+
[2025-04-02T17:58:14.107+0000] {subprocess.py:93} INFO - | op|    User ID|Transaction ID|            Amount|         Vendor|        Sources|               Time|      date|
[2025-04-02T17:58:14.107+0000] {subprocess.py:93} INFO - +---+-----------+--------------+------------------+---------------+---------------+-------------------+----------+
[2025-04-02T17:58:14.107+0000] {subprocess.py:93} INFO - |  r|user_000242|  261935149420| 818.8463919955699|     Restaurant|Current Account|2025-03-03 03:28:42|2025-03-03|
[2025-04-02T17:58:14.107+0000] {subprocess.py:93} INFO - |  r|user_000375|  666402814774| 31.67694093695666|       Hospital|Current Account|2025-03-03 16:25:05|2025-03-03|
[2025-04-02T17:58:14.108+0000] {subprocess.py:93} INFO - |  r|user_000418|  903705729097| 566.6463192987351|Online Shopping|     Debit Card|2025-03-03 09:11:17|2025-03-03|
[2025-04-02T17:58:14.108+0000] {subprocess.py:93} INFO - |  r|user_000058|  161190330124|215.29140743698164|          Other|    Credit Card|2025-03-03 22:10:07|2025-03-03|
[2025-04-02T17:58:14.108+0000] {subprocess.py:93} INFO - |  r|user_000307|  405940765801| 384.9440316711471|  Entertainment|    Credit Card|2025-03-03 04:06:37|2025-03-03|
[2025-04-02T17:58:14.108+0000] {subprocess.py:93} INFO - +---+-----------+--------------+------------------+---------------+---------------+-------------------+----------+
[2025-04-02T17:58:14.108+0000] {subprocess.py:93} INFO - only showing top 5 rows
[2025-04-02T17:58:14.108+0000] {subprocess.py:93} INFO - 
[2025-04-02T17:58:14.108+0000] {subprocess.py:93} INFO - +-----------+--------------------+------------------+------------------+------------------+-----------------+---------------+---------------+
[2025-04-02T17:58:14.108+0000] {subprocess.py:93} INFO - |    User ID|num_transactions_l1w|  total_amount_l1w|    avg_amount_l1w|    min_amount_l1w|   max_amount_l1w|num_vendors_l1w|num_sources_l1w|
[2025-04-02T17:58:14.108+0000] {subprocess.py:93} INFO - +-----------+--------------------+------------------+------------------+------------------+-----------------+---------------+---------------+
[2025-04-02T17:58:14.108+0000] {subprocess.py:93} INFO - |user_000098|                  87| 46316.23673848826|  532.370537224003|25.558085680371196|977.8633100361836|             14|              3|
[2025-04-02T17:58:14.109+0000] {subprocess.py:93} INFO - |user_000066|                  81|  41987.5371886393| 518.3646566498678|10.763017157783388|998.2837668810041|             14|              3|
[2025-04-02T17:58:14.109+0000] {subprocess.py:93} INFO - |user_000424|                  67|34178.725482395144|510.13023108052454| 9.476531389119932|991.4515329120162|             14|              3|
[2025-04-02T17:58:14.109+0000] {subprocess.py:93} INFO - |user_000372|                  70|34623.361178210966| 494.6194454030138| 9.333289374984734|994.0037476182354|             14|              3|
[2025-04-02T17:58:14.109+0000] {subprocess.py:93} INFO - |user_000113|                  88| 41653.59036496173|473.33625414729244|2.5917412526710413|990.1509592557917|             12|              3|
[2025-04-02T17:58:14.109+0000] {subprocess.py:93} INFO - +-----------+--------------------+------------------+------------------+------------------+-----------------+---------------+---------------+
[2025-04-02T17:58:14.110+0000] {subprocess.py:93} INFO - only showing top 5 rows
[2025-04-02T17:58:14.110+0000] {subprocess.py:93} INFO - 
[2025-04-02T17:58:15.191+0000] {subprocess.py:97} INFO - Command exited with return code 0
[2025-04-02T17:58:15.350+0000] {taskinstance.py:1138} INFO - Marking task as SUCCESS. dag_id=gen_lxw_fts, task_id=calculate_fts, execution_date=20250309T230000, start_date=20250402T175444, end_date=20250402T175815
[2025-04-02T17:58:15.602+0000] {local_task_job_runner.py:234} INFO - Task exited with return code 0
[2025-04-02T17:58:15.636+0000] {taskinstance.py:3281} INFO - 0 downstream tasks scheduled from follow-on schedule check
