[2025-04-01T17:53:52.779+0000] {taskinstance.py:1957} INFO - Dependencies all met for dep_context=non-requeueable deps ti=<TaskInstance: gen_data_daily.gen_data_daily scheduled__2025-03-16T22:00:00+00:00 [queued]>
[2025-04-01T17:53:52.798+0000] {taskinstance.py:1957} INFO - Dependencies all met for dep_context=requeueable deps ti=<TaskInstance: gen_data_daily.gen_data_daily scheduled__2025-03-16T22:00:00+00:00 [queued]>
[2025-04-01T17:53:52.798+0000] {taskinstance.py:2171} INFO - Starting attempt 1 of 2
[2025-04-01T17:53:52.822+0000] {taskinstance.py:2192} INFO - Executing <Task(BashOperator): gen_data_daily> on 2025-03-16 22:00:00+00:00
[2025-04-01T17:53:52.831+0000] {standard_task_runner.py:60} INFO - Started process 946 to run task
[2025-04-01T17:53:52.838+0000] {standard_task_runner.py:87} INFO - Running: ['***', 'tasks', 'run', 'gen_data_daily', 'gen_data_daily', 'scheduled__2025-03-16T22:00:00+00:00', '--job-id', '34', '--raw', '--subdir', 'DAGS_FOLDER/gen_data_daily.py', '--cfg-path', '/tmp/tmp0dkke0nw']
[2025-04-01T17:53:52.839+0000] {standard_task_runner.py:88} INFO - Job 34: Subtask gen_data_daily
[2025-04-01T17:53:52.968+0000] {task_command.py:423} INFO - Running <TaskInstance: gen_data_daily.gen_data_daily scheduled__2025-03-16T22:00:00+00:00 [running]> on host 0b0a92439eeb
[2025-04-01T17:53:53.063+0000] {warnings.py:109} WARNING - /home/***/.local/lib/python3.8/site-packages/***/utils/context.py:207: AirflowContextDeprecationWarning: Accessing 'execution_date' from the template is deprecated and will be removed in a future version. Please use 'data_interval_start' or 'logical_date' instead.
  warnings.warn(_create_deprecation_warning(key, self._deprecation_replacements[key]))

[2025-04-01T17:53:53.118+0000] {taskinstance.py:2481} INFO - Exporting env vars: AIRFLOW_CTX_DAG_OWNER='longnv' AIRFLOW_CTX_DAG_ID='gen_data_daily' AIRFLOW_CTX_TASK_ID='gen_data_daily' AIRFLOW_CTX_EXECUTION_DATE='2025-03-16T22:00:00+00:00' AIRFLOW_CTX_TRY_NUMBER='1' AIRFLOW_CTX_DAG_RUN_ID='scheduled__2025-03-16T22:00:00+00:00'
[2025-04-01T17:53:53.119+0000] {subprocess.py:63} INFO - Tmp dir root location: /tmp
[2025-04-01T17:53:53.119+0000] {subprocess.py:75} INFO - Running command: ['/usr/bin/bash', '-c', '\n        python /opt/***/external_scripts/1_gen_transaction_data.py 2025-03-17\n        ']
[2025-04-01T17:53:53.135+0000] {subprocess.py:86} INFO - Output:
[2025-04-01T17:53:54.369+0000] {subprocess.py:93} INFO - Successfully inserted 5000 rows into transaction_data table at 2025-03-17
[2025-04-01T17:53:54.370+0000] {subprocess.py:93} INFO - Table contains 80000 rows
[2025-04-01T17:53:54.370+0000] {subprocess.py:93} INFO - Data generation and insertion complete at 2025-03-17
[2025-04-01T17:53:54.492+0000] {subprocess.py:97} INFO - Command exited with return code 0
[2025-04-01T17:53:54.537+0000] {taskinstance.py:1138} INFO - Marking task as SUCCESS. dag_id=gen_data_daily, task_id=gen_data_daily, execution_date=20250316T220000, start_date=20250401T175352, end_date=20250401T175354
[2025-04-01T17:53:54.582+0000] {local_task_job_runner.py:234} INFO - Task exited with return code 0
[2025-04-01T17:53:54.614+0000] {taskinstance.py:3281} INFO - 0 downstream tasks scheduled from follow-on schedule check
[2025-04-28T17:09:02.021+0000] {taskinstance.py:1957} INFO - Dependencies all met for dep_context=non-requeueable deps ti=<TaskInstance: gen_data_daily.gen_data_daily scheduled__2025-03-16T22:00:00+00:00 [queued]>
[2025-04-28T17:09:02.050+0000] {taskinstance.py:1957} INFO - Dependencies all met for dep_context=requeueable deps ti=<TaskInstance: gen_data_daily.gen_data_daily scheduled__2025-03-16T22:00:00+00:00 [queued]>
[2025-04-28T17:09:02.051+0000] {taskinstance.py:2171} INFO - Starting attempt 1 of 2
[2025-04-28T17:09:02.078+0000] {taskinstance.py:2192} INFO - Executing <Task(BashOperator): gen_data_daily> on 2025-03-16 22:00:00+00:00
[2025-04-28T17:09:02.089+0000] {standard_task_runner.py:60} INFO - Started process 44399 to run task
[2025-04-28T17:09:02.094+0000] {standard_task_runner.py:87} INFO - Running: ['***', 'tasks', 'run', 'gen_data_daily', 'gen_data_daily', 'scheduled__2025-03-16T22:00:00+00:00', '--job-id', '168', '--raw', '--subdir', 'DAGS_FOLDER/gen_data_daily.py', '--cfg-path', '/tmp/tmp6hymxqp5']
[2025-04-28T17:09:02.096+0000] {standard_task_runner.py:88} INFO - Job 168: Subtask gen_data_daily
[2025-04-28T17:09:02.154+0000] {task_command.py:423} INFO - Running <TaskInstance: gen_data_daily.gen_data_daily scheduled__2025-03-16T22:00:00+00:00 [running]> on host 45b38884c639
[2025-04-28T17:09:02.203+0000] {warnings.py:109} WARNING - /home/***/.local/lib/python3.8/site-packages/***/utils/context.py:207: AirflowContextDeprecationWarning: Accessing 'execution_date' from the template is deprecated and will be removed in a future version. Please use 'data_interval_start' or 'logical_date' instead.
  warnings.warn(_create_deprecation_warning(key, self._deprecation_replacements[key]))

[2025-04-28T17:09:02.251+0000] {taskinstance.py:2481} INFO - Exporting env vars: AIRFLOW_CTX_DAG_OWNER='longnv' AIRFLOW_CTX_DAG_ID='gen_data_daily' AIRFLOW_CTX_TASK_ID='gen_data_daily' AIRFLOW_CTX_EXECUTION_DATE='2025-03-16T22:00:00+00:00' AIRFLOW_CTX_TRY_NUMBER='1' AIRFLOW_CTX_DAG_RUN_ID='scheduled__2025-03-16T22:00:00+00:00'
[2025-04-28T17:09:02.252+0000] {subprocess.py:63} INFO - Tmp dir root location: /tmp
[2025-04-28T17:09:02.253+0000] {subprocess.py:75} INFO - Running command: ['/usr/bin/bash', '-c', '\n        python /opt/***/external_scripts/step_1_1_gen_transaction_data.py 2025-03-17\n        ']
[2025-04-28T17:09:02.265+0000] {subprocess.py:86} INFO - Output:
[2025-04-28T17:09:03.524+0000] {subprocess.py:97} INFO - Command exited with return code 0
[2025-04-28T17:09:03.549+0000] {taskinstance.py:1138} INFO - Marking task as SUCCESS. dag_id=gen_data_daily, task_id=gen_data_daily, execution_date=20250316T220000, start_date=20250428T170902, end_date=20250428T170903
[2025-04-28T17:09:03.626+0000] {local_task_job_runner.py:234} INFO - Task exited with return code 0
[2025-04-28T17:09:03.696+0000] {taskinstance.py:3281} INFO - 1 downstream tasks scheduled from follow-on schedule check
