2025-04-22 16:59:13,613 - __main__ - INFO - Kafka Bootstrap Servers: kafka:29092, CDC Transaction Topic: postgres.public.transaction_data
2025-04-22 16:59:13,613 - __main__ - INFO - MinIO Endpoint: minio:9000, MinIO Bucket: transaction-data
2025-04-22 17:12:37,595 - __main__ - INFO - Kafka Bootstrap Servers: kafka:29092, CDC Transaction Topic: postgres.public.transaction_data
2025-04-22 17:12:37,606 - __main__ - INFO - MinIO Endpoint: minio:9000, MinIO Bucket: transaction-data
2025-04-22 17:14:11,990 - __main__ - INFO - Kafka Bootstrap Servers: kafka:29092, CDC Transaction Topic: postgres.public.transaction_data
2025-04-22 17:14:11,990 - __main__ - INFO - MinIO Endpoint: minio:9000, MinIO Bucket: transaction-data
2025-04-22 17:28:04,670 - __main__ - INFO - Kafka Bootstrap Servers: kafka:29092, CDC Transaction Topic: postgres.public.transaction_data
2025-04-22 17:28:04,670 - __main__ - INFO - MinIO Endpoint: minio:9000, MinIO Bucket: transaction-data
2025-04-22 17:29:14,658 - __main__ - INFO - Distinct dates in the data: 7
2025-04-22 17:29:52,770 - __main__ - INFO - Data written to MinIO bucket: transaction-data/features
2025-04-22 17:29:52,770 - __main__ - INFO - Feature calculation completed successfully.
2025-04-22 17:38:57,391 - __main__ - INFO - Kafka Bootstrap Servers: kafka:29092, CDC Transaction Topic: postgres.public.transaction_data
2025-04-22 17:38:57,391 - __main__ - INFO - MinIO Endpoint: minio:9000, MinIO Bucket: transaction-data
2025-04-22 17:40:03,396 - __main__ - INFO - Distinct non-null dates in the data: 7
2025-04-22 17:40:44,321 - __main__ - INFO - Data written to MinIO bucket: transaction-data/features
2025-04-22 17:40:44,321 - __main__ - INFO - Feature calculation completed successfully.
2025-04-28 18:13:40,261 - __main__ - INFO - Starting feature calculation from 2025-03-01 to 2025-03-08
2025-04-28 18:13:40,263 - __main__ - INFO - MinIO Endpoint: minio:9000, MinIO Bucket: transaction-data
2025-04-28 18:14:28,481 - __main__ - INFO - Distinct non-null dates in the data: 7
2025-04-28 18:14:44,803 - __main__ - INFO - Data written to MinIO bucket: transaction-data/features
2025-04-28 18:14:44,804 - __main__ - INFO - Feature calculation completed successfully.
2025-04-28 18:19:30,937 - __main__ - INFO - Starting feature calculation from 2025-03-01 to 2025-03-08
2025-04-28 18:19:30,938 - __main__ - INFO - MinIO Endpoint: minio:9000, MinIO Bucket: transaction-data
2025-04-28 18:20:20,364 - __main__ - INFO - Distinct non-null dates in the data: 7
2025-04-28 18:20:34,239 - __main__ - INFO - Data written to MinIO bucket: transaction-data/features
2025-04-28 18:20:34,239 - __main__ - INFO - Feature calculation completed successfully.
