[2025-04-01T17:53:59.569+0000] {taskinstance.py:1957} INFO - Dependencies all met for dep_context=non-requeueable deps ti=<TaskInstance: gen_data_daily.gen_data_daily scheduled__2025-03-18T22:00:00+00:00 [queued]>
[2025-04-01T17:53:59.584+0000] {taskinstance.py:1957} INFO - Dependencies all met for dep_context=requeueable deps ti=<TaskInstance: gen_data_daily.gen_data_daily scheduled__2025-03-18T22:00:00+00:00 [queued]>
[2025-04-01T17:53:59.584+0000] {taskinstance.py:2171} INFO - Starting attempt 1 of 2
[2025-04-01T17:53:59.613+0000] {taskinstance.py:2192} INFO - Executing <Task(BashOperator): gen_data_daily> on 2025-03-18 22:00:00+00:00
[2025-04-01T17:53:59.621+0000] {standard_task_runner.py:60} INFO - Started process 968 to run task
[2025-04-01T17:53:59.627+0000] {standard_task_runner.py:87} INFO - Running: ['***', 'tasks', 'run', 'gen_data_daily', 'gen_data_daily', 'scheduled__2025-03-18T22:00:00+00:00', '--job-id', '36', '--raw', '--subdir', 'DAGS_FOLDER/gen_data_daily.py', '--cfg-path', '/tmp/tmpy1yehkyr']
[2025-04-01T17:53:59.628+0000] {standard_task_runner.py:88} INFO - Job 36: Subtask gen_data_daily
[2025-04-01T17:53:59.746+0000] {task_command.py:423} INFO - Running <TaskInstance: gen_data_daily.gen_data_daily scheduled__2025-03-18T22:00:00+00:00 [running]> on host 0b0a92439eeb
[2025-04-01T17:53:59.841+0000] {warnings.py:109} WARNING - /home/***/.local/lib/python3.8/site-packages/***/utils/context.py:207: AirflowContextDeprecationWarning: Accessing 'execution_date' from the template is deprecated and will be removed in a future version. Please use 'data_interval_start' or 'logical_date' instead.
  warnings.warn(_create_deprecation_warning(key, self._deprecation_replacements[key]))

[2025-04-01T17:53:59.895+0000] {taskinstance.py:2481} INFO - Exporting env vars: AIRFLOW_CTX_DAG_OWNER='longnv' AIRFLOW_CTX_DAG_ID='gen_data_daily' AIRFLOW_CTX_TASK_ID='gen_data_daily' AIRFLOW_CTX_EXECUTION_DATE='2025-03-18T22:00:00+00:00' AIRFLOW_CTX_TRY_NUMBER='1' AIRFLOW_CTX_DAG_RUN_ID='scheduled__2025-03-18T22:00:00+00:00'
[2025-04-01T17:53:59.896+0000] {subprocess.py:63} INFO - Tmp dir root location: /tmp
[2025-04-01T17:53:59.897+0000] {subprocess.py:75} INFO - Running command: ['/usr/bin/bash', '-c', '\n        python /opt/***/external_scripts/1_gen_transaction_data.py 2025-03-19\n        ']
[2025-04-01T17:53:59.912+0000] {subprocess.py:86} INFO - Output:
[2025-04-01T17:54:01.579+0000] {subprocess.py:93} INFO - Successfully inserted 5000 rows into transaction_data table at 2025-03-19
[2025-04-01T17:54:01.580+0000] {subprocess.py:93} INFO - Table contains 90000 rows
[2025-04-01T17:54:01.580+0000] {subprocess.py:93} INFO - Data generation and insertion complete at 2025-03-19
[2025-04-01T17:54:01.731+0000] {subprocess.py:97} INFO - Command exited with return code 0
[2025-04-01T17:54:01.893+0000] {taskinstance.py:1138} INFO - Marking task as SUCCESS. dag_id=gen_data_daily, task_id=gen_data_daily, execution_date=20250318T220000, start_date=20250401T175359, end_date=20250401T175401
[2025-04-01T17:54:01.986+0000] {local_task_job_runner.py:234} INFO - Task exited with return code 0
[2025-04-01T17:54:02.049+0000] {taskinstance.py:3281} INFO - 0 downstream tasks scheduled from follow-on schedule check
[2025-04-28T17:48:04.597+0000] {taskinstance.py:1957} INFO - Dependencies all met for dep_context=non-requeueable deps ti=<TaskInstance: gen_data_daily.gen_data_daily scheduled__2025-03-18T22:00:00+00:00 [queued]>
[2025-04-28T17:48:04.624+0000] {taskinstance.py:1957} INFO - Dependencies all met for dep_context=requeueable deps ti=<TaskInstance: gen_data_daily.gen_data_daily scheduled__2025-03-18T22:00:00+00:00 [queued]>
[2025-04-28T17:48:04.624+0000] {taskinstance.py:2171} INFO - Starting attempt 1 of 2
[2025-04-28T17:48:04.647+0000] {taskinstance.py:2192} INFO - Executing <Task(BashOperator): gen_data_daily> on 2025-03-18 22:00:00+00:00
[2025-04-28T17:48:04.659+0000] {standard_task_runner.py:60} INFO - Started process 802 to run task
[2025-04-28T17:48:04.664+0000] {standard_task_runner.py:87} INFO - Running: ['***', 'tasks', 'run', 'gen_data_daily', 'gen_data_daily', 'scheduled__2025-03-18T22:00:00+00:00', '--job-id', '263', '--raw', '--subdir', 'DAGS_FOLDER/gen_data_daily.py', '--cfg-path', '/tmp/tmpdv1ur8_8']
[2025-04-28T17:48:04.665+0000] {standard_task_runner.py:88} INFO - Job 263: Subtask gen_data_daily
[2025-04-28T17:48:04.758+0000] {task_command.py:423} INFO - Running <TaskInstance: gen_data_daily.gen_data_daily scheduled__2025-03-18T22:00:00+00:00 [running]> on host 45b38884c639
[2025-04-28T17:48:04.870+0000] {warnings.py:109} WARNING - /home/***/.local/lib/python3.8/site-packages/***/utils/context.py:207: AirflowContextDeprecationWarning: Accessing 'execution_date' from the template is deprecated and will be removed in a future version. Please use 'data_interval_start' or 'logical_date' instead.
  warnings.warn(_create_deprecation_warning(key, self._deprecation_replacements[key]))

[2025-04-28T17:48:05.004+0000] {taskinstance.py:2481} INFO - Exporting env vars: AIRFLOW_CTX_DAG_OWNER='longnv' AIRFLOW_CTX_DAG_ID='gen_data_daily' AIRFLOW_CTX_TASK_ID='gen_data_daily' AIRFLOW_CTX_EXECUTION_DATE='2025-03-18T22:00:00+00:00' AIRFLOW_CTX_TRY_NUMBER='1' AIRFLOW_CTX_DAG_RUN_ID='scheduled__2025-03-18T22:00:00+00:00'
[2025-04-28T17:48:05.006+0000] {subprocess.py:63} INFO - Tmp dir root location: /tmp
[2025-04-28T17:48:05.007+0000] {subprocess.py:75} INFO - Running command: ['/usr/bin/bash', '-c', '\n        python /opt/***/external_scripts/step_1_1_gen_transaction_data.py 2025-03-19\n        ']
[2025-04-28T17:48:05.026+0000] {subprocess.py:86} INFO - Output:
[2025-04-28T17:48:07.148+0000] {subprocess.py:97} INFO - Command exited with return code 0
[2025-04-28T17:48:07.186+0000] {taskinstance.py:1138} INFO - Marking task as SUCCESS. dag_id=gen_data_daily, task_id=gen_data_daily, execution_date=20250318T220000, start_date=20250428T174804, end_date=20250428T174807
[2025-04-28T17:48:07.249+0000] {local_task_job_runner.py:234} INFO - Task exited with return code 0
[2025-04-28T17:48:07.282+0000] {taskinstance.py:3281} INFO - 1 downstream tasks scheduled from follow-on schedule check
