[2025-05-07T15:04:58.865+0000] {processor.py:161} INFO - Started process (PID=11035) to work on /opt/airflow/dags/gen_data_daily.py
[2025-05-07T15:04:58.867+0000] {processor.py:830} INFO - Processing file /opt/airflow/dags/gen_data_daily.py for tasks to queue
[2025-05-07T15:04:58.885+0000] {logging_mixin.py:188} INFO - [2025-05-07T15:04:58.884+0000] {dagbag.py:538} INFO - Filling up the DagBag from /opt/airflow/dags/gen_data_daily.py
[2025-05-07T15:04:58.959+0000] {processor.py:840} INFO - DAG(s) 'gen_data_daily' retrieved from /opt/airflow/dags/gen_data_daily.py
[2025-05-07T15:04:59.288+0000] {logging_mixin.py:188} INFO - [2025-05-07T15:04:59.288+0000] {dag.py:3033} INFO - Sync 1 DAGs
[2025-05-07T15:04:59.480+0000] {logging_mixin.py:188} INFO - [2025-05-07T15:04:59.480+0000] {dag.py:3820} INFO - Setting next_dagrun for gen_data_daily to None, run_after=None
[2025-05-07T15:04:59.603+0000] {processor.py:183} INFO - Processing /opt/airflow/dags/gen_data_daily.py took 0.743 seconds
[2025-05-07T15:05:30.539+0000] {processor.py:161} INFO - Started process (PID=11043) to work on /opt/airflow/dags/gen_data_daily.py
[2025-05-07T15:05:30.542+0000] {processor.py:830} INFO - Processing file /opt/airflow/dags/gen_data_daily.py for tasks to queue
[2025-05-07T15:05:30.547+0000] {logging_mixin.py:188} INFO - [2025-05-07T15:05:30.546+0000] {dagbag.py:538} INFO - Filling up the DagBag from /opt/airflow/dags/gen_data_daily.py
[2025-05-07T15:05:30.583+0000] {processor.py:840} INFO - DAG(s) 'gen_data_daily' retrieved from /opt/airflow/dags/gen_data_daily.py
[2025-05-07T15:05:30.640+0000] {logging_mixin.py:188} INFO - [2025-05-07T15:05:30.640+0000] {dag.py:3033} INFO - Sync 1 DAGs
[2025-05-07T15:05:30.685+0000] {logging_mixin.py:188} INFO - [2025-05-07T15:05:30.685+0000] {dag.py:3820} INFO - Setting next_dagrun for gen_data_daily to None, run_after=None
[2025-05-07T15:05:30.761+0000] {processor.py:183} INFO - Processing /opt/airflow/dags/gen_data_daily.py took 0.234 seconds
[2025-05-07T15:06:01.328+0000] {processor.py:161} INFO - Started process (PID=11051) to work on /opt/airflow/dags/gen_data_daily.py
[2025-05-07T15:06:01.329+0000] {processor.py:830} INFO - Processing file /opt/airflow/dags/gen_data_daily.py for tasks to queue
[2025-05-07T15:06:01.334+0000] {logging_mixin.py:188} INFO - [2025-05-07T15:06:01.334+0000] {dagbag.py:538} INFO - Filling up the DagBag from /opt/airflow/dags/gen_data_daily.py
[2025-05-07T15:06:01.360+0000] {processor.py:840} INFO - DAG(s) 'gen_data_daily' retrieved from /opt/airflow/dags/gen_data_daily.py
[2025-05-07T15:06:01.404+0000] {logging_mixin.py:188} INFO - [2025-05-07T15:06:01.404+0000] {dag.py:3033} INFO - Sync 1 DAGs
[2025-05-07T15:06:01.447+0000] {logging_mixin.py:188} INFO - [2025-05-07T15:06:01.447+0000] {dag.py:3820} INFO - Setting next_dagrun for gen_data_daily to None, run_after=None
[2025-05-07T15:06:01.481+0000] {processor.py:183} INFO - Processing /opt/airflow/dags/gen_data_daily.py took 0.159 seconds
[2025-05-07T15:06:32.262+0000] {processor.py:161} INFO - Started process (PID=11060) to work on /opt/airflow/dags/gen_data_daily.py
[2025-05-07T15:06:32.295+0000] {processor.py:830} INFO - Processing file /opt/airflow/dags/gen_data_daily.py for tasks to queue
[2025-05-07T15:06:32.298+0000] {logging_mixin.py:188} INFO - [2025-05-07T15:06:32.298+0000] {dagbag.py:538} INFO - Filling up the DagBag from /opt/airflow/dags/gen_data_daily.py
[2025-05-07T15:06:32.313+0000] {processor.py:840} INFO - DAG(s) 'gen_data_daily' retrieved from /opt/airflow/dags/gen_data_daily.py
[2025-05-07T15:06:32.377+0000] {logging_mixin.py:188} INFO - [2025-05-07T15:06:32.377+0000] {dag.py:3033} INFO - Sync 1 DAGs
[2025-05-07T15:06:32.425+0000] {logging_mixin.py:188} INFO - [2025-05-07T15:06:32.425+0000] {dag.py:3820} INFO - Setting next_dagrun for gen_data_daily to None, run_after=None
[2025-05-07T15:06:32.466+0000] {processor.py:183} INFO - Processing /opt/airflow/dags/gen_data_daily.py took 0.207 seconds
[2025-05-07T15:07:02.610+0000] {processor.py:161} INFO - Started process (PID=11068) to work on /opt/airflow/dags/gen_data_daily.py
[2025-05-07T15:07:02.620+0000] {processor.py:830} INFO - Processing file /opt/airflow/dags/gen_data_daily.py for tasks to queue
[2025-05-07T15:07:02.625+0000] {logging_mixin.py:188} INFO - [2025-05-07T15:07:02.625+0000] {dagbag.py:538} INFO - Filling up the DagBag from /opt/airflow/dags/gen_data_daily.py
[2025-05-07T15:07:02.649+0000] {processor.py:840} INFO - DAG(s) 'gen_data_daily' retrieved from /opt/airflow/dags/gen_data_daily.py
[2025-05-07T15:07:02.686+0000] {logging_mixin.py:188} INFO - [2025-05-07T15:07:02.686+0000] {dag.py:3033} INFO - Sync 1 DAGs
[2025-05-07T15:07:02.725+0000] {logging_mixin.py:188} INFO - [2025-05-07T15:07:02.724+0000] {dag.py:3820} INFO - Setting next_dagrun for gen_data_daily to None, run_after=None
[2025-05-07T15:07:02.752+0000] {processor.py:183} INFO - Processing /opt/airflow/dags/gen_data_daily.py took 0.151 seconds
[2025-05-07T15:07:33.428+0000] {processor.py:161} INFO - Started process (PID=11077) to work on /opt/airflow/dags/gen_data_daily.py
[2025-05-07T15:07:33.430+0000] {processor.py:830} INFO - Processing file /opt/airflow/dags/gen_data_daily.py for tasks to queue
[2025-05-07T15:07:33.432+0000] {logging_mixin.py:188} INFO - [2025-05-07T15:07:33.432+0000] {dagbag.py:538} INFO - Filling up the DagBag from /opt/airflow/dags/gen_data_daily.py
[2025-05-07T15:07:33.447+0000] {processor.py:840} INFO - DAG(s) 'gen_data_daily' retrieved from /opt/airflow/dags/gen_data_daily.py
[2025-05-07T15:07:33.484+0000] {logging_mixin.py:188} INFO - [2025-05-07T15:07:33.484+0000] {dag.py:3033} INFO - Sync 1 DAGs
[2025-05-07T15:07:33.517+0000] {logging_mixin.py:188} INFO - [2025-05-07T15:07:33.516+0000] {dag.py:3820} INFO - Setting next_dagrun for gen_data_daily to None, run_after=None
[2025-05-07T15:07:33.576+0000] {processor.py:183} INFO - Processing /opt/airflow/dags/gen_data_daily.py took 0.152 seconds
[2025-05-07T15:08:04.081+0000] {processor.py:161} INFO - Started process (PID=11085) to work on /opt/airflow/dags/gen_data_daily.py
[2025-05-07T15:08:04.093+0000] {processor.py:830} INFO - Processing file /opt/airflow/dags/gen_data_daily.py for tasks to queue
[2025-05-07T15:08:04.095+0000] {logging_mixin.py:188} INFO - [2025-05-07T15:08:04.095+0000] {dagbag.py:538} INFO - Filling up the DagBag from /opt/airflow/dags/gen_data_daily.py
[2025-05-07T15:08:04.124+0000] {processor.py:840} INFO - DAG(s) 'gen_data_daily' retrieved from /opt/airflow/dags/gen_data_daily.py
[2025-05-07T15:08:04.156+0000] {logging_mixin.py:188} INFO - [2025-05-07T15:08:04.156+0000] {dag.py:3033} INFO - Sync 1 DAGs
[2025-05-07T15:08:04.196+0000] {logging_mixin.py:188} INFO - [2025-05-07T15:08:04.196+0000] {dag.py:3820} INFO - Setting next_dagrun for gen_data_daily to None, run_after=None
[2025-05-07T15:08:04.237+0000] {processor.py:183} INFO - Processing /opt/airflow/dags/gen_data_daily.py took 0.159 seconds
[2025-05-07T15:08:34.627+0000] {processor.py:161} INFO - Started process (PID=11092) to work on /opt/airflow/dags/gen_data_daily.py
[2025-05-07T15:08:34.632+0000] {processor.py:830} INFO - Processing file /opt/airflow/dags/gen_data_daily.py for tasks to queue
[2025-05-07T15:08:34.635+0000] {logging_mixin.py:188} INFO - [2025-05-07T15:08:34.635+0000] {dagbag.py:538} INFO - Filling up the DagBag from /opt/airflow/dags/gen_data_daily.py
[2025-05-07T15:08:34.654+0000] {processor.py:840} INFO - DAG(s) 'gen_data_daily' retrieved from /opt/airflow/dags/gen_data_daily.py
[2025-05-07T15:08:34.690+0000] {logging_mixin.py:188} INFO - [2025-05-07T15:08:34.690+0000] {dag.py:3033} INFO - Sync 1 DAGs
[2025-05-07T15:08:34.726+0000] {logging_mixin.py:188} INFO - [2025-05-07T15:08:34.726+0000] {dag.py:3820} INFO - Setting next_dagrun for gen_data_daily to None, run_after=None
[2025-05-07T15:08:34.777+0000] {processor.py:183} INFO - Processing /opt/airflow/dags/gen_data_daily.py took 0.154 seconds
[2025-05-07T15:09:04.878+0000] {processor.py:161} INFO - Started process (PID=11100) to work on /opt/airflow/dags/gen_data_daily.py
[2025-05-07T15:09:04.890+0000] {processor.py:830} INFO - Processing file /opt/airflow/dags/gen_data_daily.py for tasks to queue
[2025-05-07T15:09:04.893+0000] {logging_mixin.py:188} INFO - [2025-05-07T15:09:04.892+0000] {dagbag.py:538} INFO - Filling up the DagBag from /opt/airflow/dags/gen_data_daily.py
[2025-05-07T15:09:04.947+0000] {processor.py:840} INFO - DAG(s) 'gen_data_daily' retrieved from /opt/airflow/dags/gen_data_daily.py
[2025-05-07T15:09:05.004+0000] {logging_mixin.py:188} INFO - [2025-05-07T15:09:05.004+0000] {dag.py:3033} INFO - Sync 1 DAGs
[2025-05-07T15:09:05.034+0000] {logging_mixin.py:188} INFO - [2025-05-07T15:09:05.034+0000] {dag.py:3820} INFO - Setting next_dagrun for gen_data_daily to None, run_after=None
[2025-05-07T15:09:05.072+0000] {processor.py:183} INFO - Processing /opt/airflow/dags/gen_data_daily.py took 0.198 seconds
[2025-05-07T15:09:35.165+0000] {processor.py:161} INFO - Started process (PID=11108) to work on /opt/airflow/dags/gen_data_daily.py
[2025-05-07T15:09:35.211+0000] {processor.py:830} INFO - Processing file /opt/airflow/dags/gen_data_daily.py for tasks to queue
[2025-05-07T15:09:35.214+0000] {logging_mixin.py:188} INFO - [2025-05-07T15:09:35.214+0000] {dagbag.py:538} INFO - Filling up the DagBag from /opt/airflow/dags/gen_data_daily.py
[2025-05-07T15:09:35.296+0000] {processor.py:840} INFO - DAG(s) 'gen_data_daily' retrieved from /opt/airflow/dags/gen_data_daily.py
[2025-05-07T15:09:35.389+0000] {logging_mixin.py:188} INFO - [2025-05-07T15:09:35.389+0000] {dag.py:3033} INFO - Sync 1 DAGs
[2025-05-07T15:09:35.436+0000] {logging_mixin.py:188} INFO - [2025-05-07T15:09:35.435+0000] {dag.py:3820} INFO - Setting next_dagrun for gen_data_daily to None, run_after=None
[2025-05-07T15:09:35.516+0000] {processor.py:183} INFO - Processing /opt/airflow/dags/gen_data_daily.py took 0.355 seconds
[2025-05-07T15:10:05.764+0000] {processor.py:161} INFO - Started process (PID=11116) to work on /opt/airflow/dags/gen_data_daily.py
[2025-05-07T15:10:05.784+0000] {processor.py:830} INFO - Processing file /opt/airflow/dags/gen_data_daily.py for tasks to queue
[2025-05-07T15:10:05.787+0000] {logging_mixin.py:188} INFO - [2025-05-07T15:10:05.787+0000] {dagbag.py:538} INFO - Filling up the DagBag from /opt/airflow/dags/gen_data_daily.py
[2025-05-07T15:10:05.805+0000] {processor.py:840} INFO - DAG(s) 'gen_data_daily' retrieved from /opt/airflow/dags/gen_data_daily.py
[2025-05-07T15:10:05.839+0000] {logging_mixin.py:188} INFO - [2025-05-07T15:10:05.839+0000] {dag.py:3033} INFO - Sync 1 DAGs
[2025-05-07T15:10:05.865+0000] {logging_mixin.py:188} INFO - [2025-05-07T15:10:05.864+0000] {dag.py:3820} INFO - Setting next_dagrun for gen_data_daily to None, run_after=None
[2025-05-07T15:10:05.892+0000] {processor.py:183} INFO - Processing /opt/airflow/dags/gen_data_daily.py took 0.133 seconds
[2025-05-07T15:10:36.298+0000] {processor.py:161} INFO - Started process (PID=11124) to work on /opt/airflow/dags/gen_data_daily.py
[2025-05-07T15:10:36.316+0000] {processor.py:830} INFO - Processing file /opt/airflow/dags/gen_data_daily.py for tasks to queue
[2025-05-07T15:10:36.319+0000] {logging_mixin.py:188} INFO - [2025-05-07T15:10:36.319+0000] {dagbag.py:538} INFO - Filling up the DagBag from /opt/airflow/dags/gen_data_daily.py
[2025-05-07T15:10:36.336+0000] {processor.py:840} INFO - DAG(s) 'gen_data_daily' retrieved from /opt/airflow/dags/gen_data_daily.py
[2025-05-07T15:10:36.370+0000] {logging_mixin.py:188} INFO - [2025-05-07T15:10:36.369+0000] {dag.py:3033} INFO - Sync 1 DAGs
[2025-05-07T15:10:36.400+0000] {logging_mixin.py:188} INFO - [2025-05-07T15:10:36.400+0000] {dag.py:3820} INFO - Setting next_dagrun for gen_data_daily to None, run_after=None
[2025-05-07T15:10:36.428+0000] {processor.py:183} INFO - Processing /opt/airflow/dags/gen_data_daily.py took 0.135 seconds
[2025-05-07T15:11:07.023+0000] {processor.py:161} INFO - Started process (PID=11132) to work on /opt/airflow/dags/gen_data_daily.py
[2025-05-07T15:11:07.024+0000] {processor.py:830} INFO - Processing file /opt/airflow/dags/gen_data_daily.py for tasks to queue
[2025-05-07T15:11:07.026+0000] {logging_mixin.py:188} INFO - [2025-05-07T15:11:07.026+0000] {dagbag.py:538} INFO - Filling up the DagBag from /opt/airflow/dags/gen_data_daily.py
[2025-05-07T15:11:07.043+0000] {processor.py:840} INFO - DAG(s) 'gen_data_daily' retrieved from /opt/airflow/dags/gen_data_daily.py
[2025-05-07T15:11:07.077+0000] {logging_mixin.py:188} INFO - [2025-05-07T15:11:07.077+0000] {dag.py:3033} INFO - Sync 1 DAGs
[2025-05-07T15:11:07.109+0000] {logging_mixin.py:188} INFO - [2025-05-07T15:11:07.108+0000] {dag.py:3820} INFO - Setting next_dagrun for gen_data_daily to None, run_after=None
[2025-05-07T15:11:07.141+0000] {processor.py:183} INFO - Processing /opt/airflow/dags/gen_data_daily.py took 0.123 seconds
[2025-05-07T15:11:37.215+0000] {processor.py:161} INFO - Started process (PID=11141) to work on /opt/airflow/dags/gen_data_daily.py
[2025-05-07T15:11:37.216+0000] {processor.py:830} INFO - Processing file /opt/airflow/dags/gen_data_daily.py for tasks to queue
[2025-05-07T15:11:37.220+0000] {logging_mixin.py:188} INFO - [2025-05-07T15:11:37.220+0000] {dagbag.py:538} INFO - Filling up the DagBag from /opt/airflow/dags/gen_data_daily.py
[2025-05-07T15:11:37.238+0000] {processor.py:840} INFO - DAG(s) 'gen_data_daily' retrieved from /opt/airflow/dags/gen_data_daily.py
[2025-05-07T15:11:37.272+0000] {logging_mixin.py:188} INFO - [2025-05-07T15:11:37.272+0000] {dag.py:3033} INFO - Sync 1 DAGs
[2025-05-07T15:11:37.304+0000] {logging_mixin.py:188} INFO - [2025-05-07T15:11:37.303+0000] {dag.py:3820} INFO - Setting next_dagrun for gen_data_daily to None, run_after=None
[2025-05-07T15:11:37.339+0000] {processor.py:183} INFO - Processing /opt/airflow/dags/gen_data_daily.py took 0.129 seconds
[2025-05-07T15:12:08.231+0000] {processor.py:161} INFO - Started process (PID=11149) to work on /opt/airflow/dags/gen_data_daily.py
[2025-05-07T15:12:08.249+0000] {processor.py:830} INFO - Processing file /opt/airflow/dags/gen_data_daily.py for tasks to queue
[2025-05-07T15:12:08.251+0000] {logging_mixin.py:188} INFO - [2025-05-07T15:12:08.251+0000] {dagbag.py:538} INFO - Filling up the DagBag from /opt/airflow/dags/gen_data_daily.py
[2025-05-07T15:12:08.267+0000] {processor.py:840} INFO - DAG(s) 'gen_data_daily' retrieved from /opt/airflow/dags/gen_data_daily.py
[2025-05-07T15:12:08.301+0000] {logging_mixin.py:188} INFO - [2025-05-07T15:12:08.301+0000] {dag.py:3033} INFO - Sync 1 DAGs
[2025-05-07T15:12:08.326+0000] {logging_mixin.py:188} INFO - [2025-05-07T15:12:08.326+0000] {dag.py:3820} INFO - Setting next_dagrun for gen_data_daily to None, run_after=None
[2025-05-07T15:12:08.357+0000] {processor.py:183} INFO - Processing /opt/airflow/dags/gen_data_daily.py took 0.129 seconds
[2025-05-07T15:12:39.054+0000] {processor.py:161} INFO - Started process (PID=11157) to work on /opt/airflow/dags/gen_data_daily.py
[2025-05-07T15:12:39.056+0000] {processor.py:830} INFO - Processing file /opt/airflow/dags/gen_data_daily.py for tasks to queue
[2025-05-07T15:12:39.058+0000] {logging_mixin.py:188} INFO - [2025-05-07T15:12:39.058+0000] {dagbag.py:538} INFO - Filling up the DagBag from /opt/airflow/dags/gen_data_daily.py
[2025-05-07T15:12:39.075+0000] {processor.py:840} INFO - DAG(s) 'gen_data_daily' retrieved from /opt/airflow/dags/gen_data_daily.py
[2025-05-07T15:12:39.107+0000] {logging_mixin.py:188} INFO - [2025-05-07T15:12:39.107+0000] {dag.py:3033} INFO - Sync 1 DAGs
[2025-05-07T15:12:39.133+0000] {logging_mixin.py:188} INFO - [2025-05-07T15:12:39.133+0000] {dag.py:3820} INFO - Setting next_dagrun for gen_data_daily to None, run_after=None
[2025-05-07T15:12:39.160+0000] {processor.py:183} INFO - Processing /opt/airflow/dags/gen_data_daily.py took 0.110 seconds
[2025-05-07T15:13:09.409+0000] {processor.py:161} INFO - Started process (PID=11165) to work on /opt/airflow/dags/gen_data_daily.py
[2025-05-07T15:13:09.410+0000] {processor.py:830} INFO - Processing file /opt/airflow/dags/gen_data_daily.py for tasks to queue
[2025-05-07T15:13:09.414+0000] {logging_mixin.py:188} INFO - [2025-05-07T15:13:09.413+0000] {dagbag.py:538} INFO - Filling up the DagBag from /opt/airflow/dags/gen_data_daily.py
[2025-05-07T15:13:09.430+0000] {processor.py:840} INFO - DAG(s) 'gen_data_daily' retrieved from /opt/airflow/dags/gen_data_daily.py
[2025-05-07T15:13:09.465+0000] {logging_mixin.py:188} INFO - [2025-05-07T15:13:09.464+0000] {dag.py:3033} INFO - Sync 1 DAGs
[2025-05-07T15:13:09.494+0000] {logging_mixin.py:188} INFO - [2025-05-07T15:13:09.493+0000] {dag.py:3820} INFO - Setting next_dagrun for gen_data_daily to None, run_after=None
[2025-05-07T15:13:09.518+0000] {processor.py:183} INFO - Processing /opt/airflow/dags/gen_data_daily.py took 0.114 seconds
[2025-05-07T15:13:39.853+0000] {processor.py:161} INFO - Started process (PID=11173) to work on /opt/airflow/dags/gen_data_daily.py
[2025-05-07T15:13:39.854+0000] {processor.py:830} INFO - Processing file /opt/airflow/dags/gen_data_daily.py for tasks to queue
[2025-05-07T15:13:39.859+0000] {logging_mixin.py:188} INFO - [2025-05-07T15:13:39.858+0000] {dagbag.py:538} INFO - Filling up the DagBag from /opt/airflow/dags/gen_data_daily.py
[2025-05-07T15:13:39.876+0000] {processor.py:840} INFO - DAG(s) 'gen_data_daily' retrieved from /opt/airflow/dags/gen_data_daily.py
[2025-05-07T15:13:39.912+0000] {logging_mixin.py:188} INFO - [2025-05-07T15:13:39.912+0000] {dag.py:3033} INFO - Sync 1 DAGs
[2025-05-07T15:13:39.940+0000] {logging_mixin.py:188} INFO - [2025-05-07T15:13:39.939+0000] {dag.py:3820} INFO - Setting next_dagrun for gen_data_daily to None, run_after=None
[2025-05-07T15:13:39.976+0000] {processor.py:183} INFO - Processing /opt/airflow/dags/gen_data_daily.py took 0.127 seconds
[2025-05-07T15:14:10.201+0000] {processor.py:161} INFO - Started process (PID=11181) to work on /opt/airflow/dags/gen_data_daily.py
[2025-05-07T15:14:10.215+0000] {processor.py:830} INFO - Processing file /opt/airflow/dags/gen_data_daily.py for tasks to queue
[2025-05-07T15:14:10.219+0000] {logging_mixin.py:188} INFO - [2025-05-07T15:14:10.219+0000] {dagbag.py:538} INFO - Filling up the DagBag from /opt/airflow/dags/gen_data_daily.py
[2025-05-07T15:14:10.233+0000] {processor.py:840} INFO - DAG(s) 'gen_data_daily' retrieved from /opt/airflow/dags/gen_data_daily.py
[2025-05-07T15:14:10.269+0000] {logging_mixin.py:188} INFO - [2025-05-07T15:14:10.268+0000] {dag.py:3033} INFO - Sync 1 DAGs
[2025-05-07T15:14:10.300+0000] {logging_mixin.py:188} INFO - [2025-05-07T15:14:10.299+0000] {dag.py:3820} INFO - Setting next_dagrun for gen_data_daily to None, run_after=None
[2025-05-07T15:14:10.334+0000] {processor.py:183} INFO - Processing /opt/airflow/dags/gen_data_daily.py took 0.137 seconds
[2025-05-07T15:14:40.463+0000] {processor.py:161} INFO - Started process (PID=11189) to work on /opt/airflow/dags/gen_data_daily.py
[2025-05-07T15:14:40.464+0000] {processor.py:830} INFO - Processing file /opt/airflow/dags/gen_data_daily.py for tasks to queue
[2025-05-07T15:14:40.467+0000] {logging_mixin.py:188} INFO - [2025-05-07T15:14:40.467+0000] {dagbag.py:538} INFO - Filling up the DagBag from /opt/airflow/dags/gen_data_daily.py
[2025-05-07T15:14:40.484+0000] {processor.py:840} INFO - DAG(s) 'gen_data_daily' retrieved from /opt/airflow/dags/gen_data_daily.py
[2025-05-07T15:14:40.522+0000] {logging_mixin.py:188} INFO - [2025-05-07T15:14:40.522+0000] {dag.py:3033} INFO - Sync 1 DAGs
[2025-05-07T15:14:40.548+0000] {logging_mixin.py:188} INFO - [2025-05-07T15:14:40.548+0000] {dag.py:3820} INFO - Setting next_dagrun for gen_data_daily to None, run_after=None
[2025-05-07T15:14:40.584+0000] {processor.py:183} INFO - Processing /opt/airflow/dags/gen_data_daily.py took 0.128 seconds
[2025-05-07T15:15:10.898+0000] {processor.py:161} INFO - Started process (PID=11197) to work on /opt/airflow/dags/gen_data_daily.py
[2025-05-07T15:15:10.899+0000] {processor.py:830} INFO - Processing file /opt/airflow/dags/gen_data_daily.py for tasks to queue
[2025-05-07T15:15:10.906+0000] {logging_mixin.py:188} INFO - [2025-05-07T15:15:10.905+0000] {dagbag.py:538} INFO - Filling up the DagBag from /opt/airflow/dags/gen_data_daily.py
[2025-05-07T15:15:10.927+0000] {processor.py:840} INFO - DAG(s) 'gen_data_daily' retrieved from /opt/airflow/dags/gen_data_daily.py
[2025-05-07T15:15:10.968+0000] {logging_mixin.py:188} INFO - [2025-05-07T15:15:10.968+0000] {dag.py:3033} INFO - Sync 1 DAGs
[2025-05-07T15:15:11.011+0000] {logging_mixin.py:188} INFO - [2025-05-07T15:15:11.011+0000] {dag.py:3820} INFO - Setting next_dagrun for gen_data_daily to None, run_after=None
[2025-05-07T15:15:11.048+0000] {processor.py:183} INFO - Processing /opt/airflow/dags/gen_data_daily.py took 0.154 seconds
[2025-05-07T15:15:41.471+0000] {processor.py:161} INFO - Started process (PID=11205) to work on /opt/airflow/dags/gen_data_daily.py
[2025-05-07T15:15:41.472+0000] {processor.py:830} INFO - Processing file /opt/airflow/dags/gen_data_daily.py for tasks to queue
[2025-05-07T15:15:41.475+0000] {logging_mixin.py:188} INFO - [2025-05-07T15:15:41.475+0000] {dagbag.py:538} INFO - Filling up the DagBag from /opt/airflow/dags/gen_data_daily.py
[2025-05-07T15:15:41.498+0000] {processor.py:840} INFO - DAG(s) 'gen_data_daily' retrieved from /opt/airflow/dags/gen_data_daily.py
[2025-05-07T15:15:41.541+0000] {logging_mixin.py:188} INFO - [2025-05-07T15:15:41.541+0000] {dag.py:3033} INFO - Sync 1 DAGs
[2025-05-07T15:15:41.568+0000] {logging_mixin.py:188} INFO - [2025-05-07T15:15:41.568+0000] {dag.py:3820} INFO - Setting next_dagrun for gen_data_daily to None, run_after=None
[2025-05-07T15:15:41.624+0000] {processor.py:183} INFO - Processing /opt/airflow/dags/gen_data_daily.py took 0.157 seconds
[2025-05-07T15:16:11.805+0000] {processor.py:161} INFO - Started process (PID=11213) to work on /opt/airflow/dags/gen_data_daily.py
[2025-05-07T15:16:11.836+0000] {processor.py:830} INFO - Processing file /opt/airflow/dags/gen_data_daily.py for tasks to queue
[2025-05-07T15:16:11.838+0000] {logging_mixin.py:188} INFO - [2025-05-07T15:16:11.838+0000] {dagbag.py:538} INFO - Filling up the DagBag from /opt/airflow/dags/gen_data_daily.py
[2025-05-07T15:16:11.853+0000] {processor.py:840} INFO - DAG(s) 'gen_data_daily' retrieved from /opt/airflow/dags/gen_data_daily.py
[2025-05-07T15:16:11.888+0000] {logging_mixin.py:188} INFO - [2025-05-07T15:16:11.888+0000] {dag.py:3033} INFO - Sync 1 DAGs
[2025-05-07T15:16:11.921+0000] {logging_mixin.py:188} INFO - [2025-05-07T15:16:11.921+0000] {dag.py:3820} INFO - Setting next_dagrun for gen_data_daily to None, run_after=None
[2025-05-07T15:16:11.972+0000] {processor.py:183} INFO - Processing /opt/airflow/dags/gen_data_daily.py took 0.172 seconds
[2025-05-07T15:16:42.126+0000] {processor.py:161} INFO - Started process (PID=11221) to work on /opt/airflow/dags/gen_data_daily.py
[2025-05-07T15:16:42.128+0000] {processor.py:830} INFO - Processing file /opt/airflow/dags/gen_data_daily.py for tasks to queue
[2025-05-07T15:16:42.134+0000] {logging_mixin.py:188} INFO - [2025-05-07T15:16:42.134+0000] {dagbag.py:538} INFO - Filling up the DagBag from /opt/airflow/dags/gen_data_daily.py
[2025-05-07T15:16:42.153+0000] {processor.py:840} INFO - DAG(s) 'gen_data_daily' retrieved from /opt/airflow/dags/gen_data_daily.py
[2025-05-07T15:16:42.189+0000] {logging_mixin.py:188} INFO - [2025-05-07T15:16:42.189+0000] {dag.py:3033} INFO - Sync 1 DAGs
[2025-05-07T15:16:42.211+0000] {logging_mixin.py:188} INFO - [2025-05-07T15:16:42.210+0000] {dag.py:3820} INFO - Setting next_dagrun for gen_data_daily to None, run_after=None
[2025-05-07T15:16:42.249+0000] {processor.py:183} INFO - Processing /opt/airflow/dags/gen_data_daily.py took 0.127 seconds
[2025-05-07T15:17:13.178+0000] {processor.py:161} INFO - Started process (PID=11229) to work on /opt/airflow/dags/gen_data_daily.py
[2025-05-07T15:17:13.179+0000] {processor.py:830} INFO - Processing file /opt/airflow/dags/gen_data_daily.py for tasks to queue
[2025-05-07T15:17:13.184+0000] {logging_mixin.py:188} INFO - [2025-05-07T15:17:13.183+0000] {dagbag.py:538} INFO - Filling up the DagBag from /opt/airflow/dags/gen_data_daily.py
[2025-05-07T15:17:13.207+0000] {processor.py:840} INFO - DAG(s) 'gen_data_daily' retrieved from /opt/airflow/dags/gen_data_daily.py
[2025-05-07T15:17:13.258+0000] {logging_mixin.py:188} INFO - [2025-05-07T15:17:13.258+0000] {dag.py:3033} INFO - Sync 1 DAGs
[2025-05-07T15:17:13.305+0000] {logging_mixin.py:188} INFO - [2025-05-07T15:17:13.305+0000] {dag.py:3820} INFO - Setting next_dagrun for gen_data_daily to None, run_after=None
[2025-05-07T15:17:13.358+0000] {processor.py:183} INFO - Processing /opt/airflow/dags/gen_data_daily.py took 0.186 seconds
[2025-05-07T15:17:43.416+0000] {processor.py:161} INFO - Started process (PID=11237) to work on /opt/airflow/dags/gen_data_daily.py
[2025-05-07T15:17:43.418+0000] {processor.py:830} INFO - Processing file /opt/airflow/dags/gen_data_daily.py for tasks to queue
[2025-05-07T15:17:43.425+0000] {logging_mixin.py:188} INFO - [2025-05-07T15:17:43.425+0000] {dagbag.py:538} INFO - Filling up the DagBag from /opt/airflow/dags/gen_data_daily.py
[2025-05-07T15:17:43.448+0000] {processor.py:840} INFO - DAG(s) 'gen_data_daily' retrieved from /opt/airflow/dags/gen_data_daily.py
[2025-05-07T15:17:43.496+0000] {logging_mixin.py:188} INFO - [2025-05-07T15:17:43.496+0000] {dag.py:3033} INFO - Sync 1 DAGs
[2025-05-07T15:17:43.532+0000] {logging_mixin.py:188} INFO - [2025-05-07T15:17:43.532+0000] {dag.py:3820} INFO - Setting next_dagrun for gen_data_daily to None, run_after=None
[2025-05-07T15:17:43.565+0000] {processor.py:183} INFO - Processing /opt/airflow/dags/gen_data_daily.py took 0.152 seconds
[2025-05-07T15:18:14.169+0000] {processor.py:161} INFO - Started process (PID=11245) to work on /opt/airflow/dags/gen_data_daily.py
[2025-05-07T15:18:14.186+0000] {processor.py:830} INFO - Processing file /opt/airflow/dags/gen_data_daily.py for tasks to queue
[2025-05-07T15:18:14.191+0000] {logging_mixin.py:188} INFO - [2025-05-07T15:18:14.190+0000] {dagbag.py:538} INFO - Filling up the DagBag from /opt/airflow/dags/gen_data_daily.py
[2025-05-07T15:18:14.205+0000] {processor.py:840} INFO - DAG(s) 'gen_data_daily' retrieved from /opt/airflow/dags/gen_data_daily.py
[2025-05-07T15:18:14.242+0000] {logging_mixin.py:188} INFO - [2025-05-07T15:18:14.242+0000] {dag.py:3033} INFO - Sync 1 DAGs
[2025-05-07T15:18:14.272+0000] {logging_mixin.py:188} INFO - [2025-05-07T15:18:14.272+0000] {dag.py:3820} INFO - Setting next_dagrun for gen_data_daily to None, run_after=None
[2025-05-07T15:18:14.326+0000] {processor.py:183} INFO - Processing /opt/airflow/dags/gen_data_daily.py took 0.161 seconds
[2025-05-07T15:18:44.575+0000] {processor.py:161} INFO - Started process (PID=11253) to work on /opt/airflow/dags/gen_data_daily.py
[2025-05-07T15:18:44.579+0000] {processor.py:830} INFO - Processing file /opt/airflow/dags/gen_data_daily.py for tasks to queue
[2025-05-07T15:18:44.588+0000] {logging_mixin.py:188} INFO - [2025-05-07T15:18:44.587+0000] {dagbag.py:538} INFO - Filling up the DagBag from /opt/airflow/dags/gen_data_daily.py
[2025-05-07T15:18:44.619+0000] {processor.py:840} INFO - DAG(s) 'gen_data_daily' retrieved from /opt/airflow/dags/gen_data_daily.py
[2025-05-07T15:18:44.648+0000] {logging_mixin.py:188} INFO - [2025-05-07T15:18:44.647+0000] {dag.py:3033} INFO - Sync 1 DAGs
[2025-05-07T15:18:44.676+0000] {logging_mixin.py:188} INFO - [2025-05-07T15:18:44.676+0000] {dag.py:3820} INFO - Setting next_dagrun for gen_data_daily to None, run_after=None
[2025-05-07T15:18:44.703+0000] {processor.py:183} INFO - Processing /opt/airflow/dags/gen_data_daily.py took 0.138 seconds
[2025-05-07T15:19:14.803+0000] {processor.py:161} INFO - Started process (PID=11261) to work on /opt/airflow/dags/gen_data_daily.py
[2025-05-07T15:19:14.806+0000] {processor.py:830} INFO - Processing file /opt/airflow/dags/gen_data_daily.py for tasks to queue
[2025-05-07T15:19:14.809+0000] {logging_mixin.py:188} INFO - [2025-05-07T15:19:14.809+0000] {dagbag.py:538} INFO - Filling up the DagBag from /opt/airflow/dags/gen_data_daily.py
[2025-05-07T15:19:14.826+0000] {processor.py:840} INFO - DAG(s) 'gen_data_daily' retrieved from /opt/airflow/dags/gen_data_daily.py
[2025-05-07T15:19:14.860+0000] {logging_mixin.py:188} INFO - [2025-05-07T15:19:14.860+0000] {dag.py:3033} INFO - Sync 1 DAGs
[2025-05-07T15:19:14.890+0000] {logging_mixin.py:188} INFO - [2025-05-07T15:19:14.890+0000] {dag.py:3820} INFO - Setting next_dagrun for gen_data_daily to None, run_after=None
[2025-05-07T15:19:14.928+0000] {processor.py:183} INFO - Processing /opt/airflow/dags/gen_data_daily.py took 0.130 seconds
[2025-05-07T15:19:45.173+0000] {processor.py:161} INFO - Started process (PID=11269) to work on /opt/airflow/dags/gen_data_daily.py
[2025-05-07T15:19:45.174+0000] {processor.py:830} INFO - Processing file /opt/airflow/dags/gen_data_daily.py for tasks to queue
[2025-05-07T15:19:45.176+0000] {logging_mixin.py:188} INFO - [2025-05-07T15:19:45.176+0000] {dagbag.py:538} INFO - Filling up the DagBag from /opt/airflow/dags/gen_data_daily.py
[2025-05-07T15:19:45.192+0000] {processor.py:840} INFO - DAG(s) 'gen_data_daily' retrieved from /opt/airflow/dags/gen_data_daily.py
[2025-05-07T15:19:45.225+0000] {logging_mixin.py:188} INFO - [2025-05-07T15:19:45.225+0000] {dag.py:3033} INFO - Sync 1 DAGs
[2025-05-07T15:19:45.258+0000] {logging_mixin.py:188} INFO - [2025-05-07T15:19:45.257+0000] {dag.py:3820} INFO - Setting next_dagrun for gen_data_daily to None, run_after=None
[2025-05-07T15:19:45.295+0000] {processor.py:183} INFO - Processing /opt/airflow/dags/gen_data_daily.py took 0.127 seconds
[2025-05-07T15:20:16.135+0000] {processor.py:161} INFO - Started process (PID=11277) to work on /opt/airflow/dags/gen_data_daily.py
[2025-05-07T15:20:16.162+0000] {processor.py:830} INFO - Processing file /opt/airflow/dags/gen_data_daily.py for tasks to queue
[2025-05-07T15:20:16.165+0000] {logging_mixin.py:188} INFO - [2025-05-07T15:20:16.165+0000] {dagbag.py:538} INFO - Filling up the DagBag from /opt/airflow/dags/gen_data_daily.py
[2025-05-07T15:20:16.179+0000] {processor.py:840} INFO - DAG(s) 'gen_data_daily' retrieved from /opt/airflow/dags/gen_data_daily.py
[2025-05-07T15:20:16.218+0000] {logging_mixin.py:188} INFO - [2025-05-07T15:20:16.218+0000] {dag.py:3033} INFO - Sync 1 DAGs
[2025-05-07T15:20:16.252+0000] {logging_mixin.py:188} INFO - [2025-05-07T15:20:16.252+0000] {dag.py:3820} INFO - Setting next_dagrun for gen_data_daily to None, run_after=None
[2025-05-07T15:20:16.277+0000] {processor.py:183} INFO - Processing /opt/airflow/dags/gen_data_daily.py took 0.147 seconds
[2025-05-07T15:20:46.641+0000] {processor.py:161} INFO - Started process (PID=11285) to work on /opt/airflow/dags/gen_data_daily.py
[2025-05-07T15:20:46.644+0000] {processor.py:830} INFO - Processing file /opt/airflow/dags/gen_data_daily.py for tasks to queue
[2025-05-07T15:20:46.648+0000] {logging_mixin.py:188} INFO - [2025-05-07T15:20:46.647+0000] {dagbag.py:538} INFO - Filling up the DagBag from /opt/airflow/dags/gen_data_daily.py
[2025-05-07T15:20:46.663+0000] {processor.py:840} INFO - DAG(s) 'gen_data_daily' retrieved from /opt/airflow/dags/gen_data_daily.py
[2025-05-07T15:20:46.697+0000] {logging_mixin.py:188} INFO - [2025-05-07T15:20:46.697+0000] {dag.py:3033} INFO - Sync 1 DAGs
[2025-05-07T15:20:46.725+0000] {logging_mixin.py:188} INFO - [2025-05-07T15:20:46.725+0000] {dag.py:3820} INFO - Setting next_dagrun for gen_data_daily to None, run_after=None
[2025-05-07T15:20:46.766+0000] {processor.py:183} INFO - Processing /opt/airflow/dags/gen_data_daily.py took 0.129 seconds
[2025-05-07T15:21:17.048+0000] {processor.py:161} INFO - Started process (PID=11293) to work on /opt/airflow/dags/gen_data_daily.py
[2025-05-07T15:21:17.049+0000] {processor.py:830} INFO - Processing file /opt/airflow/dags/gen_data_daily.py for tasks to queue
[2025-05-07T15:21:17.052+0000] {logging_mixin.py:188} INFO - [2025-05-07T15:21:17.052+0000] {dagbag.py:538} INFO - Filling up the DagBag from /opt/airflow/dags/gen_data_daily.py
[2025-05-07T15:21:17.072+0000] {processor.py:840} INFO - DAG(s) 'gen_data_daily' retrieved from /opt/airflow/dags/gen_data_daily.py
[2025-05-07T15:21:17.186+0000] {logging_mixin.py:188} INFO - [2025-05-07T15:21:17.186+0000] {dag.py:3033} INFO - Sync 1 DAGs
[2025-05-07T15:21:17.225+0000] {logging_mixin.py:188} INFO - [2025-05-07T15:21:17.225+0000] {dag.py:3820} INFO - Setting next_dagrun for gen_data_daily to None, run_after=None
[2025-05-07T15:21:17.256+0000] {processor.py:183} INFO - Processing /opt/airflow/dags/gen_data_daily.py took 0.212 seconds
[2025-05-07T15:21:47.917+0000] {processor.py:161} INFO - Started process (PID=11306) to work on /opt/airflow/dags/gen_data_daily.py
[2025-05-07T15:21:47.918+0000] {processor.py:830} INFO - Processing file /opt/airflow/dags/gen_data_daily.py for tasks to queue
[2025-05-07T15:21:47.921+0000] {logging_mixin.py:188} INFO - [2025-05-07T15:21:47.921+0000] {dagbag.py:538} INFO - Filling up the DagBag from /opt/airflow/dags/gen_data_daily.py
[2025-05-07T15:21:47.941+0000] {processor.py:840} INFO - DAG(s) 'gen_data_daily' retrieved from /opt/airflow/dags/gen_data_daily.py
[2025-05-07T15:21:47.977+0000] {logging_mixin.py:188} INFO - [2025-05-07T15:21:47.977+0000] {dag.py:3033} INFO - Sync 1 DAGs
[2025-05-07T15:21:48.006+0000] {logging_mixin.py:188} INFO - [2025-05-07T15:21:48.006+0000] {dag.py:3820} INFO - Setting next_dagrun for gen_data_daily to None, run_after=None
[2025-05-07T15:21:48.055+0000] {processor.py:183} INFO - Processing /opt/airflow/dags/gen_data_daily.py took 0.142 seconds
[2025-05-07T15:22:18.381+0000] {processor.py:161} INFO - Started process (PID=11313) to work on /opt/airflow/dags/gen_data_daily.py
[2025-05-07T15:22:18.397+0000] {processor.py:830} INFO - Processing file /opt/airflow/dags/gen_data_daily.py for tasks to queue
[2025-05-07T15:22:18.400+0000] {logging_mixin.py:188} INFO - [2025-05-07T15:22:18.399+0000] {dagbag.py:538} INFO - Filling up the DagBag from /opt/airflow/dags/gen_data_daily.py
[2025-05-07T15:22:18.413+0000] {processor.py:840} INFO - DAG(s) 'gen_data_daily' retrieved from /opt/airflow/dags/gen_data_daily.py
[2025-05-07T15:22:18.448+0000] {logging_mixin.py:188} INFO - [2025-05-07T15:22:18.448+0000] {dag.py:3033} INFO - Sync 1 DAGs
[2025-05-07T15:22:18.480+0000] {logging_mixin.py:188} INFO - [2025-05-07T15:22:18.480+0000] {dag.py:3820} INFO - Setting next_dagrun for gen_data_daily to None, run_after=None
[2025-05-07T15:22:18.506+0000] {processor.py:183} INFO - Processing /opt/airflow/dags/gen_data_daily.py took 0.129 seconds
[2025-05-07T15:22:48.576+0000] {processor.py:161} INFO - Started process (PID=11321) to work on /opt/airflow/dags/gen_data_daily.py
[2025-05-07T15:22:48.578+0000] {processor.py:830} INFO - Processing file /opt/airflow/dags/gen_data_daily.py for tasks to queue
[2025-05-07T15:22:48.582+0000] {logging_mixin.py:188} INFO - [2025-05-07T15:22:48.581+0000] {dagbag.py:538} INFO - Filling up the DagBag from /opt/airflow/dags/gen_data_daily.py
[2025-05-07T15:22:48.598+0000] {processor.py:840} INFO - DAG(s) 'gen_data_daily' retrieved from /opt/airflow/dags/gen_data_daily.py
[2025-05-07T15:22:48.627+0000] {logging_mixin.py:188} INFO - [2025-05-07T15:22:48.627+0000] {dag.py:3033} INFO - Sync 1 DAGs
[2025-05-07T15:22:48.663+0000] {logging_mixin.py:188} INFO - [2025-05-07T15:22:48.662+0000] {dag.py:3820} INFO - Setting next_dagrun for gen_data_daily to None, run_after=None
[2025-05-07T15:22:48.689+0000] {processor.py:183} INFO - Processing /opt/airflow/dags/gen_data_daily.py took 0.117 seconds
[2025-05-07T15:23:19.042+0000] {processor.py:161} INFO - Started process (PID=11330) to work on /opt/airflow/dags/gen_data_daily.py
[2025-05-07T15:23:19.045+0000] {processor.py:830} INFO - Processing file /opt/airflow/dags/gen_data_daily.py for tasks to queue
[2025-05-07T15:23:19.048+0000] {logging_mixin.py:188} INFO - [2025-05-07T15:23:19.048+0000] {dagbag.py:538} INFO - Filling up the DagBag from /opt/airflow/dags/gen_data_daily.py
[2025-05-07T15:23:19.064+0000] {processor.py:840} INFO - DAG(s) 'gen_data_daily' retrieved from /opt/airflow/dags/gen_data_daily.py
[2025-05-07T15:23:19.098+0000] {logging_mixin.py:188} INFO - [2025-05-07T15:23:19.098+0000] {dag.py:3033} INFO - Sync 1 DAGs
[2025-05-07T15:23:19.129+0000] {logging_mixin.py:188} INFO - [2025-05-07T15:23:19.128+0000] {dag.py:3820} INFO - Setting next_dagrun for gen_data_daily to None, run_after=None
[2025-05-07T15:23:19.164+0000] {processor.py:183} INFO - Processing /opt/airflow/dags/gen_data_daily.py took 0.125 seconds
[2025-05-07T15:23:49.384+0000] {processor.py:161} INFO - Started process (PID=11338) to work on /opt/airflow/dags/gen_data_daily.py
[2025-05-07T15:23:49.385+0000] {processor.py:830} INFO - Processing file /opt/airflow/dags/gen_data_daily.py for tasks to queue
[2025-05-07T15:23:49.388+0000] {logging_mixin.py:188} INFO - [2025-05-07T15:23:49.388+0000] {dagbag.py:538} INFO - Filling up the DagBag from /opt/airflow/dags/gen_data_daily.py
[2025-05-07T15:23:49.407+0000] {processor.py:840} INFO - DAG(s) 'gen_data_daily' retrieved from /opt/airflow/dags/gen_data_daily.py
[2025-05-07T15:23:49.440+0000] {logging_mixin.py:188} INFO - [2025-05-07T15:23:49.439+0000] {dag.py:3033} INFO - Sync 1 DAGs
[2025-05-07T15:23:49.469+0000] {logging_mixin.py:188} INFO - [2025-05-07T15:23:49.468+0000] {dag.py:3820} INFO - Setting next_dagrun for gen_data_daily to None, run_after=None
[2025-05-07T15:23:49.506+0000] {processor.py:183} INFO - Processing /opt/airflow/dags/gen_data_daily.py took 0.126 seconds
[2025-05-07T15:24:19.735+0000] {processor.py:161} INFO - Started process (PID=11346) to work on /opt/airflow/dags/gen_data_daily.py
[2025-05-07T15:24:19.737+0000] {processor.py:830} INFO - Processing file /opt/airflow/dags/gen_data_daily.py for tasks to queue
[2025-05-07T15:24:19.741+0000] {logging_mixin.py:188} INFO - [2025-05-07T15:24:19.740+0000] {dagbag.py:538} INFO - Filling up the DagBag from /opt/airflow/dags/gen_data_daily.py
[2025-05-07T15:24:19.759+0000] {processor.py:840} INFO - DAG(s) 'gen_data_daily' retrieved from /opt/airflow/dags/gen_data_daily.py
[2025-05-07T15:24:19.805+0000] {logging_mixin.py:188} INFO - [2025-05-07T15:24:19.805+0000] {dag.py:3033} INFO - Sync 1 DAGs
[2025-05-07T15:24:19.837+0000] {logging_mixin.py:188} INFO - [2025-05-07T15:24:19.837+0000] {dag.py:3820} INFO - Setting next_dagrun for gen_data_daily to None, run_after=None
[2025-05-07T15:24:19.866+0000] {processor.py:183} INFO - Processing /opt/airflow/dags/gen_data_daily.py took 0.140 seconds
[2025-05-07T15:24:50.094+0000] {processor.py:161} INFO - Started process (PID=11354) to work on /opt/airflow/dags/gen_data_daily.py
[2025-05-07T15:24:50.098+0000] {processor.py:830} INFO - Processing file /opt/airflow/dags/gen_data_daily.py for tasks to queue
[2025-05-07T15:24:50.102+0000] {logging_mixin.py:188} INFO - [2025-05-07T15:24:50.101+0000] {dagbag.py:538} INFO - Filling up the DagBag from /opt/airflow/dags/gen_data_daily.py
[2025-05-07T15:24:50.116+0000] {processor.py:840} INFO - DAG(s) 'gen_data_daily' retrieved from /opt/airflow/dags/gen_data_daily.py
[2025-05-07T15:24:50.151+0000] {logging_mixin.py:188} INFO - [2025-05-07T15:24:50.151+0000] {dag.py:3033} INFO - Sync 1 DAGs
[2025-05-07T15:24:50.181+0000] {logging_mixin.py:188} INFO - [2025-05-07T15:24:50.181+0000] {dag.py:3820} INFO - Setting next_dagrun for gen_data_daily to None, run_after=None
[2025-05-07T15:24:50.206+0000] {processor.py:183} INFO - Processing /opt/airflow/dags/gen_data_daily.py took 0.117 seconds
[2025-05-07T15:25:20.535+0000] {processor.py:161} INFO - Started process (PID=11362) to work on /opt/airflow/dags/gen_data_daily.py
[2025-05-07T15:25:20.543+0000] {processor.py:830} INFO - Processing file /opt/airflow/dags/gen_data_daily.py for tasks to queue
[2025-05-07T15:25:20.548+0000] {logging_mixin.py:188} INFO - [2025-05-07T15:25:20.547+0000] {dagbag.py:538} INFO - Filling up the DagBag from /opt/airflow/dags/gen_data_daily.py
[2025-05-07T15:25:20.571+0000] {processor.py:840} INFO - DAG(s) 'gen_data_daily' retrieved from /opt/airflow/dags/gen_data_daily.py
[2025-05-07T15:25:21.129+0000] {logging_mixin.py:188} INFO - [2025-05-07T15:25:21.129+0000] {dag.py:3033} INFO - Sync 1 DAGs
[2025-05-07T15:25:21.219+0000] {logging_mixin.py:188} INFO - [2025-05-07T15:25:21.218+0000] {dag.py:3820} INFO - Setting next_dagrun for gen_data_daily to None, run_after=None
[2025-05-07T15:25:21.261+0000] {processor.py:183} INFO - Processing /opt/airflow/dags/gen_data_daily.py took 0.733 seconds
[2025-05-07T15:25:51.442+0000] {processor.py:161} INFO - Started process (PID=11370) to work on /opt/airflow/dags/gen_data_daily.py
[2025-05-07T15:25:51.445+0000] {processor.py:830} INFO - Processing file /opt/airflow/dags/gen_data_daily.py for tasks to queue
[2025-05-07T15:25:51.447+0000] {logging_mixin.py:188} INFO - [2025-05-07T15:25:51.447+0000] {dagbag.py:538} INFO - Filling up the DagBag from /opt/airflow/dags/gen_data_daily.py
[2025-05-07T15:25:51.470+0000] {processor.py:840} INFO - DAG(s) 'gen_data_daily' retrieved from /opt/airflow/dags/gen_data_daily.py
[2025-05-07T15:25:51.519+0000] {logging_mixin.py:188} INFO - [2025-05-07T15:25:51.518+0000] {dag.py:3033} INFO - Sync 1 DAGs
[2025-05-07T15:25:51.556+0000] {logging_mixin.py:188} INFO - [2025-05-07T15:25:51.556+0000] {dag.py:3820} INFO - Setting next_dagrun for gen_data_daily to None, run_after=None
[2025-05-07T15:25:51.592+0000] {processor.py:183} INFO - Processing /opt/airflow/dags/gen_data_daily.py took 0.161 seconds
[2025-05-07T15:26:21.826+0000] {processor.py:161} INFO - Started process (PID=11378) to work on /opt/airflow/dags/gen_data_daily.py
[2025-05-07T15:26:21.828+0000] {processor.py:830} INFO - Processing file /opt/airflow/dags/gen_data_daily.py for tasks to queue
[2025-05-07T15:26:21.831+0000] {logging_mixin.py:188} INFO - [2025-05-07T15:26:21.830+0000] {dagbag.py:538} INFO - Filling up the DagBag from /opt/airflow/dags/gen_data_daily.py
[2025-05-07T15:26:21.847+0000] {processor.py:840} INFO - DAG(s) 'gen_data_daily' retrieved from /opt/airflow/dags/gen_data_daily.py
[2025-05-07T15:26:21.884+0000] {logging_mixin.py:188} INFO - [2025-05-07T15:26:21.883+0000] {dag.py:3033} INFO - Sync 1 DAGs
[2025-05-07T15:26:21.912+0000] {logging_mixin.py:188} INFO - [2025-05-07T15:26:21.912+0000] {dag.py:3820} INFO - Setting next_dagrun for gen_data_daily to None, run_after=None
[2025-05-07T15:26:21.938+0000] {processor.py:183} INFO - Processing /opt/airflow/dags/gen_data_daily.py took 0.116 seconds
[2025-05-07T15:26:52.167+0000] {processor.py:161} INFO - Started process (PID=11386) to work on /opt/airflow/dags/gen_data_daily.py
[2025-05-07T15:26:52.178+0000] {processor.py:830} INFO - Processing file /opt/airflow/dags/gen_data_daily.py for tasks to queue
[2025-05-07T15:26:52.181+0000] {logging_mixin.py:188} INFO - [2025-05-07T15:26:52.181+0000] {dagbag.py:538} INFO - Filling up the DagBag from /opt/airflow/dags/gen_data_daily.py
[2025-05-07T15:26:52.199+0000] {processor.py:840} INFO - DAG(s) 'gen_data_daily' retrieved from /opt/airflow/dags/gen_data_daily.py
[2025-05-07T15:26:52.242+0000] {logging_mixin.py:188} INFO - [2025-05-07T15:26:52.242+0000] {dag.py:3033} INFO - Sync 1 DAGs
[2025-05-07T15:26:52.270+0000] {logging_mixin.py:188} INFO - [2025-05-07T15:26:52.270+0000] {dag.py:3820} INFO - Setting next_dagrun for gen_data_daily to None, run_after=None
[2025-05-07T15:26:52.324+0000] {processor.py:183} INFO - Processing /opt/airflow/dags/gen_data_daily.py took 0.161 seconds
[2025-05-07T15:27:22.557+0000] {processor.py:161} INFO - Started process (PID=11394) to work on /opt/airflow/dags/gen_data_daily.py
[2025-05-07T15:27:22.558+0000] {processor.py:830} INFO - Processing file /opt/airflow/dags/gen_data_daily.py for tasks to queue
[2025-05-07T15:27:22.562+0000] {logging_mixin.py:188} INFO - [2025-05-07T15:27:22.561+0000] {dagbag.py:538} INFO - Filling up the DagBag from /opt/airflow/dags/gen_data_daily.py
[2025-05-07T15:27:22.587+0000] {processor.py:840} INFO - DAG(s) 'gen_data_daily' retrieved from /opt/airflow/dags/gen_data_daily.py
[2025-05-07T15:27:22.633+0000] {logging_mixin.py:188} INFO - [2025-05-07T15:27:22.633+0000] {dag.py:3033} INFO - Sync 1 DAGs
[2025-05-07T15:27:22.667+0000] {logging_mixin.py:188} INFO - [2025-05-07T15:27:22.667+0000] {dag.py:3820} INFO - Setting next_dagrun for gen_data_daily to None, run_after=None
[2025-05-07T15:27:22.695+0000] {processor.py:183} INFO - Processing /opt/airflow/dags/gen_data_daily.py took 0.144 seconds
[2025-05-07T15:27:52.796+0000] {processor.py:161} INFO - Started process (PID=11402) to work on /opt/airflow/dags/gen_data_daily.py
[2025-05-07T15:27:52.797+0000] {processor.py:830} INFO - Processing file /opt/airflow/dags/gen_data_daily.py for tasks to queue
[2025-05-07T15:27:52.800+0000] {logging_mixin.py:188} INFO - [2025-05-07T15:27:52.800+0000] {dagbag.py:538} INFO - Filling up the DagBag from /opt/airflow/dags/gen_data_daily.py
[2025-05-07T15:27:52.817+0000] {processor.py:840} INFO - DAG(s) 'gen_data_daily' retrieved from /opt/airflow/dags/gen_data_daily.py
[2025-05-07T15:27:52.855+0000] {logging_mixin.py:188} INFO - [2025-05-07T15:27:52.854+0000] {dag.py:3033} INFO - Sync 1 DAGs
[2025-05-07T15:27:52.883+0000] {logging_mixin.py:188} INFO - [2025-05-07T15:27:52.882+0000] {dag.py:3820} INFO - Setting next_dagrun for gen_data_daily to None, run_after=None
[2025-05-07T15:27:52.926+0000] {processor.py:183} INFO - Processing /opt/airflow/dags/gen_data_daily.py took 0.134 seconds
[2025-05-07T15:28:23.178+0000] {processor.py:161} INFO - Started process (PID=11410) to work on /opt/airflow/dags/gen_data_daily.py
[2025-05-07T15:28:23.181+0000] {processor.py:830} INFO - Processing file /opt/airflow/dags/gen_data_daily.py for tasks to queue
[2025-05-07T15:28:23.184+0000] {logging_mixin.py:188} INFO - [2025-05-07T15:28:23.184+0000] {dagbag.py:538} INFO - Filling up the DagBag from /opt/airflow/dags/gen_data_daily.py
[2025-05-07T15:28:23.218+0000] {processor.py:840} INFO - DAG(s) 'gen_data_daily' retrieved from /opt/airflow/dags/gen_data_daily.py
[2025-05-07T15:28:23.263+0000] {logging_mixin.py:188} INFO - [2025-05-07T15:28:23.262+0000] {dag.py:3033} INFO - Sync 1 DAGs
[2025-05-07T15:28:23.306+0000] {logging_mixin.py:188} INFO - [2025-05-07T15:28:23.306+0000] {dag.py:3820} INFO - Setting next_dagrun for gen_data_daily to None, run_after=None
[2025-05-07T15:28:23.346+0000] {processor.py:183} INFO - Processing /opt/airflow/dags/gen_data_daily.py took 0.173 seconds
[2025-05-07T15:28:53.578+0000] {processor.py:161} INFO - Started process (PID=11418) to work on /opt/airflow/dags/gen_data_daily.py
[2025-05-07T15:28:53.592+0000] {processor.py:830} INFO - Processing file /opt/airflow/dags/gen_data_daily.py for tasks to queue
[2025-05-07T15:28:53.596+0000] {logging_mixin.py:188} INFO - [2025-05-07T15:28:53.596+0000] {dagbag.py:538} INFO - Filling up the DagBag from /opt/airflow/dags/gen_data_daily.py
[2025-05-07T15:28:53.611+0000] {processor.py:840} INFO - DAG(s) 'gen_data_daily' retrieved from /opt/airflow/dags/gen_data_daily.py
[2025-05-07T15:28:53.648+0000] {logging_mixin.py:188} INFO - [2025-05-07T15:28:53.647+0000] {dag.py:3033} INFO - Sync 1 DAGs
[2025-05-07T15:28:53.680+0000] {logging_mixin.py:188} INFO - [2025-05-07T15:28:53.680+0000] {dag.py:3820} INFO - Setting next_dagrun for gen_data_daily to None, run_after=None
[2025-05-07T15:28:53.712+0000] {processor.py:183} INFO - Processing /opt/airflow/dags/gen_data_daily.py took 0.139 seconds
[2025-05-07T15:29:24.503+0000] {processor.py:161} INFO - Started process (PID=11426) to work on /opt/airflow/dags/gen_data_daily.py
[2025-05-07T15:29:24.504+0000] {processor.py:830} INFO - Processing file /opt/airflow/dags/gen_data_daily.py for tasks to queue
[2025-05-07T15:29:24.507+0000] {logging_mixin.py:188} INFO - [2025-05-07T15:29:24.507+0000] {dagbag.py:538} INFO - Filling up the DagBag from /opt/airflow/dags/gen_data_daily.py
[2025-05-07T15:29:24.523+0000] {processor.py:840} INFO - DAG(s) 'gen_data_daily' retrieved from /opt/airflow/dags/gen_data_daily.py
[2025-05-07T15:29:24.556+0000] {logging_mixin.py:188} INFO - [2025-05-07T15:29:24.556+0000] {dag.py:3033} INFO - Sync 1 DAGs
[2025-05-07T15:29:24.578+0000] {logging_mixin.py:188} INFO - [2025-05-07T15:29:24.578+0000] {dag.py:3820} INFO - Setting next_dagrun for gen_data_daily to None, run_after=None
[2025-05-07T15:29:24.597+0000] {processor.py:183} INFO - Processing /opt/airflow/dags/gen_data_daily.py took 0.098 seconds
[2025-05-07T15:29:54.843+0000] {processor.py:161} INFO - Started process (PID=11434) to work on /opt/airflow/dags/gen_data_daily.py
[2025-05-07T15:29:54.845+0000] {processor.py:830} INFO - Processing file /opt/airflow/dags/gen_data_daily.py for tasks to queue
[2025-05-07T15:29:54.848+0000] {logging_mixin.py:188} INFO - [2025-05-07T15:29:54.848+0000] {dagbag.py:538} INFO - Filling up the DagBag from /opt/airflow/dags/gen_data_daily.py
[2025-05-07T15:29:54.866+0000] {processor.py:840} INFO - DAG(s) 'gen_data_daily' retrieved from /opt/airflow/dags/gen_data_daily.py
[2025-05-07T15:29:54.898+0000] {logging_mixin.py:188} INFO - [2025-05-07T15:29:54.898+0000] {dag.py:3033} INFO - Sync 1 DAGs
[2025-05-07T15:29:54.925+0000] {logging_mixin.py:188} INFO - [2025-05-07T15:29:54.924+0000] {dag.py:3820} INFO - Setting next_dagrun for gen_data_daily to None, run_after=None
[2025-05-07T15:29:54.947+0000] {processor.py:183} INFO - Processing /opt/airflow/dags/gen_data_daily.py took 0.107 seconds
[2025-05-07T15:30:25.289+0000] {processor.py:161} INFO - Started process (PID=11442) to work on /opt/airflow/dags/gen_data_daily.py
[2025-05-07T15:30:25.290+0000] {processor.py:830} INFO - Processing file /opt/airflow/dags/gen_data_daily.py for tasks to queue
[2025-05-07T15:30:25.293+0000] {logging_mixin.py:188} INFO - [2025-05-07T15:30:25.293+0000] {dagbag.py:538} INFO - Filling up the DagBag from /opt/airflow/dags/gen_data_daily.py
[2025-05-07T15:30:25.308+0000] {processor.py:840} INFO - DAG(s) 'gen_data_daily' retrieved from /opt/airflow/dags/gen_data_daily.py
[2025-05-07T15:30:25.343+0000] {logging_mixin.py:188} INFO - [2025-05-07T15:30:25.342+0000] {dag.py:3033} INFO - Sync 1 DAGs
[2025-05-07T15:30:25.370+0000] {logging_mixin.py:188} INFO - [2025-05-07T15:30:25.369+0000] {dag.py:3820} INFO - Setting next_dagrun for gen_data_daily to None, run_after=None
[2025-05-07T15:30:25.399+0000] {processor.py:183} INFO - Processing /opt/airflow/dags/gen_data_daily.py took 0.115 seconds
[2025-05-07T15:30:55.526+0000] {processor.py:161} INFO - Started process (PID=11450) to work on /opt/airflow/dags/gen_data_daily.py
[2025-05-07T15:30:55.538+0000] {processor.py:830} INFO - Processing file /opt/airflow/dags/gen_data_daily.py for tasks to queue
[2025-05-07T15:30:55.542+0000] {logging_mixin.py:188} INFO - [2025-05-07T15:30:55.542+0000] {dagbag.py:538} INFO - Filling up the DagBag from /opt/airflow/dags/gen_data_daily.py
[2025-05-07T15:30:55.559+0000] {processor.py:840} INFO - DAG(s) 'gen_data_daily' retrieved from /opt/airflow/dags/gen_data_daily.py
[2025-05-07T15:30:55.594+0000] {logging_mixin.py:188} INFO - [2025-05-07T15:30:55.594+0000] {dag.py:3033} INFO - Sync 1 DAGs
[2025-05-07T15:30:55.626+0000] {logging_mixin.py:188} INFO - [2025-05-07T15:30:55.625+0000] {dag.py:3820} INFO - Setting next_dagrun for gen_data_daily to None, run_after=None
[2025-05-07T15:30:55.646+0000] {processor.py:183} INFO - Processing /opt/airflow/dags/gen_data_daily.py took 0.126 seconds
[2025-05-07T15:31:26.116+0000] {processor.py:161} INFO - Started process (PID=11458) to work on /opt/airflow/dags/gen_data_daily.py
[2025-05-07T15:31:26.117+0000] {processor.py:830} INFO - Processing file /opt/airflow/dags/gen_data_daily.py for tasks to queue
[2025-05-07T15:31:26.120+0000] {logging_mixin.py:188} INFO - [2025-05-07T15:31:26.120+0000] {dagbag.py:538} INFO - Filling up the DagBag from /opt/airflow/dags/gen_data_daily.py
[2025-05-07T15:31:26.139+0000] {processor.py:840} INFO - DAG(s) 'gen_data_daily' retrieved from /opt/airflow/dags/gen_data_daily.py
[2025-05-07T15:31:26.184+0000] {logging_mixin.py:188} INFO - [2025-05-07T15:31:26.184+0000] {dag.py:3033} INFO - Sync 1 DAGs
[2025-05-07T15:31:26.212+0000] {logging_mixin.py:188} INFO - [2025-05-07T15:31:26.211+0000] {dag.py:3820} INFO - Setting next_dagrun for gen_data_daily to None, run_after=None
[2025-05-07T15:31:26.235+0000] {processor.py:183} INFO - Processing /opt/airflow/dags/gen_data_daily.py took 0.122 seconds
[2025-05-07T15:31:56.888+0000] {processor.py:161} INFO - Started process (PID=11466) to work on /opt/airflow/dags/gen_data_daily.py
[2025-05-07T15:31:56.889+0000] {processor.py:830} INFO - Processing file /opt/airflow/dags/gen_data_daily.py for tasks to queue
[2025-05-07T15:31:56.893+0000] {logging_mixin.py:188} INFO - [2025-05-07T15:31:56.892+0000] {dagbag.py:538} INFO - Filling up the DagBag from /opt/airflow/dags/gen_data_daily.py
[2025-05-07T15:31:56.909+0000] {processor.py:840} INFO - DAG(s) 'gen_data_daily' retrieved from /opt/airflow/dags/gen_data_daily.py
[2025-05-07T15:31:56.945+0000] {logging_mixin.py:188} INFO - [2025-05-07T15:31:56.944+0000] {dag.py:3033} INFO - Sync 1 DAGs
[2025-05-07T15:31:56.970+0000] {logging_mixin.py:188} INFO - [2025-05-07T15:31:56.970+0000] {dag.py:3820} INFO - Setting next_dagrun for gen_data_daily to None, run_after=None
[2025-05-07T15:31:57.034+0000] {processor.py:183} INFO - Processing /opt/airflow/dags/gen_data_daily.py took 0.168 seconds
[2025-05-07T15:32:27.180+0000] {processor.py:161} INFO - Started process (PID=11474) to work on /opt/airflow/dags/gen_data_daily.py
[2025-05-07T15:32:27.182+0000] {processor.py:830} INFO - Processing file /opt/airflow/dags/gen_data_daily.py for tasks to queue
[2025-05-07T15:32:27.185+0000] {logging_mixin.py:188} INFO - [2025-05-07T15:32:27.185+0000] {dagbag.py:538} INFO - Filling up the DagBag from /opt/airflow/dags/gen_data_daily.py
[2025-05-07T15:32:27.205+0000] {processor.py:840} INFO - DAG(s) 'gen_data_daily' retrieved from /opt/airflow/dags/gen_data_daily.py
[2025-05-07T15:32:27.247+0000] {logging_mixin.py:188} INFO - [2025-05-07T15:32:27.247+0000] {dag.py:3033} INFO - Sync 1 DAGs
[2025-05-07T15:32:27.293+0000] {logging_mixin.py:188} INFO - [2025-05-07T15:32:27.293+0000] {dag.py:3820} INFO - Setting next_dagrun for gen_data_daily to None, run_after=None
[2025-05-07T15:32:27.345+0000] {processor.py:183} INFO - Processing /opt/airflow/dags/gen_data_daily.py took 0.171 seconds
[2025-05-07T15:32:57.574+0000] {processor.py:161} INFO - Started process (PID=11482) to work on /opt/airflow/dags/gen_data_daily.py
[2025-05-07T15:32:57.589+0000] {processor.py:830} INFO - Processing file /opt/airflow/dags/gen_data_daily.py for tasks to queue
[2025-05-07T15:32:57.592+0000] {logging_mixin.py:188} INFO - [2025-05-07T15:32:57.591+0000] {dagbag.py:538} INFO - Filling up the DagBag from /opt/airflow/dags/gen_data_daily.py
[2025-05-07T15:32:57.608+0000] {processor.py:840} INFO - DAG(s) 'gen_data_daily' retrieved from /opt/airflow/dags/gen_data_daily.py
[2025-05-07T15:32:57.646+0000] {logging_mixin.py:188} INFO - [2025-05-07T15:32:57.646+0000] {dag.py:3033} INFO - Sync 1 DAGs
[2025-05-07T15:32:57.677+0000] {logging_mixin.py:188} INFO - [2025-05-07T15:32:57.677+0000] {dag.py:3820} INFO - Setting next_dagrun for gen_data_daily to None, run_after=None
[2025-05-07T15:32:57.706+0000] {processor.py:183} INFO - Processing /opt/airflow/dags/gen_data_daily.py took 0.138 seconds
[2025-05-07T15:33:28.222+0000] {processor.py:161} INFO - Started process (PID=11489) to work on /opt/airflow/dags/gen_data_daily.py
[2025-05-07T15:33:28.224+0000] {processor.py:830} INFO - Processing file /opt/airflow/dags/gen_data_daily.py for tasks to queue
[2025-05-07T15:33:28.227+0000] {logging_mixin.py:188} INFO - [2025-05-07T15:33:28.226+0000] {dagbag.py:538} INFO - Filling up the DagBag from /opt/airflow/dags/gen_data_daily.py
[2025-05-07T15:33:28.242+0000] {processor.py:840} INFO - DAG(s) 'gen_data_daily' retrieved from /opt/airflow/dags/gen_data_daily.py
[2025-05-07T15:33:28.276+0000] {logging_mixin.py:188} INFO - [2025-05-07T15:33:28.276+0000] {dag.py:3033} INFO - Sync 1 DAGs
[2025-05-07T15:33:28.304+0000] {logging_mixin.py:188} INFO - [2025-05-07T15:33:28.304+0000] {dag.py:3820} INFO - Setting next_dagrun for gen_data_daily to None, run_after=None
[2025-05-07T15:33:28.330+0000] {processor.py:183} INFO - Processing /opt/airflow/dags/gen_data_daily.py took 0.112 seconds
