[2025-04-02T18:11:35.124+0000] {taskinstance.py:1957} INFO - Dependencies all met for dep_context=non-requeueable deps ti=<TaskInstance: gen_lxw_fts.calculate_fts scheduled__2025-03-15T23:00:00+00:00 [queued]>
[2025-04-02T18:11:35.145+0000] {taskinstance.py:1957} INFO - Dependencies all met for dep_context=requeueable deps ti=<TaskInstance: gen_lxw_fts.calculate_fts scheduled__2025-03-15T23:00:00+00:00 [queued]>
[2025-04-02T18:11:35.145+0000] {taskinstance.py:2171} INFO - Starting attempt 1 of 2
[2025-04-02T18:11:35.162+0000] {taskinstance.py:2192} INFO - Executing <Task(BashOperator): calculate_fts> on 2025-03-15 23:00:00+00:00
[2025-04-02T18:11:35.171+0000] {standard_task_runner.py:60} INFO - Started process 7224 to run task
[2025-04-02T18:11:35.175+0000] {standard_task_runner.py:87} INFO - Running: ['***', 'tasks', 'run', 'gen_lxw_fts', 'calculate_fts', 'scheduled__2025-03-15T23:00:00+00:00', '--job-id', '73', '--raw', '--subdir', 'DAGS_FOLDER/gen_lxw_fts.py', '--cfg-path', '/tmp/tmp7hxxw6z3']
[2025-04-02T18:11:35.178+0000] {standard_task_runner.py:88} INFO - Job 73: Subtask calculate_fts
[2025-04-02T18:11:35.257+0000] {task_command.py:423} INFO - Running <TaskInstance: gen_lxw_fts.calculate_fts scheduled__2025-03-15T23:00:00+00:00 [running]> on host 4a8602fc40fd
[2025-04-02T18:11:35.363+0000] {warnings.py:109} WARNING - /home/***/.local/lib/python3.8/site-packages/***/utils/context.py:207: AirflowContextDeprecationWarning: Accessing 'execution_date' from the template is deprecated and will be removed in a future version. Please use 'data_interval_start' or 'logical_date' instead.
  warnings.warn(_create_deprecation_warning(key, self._deprecation_replacements[key]))

[2025-04-02T18:11:35.441+0000] {taskinstance.py:2481} INFO - Exporting env vars: AIRFLOW_CTX_DAG_OWNER='longnv' AIRFLOW_CTX_DAG_ID='gen_lxw_fts' AIRFLOW_CTX_TASK_ID='calculate_fts' AIRFLOW_CTX_EXECUTION_DATE='2025-03-15T23:00:00+00:00' AIRFLOW_CTX_TRY_NUMBER='1' AIRFLOW_CTX_DAG_RUN_ID='scheduled__2025-03-15T23:00:00+00:00'
[2025-04-02T18:11:35.443+0000] {subprocess.py:63} INFO - Tmp dir root location: /tmp
[2025-04-02T18:11:35.445+0000] {subprocess.py:75} INFO - Running command: ['/usr/bin/bash', '-c', '\n        python /opt/***/external_scripts/2_calculate_features.py 2025-03-16\n        ']
[2025-04-02T18:11:35.469+0000] {subprocess.py:86} INFO - Output:
[2025-04-02T18:11:47.920+0000] {subprocess.py:93} INFO - :: loading settings :: url = jar:file:/opt/spark/jars/ivy-2.5.1.jar!/org/apache/ivy/core/settings/ivysettings.xml
[2025-04-02T18:11:48.543+0000] {subprocess.py:93} INFO - Ivy Default Cache set to: /home/***/.ivy2/cache
[2025-04-02T18:11:48.546+0000] {subprocess.py:93} INFO - The jars for the packages stored in: /home/***/.ivy2/jars
[2025-04-02T18:11:48.555+0000] {subprocess.py:93} INFO - org.apache.spark#spark-sql-kafka-0-10_2.12 added as a dependency
[2025-04-02T18:11:48.556+0000] {subprocess.py:93} INFO - io.delta#delta-core_2.12 added as a dependency
[2025-04-02T18:11:48.557+0000] {subprocess.py:93} INFO - org.apache.hadoop#hadoop-aws added as a dependency
[2025-04-02T18:11:48.558+0000] {subprocess.py:93} INFO - com.amazonaws#aws-java-sdk-bundle added as a dependency
[2025-04-02T18:11:48.559+0000] {subprocess.py:93} INFO - org.postgresql#postgresql added as a dependency
[2025-04-02T18:11:48.559+0000] {subprocess.py:93} INFO - :: resolving dependencies :: org.apache.spark#spark-submit-parent-e8c65e7a-b32d-450b-95f0-6e2bd9b08c13;1.0
[2025-04-02T18:11:48.559+0000] {subprocess.py:93} INFO - 	confs: [default]
[2025-04-02T18:11:49.385+0000] {subprocess.py:93} INFO - 	found org.apache.spark#spark-sql-kafka-0-10_2.12;3.4.1 in central
[2025-04-02T18:11:49.596+0000] {subprocess.py:93} INFO - 	found org.apache.spark#spark-token-provider-kafka-0-10_2.12;3.4.1 in central
[2025-04-02T18:11:49.679+0000] {subprocess.py:93} INFO - 	found org.apache.kafka#kafka-clients;3.3.2 in central
[2025-04-02T18:11:49.721+0000] {subprocess.py:93} INFO - 	found org.lz4#lz4-java;1.8.0 in central
[2025-04-02T18:11:49.773+0000] {subprocess.py:93} INFO - 	found org.xerial.snappy#snappy-java;1.1.10.1 in central
[2025-04-02T18:11:49.834+0000] {subprocess.py:93} INFO - 	found org.slf4j#slf4j-api;2.0.6 in central
[2025-04-02T18:11:49.938+0000] {subprocess.py:93} INFO - 	found org.apache.hadoop#hadoop-client-runtime;3.3.4 in central
[2025-04-02T18:11:49.987+0000] {subprocess.py:93} INFO - 	found org.apache.hadoop#hadoop-client-api;3.3.4 in central
[2025-04-02T18:11:50.057+0000] {subprocess.py:93} INFO - 	found commons-logging#commons-logging;1.1.3 in central
[2025-04-02T18:11:50.178+0000] {subprocess.py:93} INFO - 	found com.google.code.findbugs#jsr305;3.0.0 in central
[2025-04-02T18:11:50.283+0000] {subprocess.py:93} INFO - 	found org.apache.commons#commons-pool2;2.11.1 in central
[2025-04-02T18:11:50.321+0000] {subprocess.py:93} INFO - 	found io.delta#delta-core_2.12;2.4.0 in central
[2025-04-02T18:11:50.370+0000] {subprocess.py:93} INFO - 	found io.delta#delta-storage;2.4.0 in central
[2025-04-02T18:11:50.394+0000] {subprocess.py:93} INFO - 	found org.antlr#antlr4-runtime;4.9.3 in central
[2025-04-02T18:11:50.461+0000] {subprocess.py:93} INFO - 	found org.apache.hadoop#hadoop-aws;3.3.2 in central
[2025-04-02T18:11:50.499+0000] {subprocess.py:93} INFO - 	found org.wildfly.openssl#wildfly-openssl;1.0.7.Final in central
[2025-04-02T18:11:50.511+0000] {subprocess.py:93} INFO - 	found com.amazonaws#aws-java-sdk-bundle;1.12.261 in central
[2025-04-02T18:11:50.523+0000] {subprocess.py:93} INFO - 	found org.postgresql#postgresql;42.5.1 in central
[2025-04-02T18:11:50.555+0000] {subprocess.py:93} INFO - 	found org.checkerframework#checker-qual;3.5.0 in central
[2025-04-02T18:11:50.636+0000] {subprocess.py:93} INFO - :: resolution report :: resolve 2038ms :: artifacts dl 39ms
[2025-04-02T18:11:50.636+0000] {subprocess.py:93} INFO - 	:: modules in use:
[2025-04-02T18:11:50.636+0000] {subprocess.py:93} INFO - 	com.amazonaws#aws-java-sdk-bundle;1.12.261 from central in [default]
[2025-04-02T18:11:50.636+0000] {subprocess.py:93} INFO - 	com.google.code.findbugs#jsr305;3.0.0 from central in [default]
[2025-04-02T18:11:50.637+0000] {subprocess.py:93} INFO - 	commons-logging#commons-logging;1.1.3 from central in [default]
[2025-04-02T18:11:50.637+0000] {subprocess.py:93} INFO - 	io.delta#delta-core_2.12;2.4.0 from central in [default]
[2025-04-02T18:11:50.637+0000] {subprocess.py:93} INFO - 	io.delta#delta-storage;2.4.0 from central in [default]
[2025-04-02T18:11:50.637+0000] {subprocess.py:93} INFO - 	org.antlr#antlr4-runtime;4.9.3 from central in [default]
[2025-04-02T18:11:50.637+0000] {subprocess.py:93} INFO - 	org.apache.commons#commons-pool2;2.11.1 from central in [default]
[2025-04-02T18:11:50.637+0000] {subprocess.py:93} INFO - 	org.apache.hadoop#hadoop-aws;3.3.2 from central in [default]
[2025-04-02T18:11:50.637+0000] {subprocess.py:93} INFO - 	org.apache.hadoop#hadoop-client-api;3.3.4 from central in [default]
[2025-04-02T18:11:50.638+0000] {subprocess.py:93} INFO - 	org.apache.hadoop#hadoop-client-runtime;3.3.4 from central in [default]
[2025-04-02T18:11:50.638+0000] {subprocess.py:93} INFO - 	org.apache.kafka#kafka-clients;3.3.2 from central in [default]
[2025-04-02T18:11:50.638+0000] {subprocess.py:93} INFO - 	org.apache.spark#spark-sql-kafka-0-10_2.12;3.4.1 from central in [default]
[2025-04-02T18:11:50.638+0000] {subprocess.py:93} INFO - 	org.apache.spark#spark-token-provider-kafka-0-10_2.12;3.4.1 from central in [default]
[2025-04-02T18:11:50.638+0000] {subprocess.py:93} INFO - 	org.checkerframework#checker-qual;3.5.0 from central in [default]
[2025-04-02T18:11:50.638+0000] {subprocess.py:93} INFO - 	org.lz4#lz4-java;1.8.0 from central in [default]
[2025-04-02T18:11:50.638+0000] {subprocess.py:93} INFO - 	org.postgresql#postgresql;42.5.1 from central in [default]
[2025-04-02T18:11:50.638+0000] {subprocess.py:93} INFO - 	org.slf4j#slf4j-api;2.0.6 from central in [default]
[2025-04-02T18:11:50.638+0000] {subprocess.py:93} INFO - 	org.wildfly.openssl#wildfly-openssl;1.0.7.Final from central in [default]
[2025-04-02T18:11:50.638+0000] {subprocess.py:93} INFO - 	org.xerial.snappy#snappy-java;1.1.10.1 from central in [default]
[2025-04-02T18:11:50.638+0000] {subprocess.py:93} INFO - 	:: evicted modules:
[2025-04-02T18:11:50.639+0000] {subprocess.py:93} INFO - 	com.amazonaws#aws-java-sdk-bundle;1.11.1026 by [com.amazonaws#aws-java-sdk-bundle;1.12.261] in [default]
[2025-04-02T18:11:50.639+0000] {subprocess.py:93} INFO - 	---------------------------------------------------------------------
[2025-04-02T18:11:50.639+0000] {subprocess.py:93} INFO - 	|                  |            modules            ||   artifacts   |
[2025-04-02T18:11:50.639+0000] {subprocess.py:93} INFO - 	|       conf       | number| search|dwnlded|evicted|| number|dwnlded|
[2025-04-02T18:11:50.639+0000] {subprocess.py:93} INFO - 	---------------------------------------------------------------------
[2025-04-02T18:11:50.639+0000] {subprocess.py:93} INFO - 	|      default     |   20  |   0   |   0   |   1   ||   19  |   0   |
[2025-04-02T18:11:50.639+0000] {subprocess.py:93} INFO - 	---------------------------------------------------------------------
[2025-04-02T18:11:50.653+0000] {subprocess.py:93} INFO - :: retrieving :: org.apache.spark#spark-submit-parent-e8c65e7a-b32d-450b-95f0-6e2bd9b08c13
[2025-04-02T18:11:50.656+0000] {subprocess.py:93} INFO - 	confs: [default]
[2025-04-02T18:11:50.672+0000] {subprocess.py:93} INFO - 	0 artifacts copied, 19 already retrieved (0kB/17ms)
[2025-04-02T18:11:51.627+0000] {subprocess.py:93} INFO - 25/04/02 18:11:51 WARN NativeCodeLoader: Unable to load native-hadoop library for your platform... using builtin-java classes where applicable
[2025-04-02T18:11:52.423+0000] {subprocess.py:93} INFO - Setting default log level to "WARN".
[2025-04-02T18:11:52.425+0000] {subprocess.py:93} INFO - To adjust logging level use sc.setLogLevel(newLevel). For SparkR, use setLogLevel(newLevel).
[2025-04-02T18:12:10.983+0000] {local_task_job_runner.py:302} WARNING - State of this instance has been externally set to failed. Terminating instance.
[2025-04-02T18:12:11.080+0000] {process_utils.py:131} INFO - Sending 15 to group 7224. PIDs of all processes in the group: [7225, 7226, 7234, 7224]
[2025-04-02T18:12:11.080+0000] {process_utils.py:86} INFO - Sending the signal 15 to group 7224
[2025-04-02T18:12:11.080+0000] {taskinstance.py:2451} ERROR - Received SIGTERM. Terminating subprocesses.
[2025-04-02T18:12:11.081+0000] {subprocess.py:104} INFO - Sending SIGTERM signal to process group
[2025-04-02T18:12:11.623+0000] {process_utils.py:79} INFO - Process psutil.Process(pid=7226, status='terminated', started='18:11:34') (7226) terminated with exit code None
[2025-04-02T18:12:11.891+0000] {process_utils.py:79} INFO - Process psutil.Process(pid=7224, status='terminated', exitcode=0, started='18:11:34') (7224) terminated with exit code 0
[2025-04-02T18:12:12.013+0000] {process_utils.py:79} INFO - Process psutil.Process(pid=7225, status='terminated', started='18:11:34') (7225) terminated with exit code None
[2025-04-02T18:12:12.709+0000] {process_utils.py:79} INFO - Process psutil.Process(pid=7234, status='terminated', started='18:11:36') (7234) terminated with exit code None
