[2025-04-01T17:54:03.571+0000] {taskinstance.py:1957} INFO - Dependencies all met for dep_context=non-requeueable deps ti=<TaskInstance: gen_data_daily.gen_data_daily scheduled__2025-03-19T22:00:00+00:00 [queued]>
[2025-04-01T17:54:03.588+0000] {taskinstance.py:1957} INFO - Dependencies all met for dep_context=requeueable deps ti=<TaskInstance: gen_data_daily.gen_data_daily scheduled__2025-03-19T22:00:00+00:00 [queued]>
[2025-04-01T17:54:03.588+0000] {taskinstance.py:2171} INFO - Starting attempt 1 of 2
[2025-04-01T17:54:03.618+0000] {taskinstance.py:2192} INFO - Executing <Task(BashOperator): gen_data_daily> on 2025-03-19 22:00:00+00:00
[2025-04-01T17:54:03.631+0000] {standard_task_runner.py:60} INFO - Started process 979 to run task
[2025-04-01T17:54:03.638+0000] {standard_task_runner.py:87} INFO - Running: ['***', 'tasks', 'run', 'gen_data_daily', 'gen_data_daily', 'scheduled__2025-03-19T22:00:00+00:00', '--job-id', '37', '--raw', '--subdir', 'DAGS_FOLDER/gen_data_daily.py', '--cfg-path', '/tmp/tmp3zq9_bl_']
[2025-04-01T17:54:03.640+0000] {standard_task_runner.py:88} INFO - Job 37: Subtask gen_data_daily
[2025-04-01T17:54:03.755+0000] {task_command.py:423} INFO - Running <TaskInstance: gen_data_daily.gen_data_daily scheduled__2025-03-19T22:00:00+00:00 [running]> on host 0b0a92439eeb
[2025-04-01T17:54:03.835+0000] {warnings.py:109} WARNING - /home/***/.local/lib/python3.8/site-packages/***/utils/context.py:207: AirflowContextDeprecationWarning: Accessing 'execution_date' from the template is deprecated and will be removed in a future version. Please use 'data_interval_start' or 'logical_date' instead.
  warnings.warn(_create_deprecation_warning(key, self._deprecation_replacements[key]))

[2025-04-01T17:54:03.882+0000] {taskinstance.py:2481} INFO - Exporting env vars: AIRFLOW_CTX_DAG_OWNER='longnv' AIRFLOW_CTX_DAG_ID='gen_data_daily' AIRFLOW_CTX_TASK_ID='gen_data_daily' AIRFLOW_CTX_EXECUTION_DATE='2025-03-19T22:00:00+00:00' AIRFLOW_CTX_TRY_NUMBER='1' AIRFLOW_CTX_DAG_RUN_ID='scheduled__2025-03-19T22:00:00+00:00'
[2025-04-01T17:54:03.883+0000] {subprocess.py:63} INFO - Tmp dir root location: /tmp
[2025-04-01T17:54:03.884+0000] {subprocess.py:75} INFO - Running command: ['/usr/bin/bash', '-c', '\n        python /opt/***/external_scripts/1_gen_transaction_data.py 2025-03-20\n        ']
[2025-04-01T17:54:03.900+0000] {subprocess.py:86} INFO - Output:
[2025-04-01T17:54:05.294+0000] {subprocess.py:93} INFO - Successfully inserted 5000 rows into transaction_data table at 2025-03-20
[2025-04-01T17:54:05.294+0000] {subprocess.py:93} INFO - Table contains 95000 rows
[2025-04-01T17:54:05.295+0000] {subprocess.py:93} INFO - Data generation and insertion complete at 2025-03-20
[2025-04-01T17:54:05.432+0000] {subprocess.py:97} INFO - Command exited with return code 0
[2025-04-01T17:54:05.509+0000] {taskinstance.py:1138} INFO - Marking task as SUCCESS. dag_id=gen_data_daily, task_id=gen_data_daily, execution_date=20250319T220000, start_date=20250401T175403, end_date=20250401T175405
[2025-04-01T17:54:05.587+0000] {local_task_job_runner.py:234} INFO - Task exited with return code 0
[2025-04-01T17:54:05.638+0000] {taskinstance.py:3281} INFO - 0 downstream tasks scheduled from follow-on schedule check
[2025-04-28T17:48:08.727+0000] {taskinstance.py:1957} INFO - Dependencies all met for dep_context=non-requeueable deps ti=<TaskInstance: gen_data_daily.gen_data_daily scheduled__2025-03-19T22:00:00+00:00 [queued]>
[2025-04-28T17:48:08.763+0000] {taskinstance.py:1957} INFO - Dependencies all met for dep_context=requeueable deps ti=<TaskInstance: gen_data_daily.gen_data_daily scheduled__2025-03-19T22:00:00+00:00 [queued]>
[2025-04-28T17:48:08.764+0000] {taskinstance.py:2171} INFO - Starting attempt 1 of 2
[2025-04-28T17:48:08.811+0000] {taskinstance.py:2192} INFO - Executing <Task(BashOperator): gen_data_daily> on 2025-03-19 22:00:00+00:00
[2025-04-28T17:48:08.816+0000] {standard_task_runner.py:60} INFO - Started process 821 to run task
[2025-04-28T17:48:08.821+0000] {standard_task_runner.py:87} INFO - Running: ['***', 'tasks', 'run', 'gen_data_daily', 'gen_data_daily', 'scheduled__2025-03-19T22:00:00+00:00', '--job-id', '264', '--raw', '--subdir', 'DAGS_FOLDER/gen_data_daily.py', '--cfg-path', '/tmp/tmp64tjyjqs']
[2025-04-28T17:48:08.826+0000] {standard_task_runner.py:88} INFO - Job 264: Subtask gen_data_daily
[2025-04-28T17:48:08.934+0000] {task_command.py:423} INFO - Running <TaskInstance: gen_data_daily.gen_data_daily scheduled__2025-03-19T22:00:00+00:00 [running]> on host 45b38884c639
[2025-04-28T17:48:09.042+0000] {warnings.py:109} WARNING - /home/***/.local/lib/python3.8/site-packages/***/utils/context.py:207: AirflowContextDeprecationWarning: Accessing 'execution_date' from the template is deprecated and will be removed in a future version. Please use 'data_interval_start' or 'logical_date' instead.
  warnings.warn(_create_deprecation_warning(key, self._deprecation_replacements[key]))

[2025-04-28T17:48:09.110+0000] {taskinstance.py:2481} INFO - Exporting env vars: AIRFLOW_CTX_DAG_OWNER='longnv' AIRFLOW_CTX_DAG_ID='gen_data_daily' AIRFLOW_CTX_TASK_ID='gen_data_daily' AIRFLOW_CTX_EXECUTION_DATE='2025-03-19T22:00:00+00:00' AIRFLOW_CTX_TRY_NUMBER='1' AIRFLOW_CTX_DAG_RUN_ID='scheduled__2025-03-19T22:00:00+00:00'
[2025-04-28T17:48:09.114+0000] {subprocess.py:63} INFO - Tmp dir root location: /tmp
[2025-04-28T17:48:09.115+0000] {subprocess.py:75} INFO - Running command: ['/usr/bin/bash', '-c', '\n        python /opt/***/external_scripts/step_1_1_gen_transaction_data.py 2025-03-20\n        ']
[2025-04-28T17:48:09.143+0000] {subprocess.py:86} INFO - Output:
[2025-04-28T17:48:10.983+0000] {subprocess.py:97} INFO - Command exited with return code 0
[2025-04-28T17:48:11.035+0000] {taskinstance.py:1138} INFO - Marking task as SUCCESS. dag_id=gen_data_daily, task_id=gen_data_daily, execution_date=20250319T220000, start_date=20250428T174808, end_date=20250428T174811
[2025-04-28T17:48:11.081+0000] {local_task_job_runner.py:234} INFO - Task exited with return code 0
[2025-04-28T17:48:11.130+0000] {taskinstance.py:3281} INFO - 1 downstream tasks scheduled from follow-on schedule check
