[2025-04-01T17:53:55.636+0000] {taskinstance.py:1957} INFO - Dependencies all met for dep_context=non-requeueable deps ti=<TaskInstance: gen_data_daily.gen_data_daily scheduled__2025-03-17T22:00:00+00:00 [queued]>
[2025-04-01T17:53:55.658+0000] {taskinstance.py:1957} INFO - Dependencies all met for dep_context=requeueable deps ti=<TaskInstance: gen_data_daily.gen_data_daily scheduled__2025-03-17T22:00:00+00:00 [queued]>
[2025-04-01T17:53:55.659+0000] {taskinstance.py:2171} INFO - Starting attempt 1 of 2
[2025-04-01T17:53:55.685+0000] {taskinstance.py:2192} INFO - Executing <Task(BashOperator): gen_data_daily> on 2025-03-17 22:00:00+00:00
[2025-04-01T17:53:55.695+0000] {standard_task_runner.py:60} INFO - Started process 957 to run task
[2025-04-01T17:53:55.706+0000] {standard_task_runner.py:87} INFO - Running: ['***', 'tasks', 'run', 'gen_data_daily', 'gen_data_daily', 'scheduled__2025-03-17T22:00:00+00:00', '--job-id', '35', '--raw', '--subdir', 'DAGS_FOLDER/gen_data_daily.py', '--cfg-path', '/tmp/tmpa_wxmmth']
[2025-04-01T17:53:55.708+0000] {standard_task_runner.py:88} INFO - Job 35: Subtask gen_data_daily
[2025-04-01T17:53:55.824+0000] {task_command.py:423} INFO - Running <TaskInstance: gen_data_daily.gen_data_daily scheduled__2025-03-17T22:00:00+00:00 [running]> on host 0b0a92439eeb
[2025-04-01T17:53:55.929+0000] {warnings.py:109} WARNING - /home/***/.local/lib/python3.8/site-packages/***/utils/context.py:207: AirflowContextDeprecationWarning: Accessing 'execution_date' from the template is deprecated and will be removed in a future version. Please use 'data_interval_start' or 'logical_date' instead.
  warnings.warn(_create_deprecation_warning(key, self._deprecation_replacements[key]))

[2025-04-01T17:53:56.043+0000] {taskinstance.py:2481} INFO - Exporting env vars: AIRFLOW_CTX_DAG_OWNER='longnv' AIRFLOW_CTX_DAG_ID='gen_data_daily' AIRFLOW_CTX_TASK_ID='gen_data_daily' AIRFLOW_CTX_EXECUTION_DATE='2025-03-17T22:00:00+00:00' AIRFLOW_CTX_TRY_NUMBER='1' AIRFLOW_CTX_DAG_RUN_ID='scheduled__2025-03-17T22:00:00+00:00'
[2025-04-01T17:53:56.045+0000] {subprocess.py:63} INFO - Tmp dir root location: /tmp
[2025-04-01T17:53:56.046+0000] {subprocess.py:75} INFO - Running command: ['/usr/bin/bash', '-c', '\n        python /opt/***/external_scripts/1_gen_transaction_data.py 2025-03-18\n        ']
[2025-04-01T17:53:56.063+0000] {subprocess.py:86} INFO - Output:
[2025-04-01T17:53:57.408+0000] {subprocess.py:93} INFO - Successfully inserted 5000 rows into transaction_data table at 2025-03-18
[2025-04-01T17:53:57.408+0000] {subprocess.py:93} INFO - Table contains 85000 rows
[2025-04-01T17:53:57.408+0000] {subprocess.py:93} INFO - Data generation and insertion complete at 2025-03-18
[2025-04-01T17:53:57.621+0000] {subprocess.py:97} INFO - Command exited with return code 0
[2025-04-01T17:53:57.783+0000] {taskinstance.py:1138} INFO - Marking task as SUCCESS. dag_id=gen_data_daily, task_id=gen_data_daily, execution_date=20250317T220000, start_date=20250401T175355, end_date=20250401T175357
[2025-04-01T17:53:57.834+0000] {local_task_job_runner.py:234} INFO - Task exited with return code 0
[2025-04-01T17:53:57.882+0000] {taskinstance.py:3281} INFO - 0 downstream tasks scheduled from follow-on schedule check
[2025-04-28T17:22:57.982+0000] {taskinstance.py:1957} INFO - Dependencies all met for dep_context=non-requeueable deps ti=<TaskInstance: gen_data_daily.gen_data_daily scheduled__2025-03-17T22:00:00+00:00 [queued]>
[2025-04-28T17:22:58.045+0000] {taskinstance.py:1957} INFO - Dependencies all met for dep_context=requeueable deps ti=<TaskInstance: gen_data_daily.gen_data_daily scheduled__2025-03-17T22:00:00+00:00 [queued]>
[2025-04-28T17:22:58.046+0000] {taskinstance.py:2171} INFO - Starting attempt 1 of 2
[2025-04-28T17:22:58.179+0000] {taskinstance.py:2192} INFO - Executing <Task(BashOperator): gen_data_daily> on 2025-03-17 22:00:00+00:00
[2025-04-28T17:22:58.194+0000] {standard_task_runner.py:60} INFO - Started process 45103 to run task
[2025-04-28T17:22:58.208+0000] {standard_task_runner.py:87} INFO - Running: ['***', 'tasks', 'run', 'gen_data_daily', 'gen_data_daily', 'scheduled__2025-03-17T22:00:00+00:00', '--job-id', '189', '--raw', '--subdir', 'DAGS_FOLDER/gen_data_daily.py', '--cfg-path', '/tmp/tmpunzldouz']
[2025-04-28T17:22:58.209+0000] {standard_task_runner.py:88} INFO - Job 189: Subtask gen_data_daily
[2025-04-28T17:22:58.530+0000] {task_command.py:423} INFO - Running <TaskInstance: gen_data_daily.gen_data_daily scheduled__2025-03-17T22:00:00+00:00 [running]> on host 45b38884c639
[2025-04-28T17:22:58.832+0000] {warnings.py:109} WARNING - /home/***/.local/lib/python3.8/site-packages/***/utils/context.py:207: AirflowContextDeprecationWarning: Accessing 'execution_date' from the template is deprecated and will be removed in a future version. Please use 'data_interval_start' or 'logical_date' instead.
  warnings.warn(_create_deprecation_warning(key, self._deprecation_replacements[key]))

[2025-04-28T17:22:59.050+0000] {taskinstance.py:2481} INFO - Exporting env vars: AIRFLOW_CTX_DAG_OWNER='longnv' AIRFLOW_CTX_DAG_ID='gen_data_daily' AIRFLOW_CTX_TASK_ID='gen_data_daily' AIRFLOW_CTX_EXECUTION_DATE='2025-03-17T22:00:00+00:00' AIRFLOW_CTX_TRY_NUMBER='1' AIRFLOW_CTX_DAG_RUN_ID='scheduled__2025-03-17T22:00:00+00:00'
[2025-04-28T17:22:59.052+0000] {subprocess.py:63} INFO - Tmp dir root location: /tmp
[2025-04-28T17:22:59.056+0000] {subprocess.py:75} INFO - Running command: ['/usr/bin/bash', '-c', '\n        python /opt/***/external_scripts/step_1_1_gen_transaction_data.py 2025-03-18\n        ']
[2025-04-28T17:22:59.094+0000] {subprocess.py:86} INFO - Output:
[2025-04-28T17:23:07.063+0000] {subprocess.py:97} INFO - Command exited with return code 0
[2025-04-28T17:23:07.200+0000] {taskinstance.py:1138} INFO - Marking task as SUCCESS. dag_id=gen_data_daily, task_id=gen_data_daily, execution_date=20250317T220000, start_date=20250428T172258, end_date=20250428T172307
[2025-04-28T17:23:07.287+0000] {local_task_job_runner.py:234} INFO - Task exited with return code 0
[2025-04-28T17:23:07.414+0000] {taskinstance.py:3281} INFO - 1 downstream tasks scheduled from follow-on schedule check
