[2025-04-19T15:46:23.110+0000] {taskinstance.py:1957} INFO - Dependencies all met for dep_context=non-requeueable deps ti=<TaskInstance: gen_lxw_fts.calculate_fts scheduled__2025-03-17T23:00:00+00:00 [queued]>
[2025-04-19T15:46:23.145+0000] {taskinstance.py:1957} INFO - Dependencies all met for dep_context=requeueable deps ti=<TaskInstance: gen_lxw_fts.calculate_fts scheduled__2025-03-17T23:00:00+00:00 [queued]>
[2025-04-19T15:46:23.145+0000] {taskinstance.py:2171} INFO - Starting attempt 2 of 3
[2025-04-19T15:46:23.165+0000] {taskinstance.py:2192} INFO - Executing <Task(BashOperator): calculate_fts> on 2025-03-17 23:00:00+00:00
[2025-04-19T15:46:23.172+0000] {standard_task_runner.py:60} INFO - Started process 1421 to run task
[2025-04-19T15:46:23.177+0000] {standard_task_runner.py:87} INFO - Running: ['***', 'tasks', 'run', 'gen_lxw_fts', 'calculate_fts', 'scheduled__2025-03-17T23:00:00+00:00', '--job-id', '104', '--raw', '--subdir', 'DAGS_FOLDER/gen_lxw_fts.py', '--cfg-path', '/tmp/tmpp7ety5_d']
[2025-04-19T15:46:23.178+0000] {standard_task_runner.py:88} INFO - Job 104: Subtask calculate_fts
[2025-04-19T15:46:23.261+0000] {task_command.py:423} INFO - Running <TaskInstance: gen_lxw_fts.calculate_fts scheduled__2025-03-17T23:00:00+00:00 [running]> on host 645cdcb765bc
[2025-04-19T15:46:23.417+0000] {warnings.py:109} WARNING - /home/***/.local/lib/python3.8/site-packages/***/utils/context.py:207: AirflowContextDeprecationWarning: Accessing 'execution_date' from the template is deprecated and will be removed in a future version. Please use 'data_interval_start' or 'logical_date' instead.
  warnings.warn(_create_deprecation_warning(key, self._deprecation_replacements[key]))

[2025-04-19T15:46:23.511+0000] {taskinstance.py:2481} INFO - Exporting env vars: AIRFLOW_CTX_DAG_OWNER='longnv' AIRFLOW_CTX_DAG_ID='gen_lxw_fts' AIRFLOW_CTX_TASK_ID='calculate_fts' AIRFLOW_CTX_EXECUTION_DATE='2025-03-17T23:00:00+00:00' AIRFLOW_CTX_TRY_NUMBER='2' AIRFLOW_CTX_DAG_RUN_ID='scheduled__2025-03-17T23:00:00+00:00'
[2025-04-19T15:46:23.512+0000] {subprocess.py:63} INFO - Tmp dir root location: /tmp
[2025-04-19T15:46:23.513+0000] {subprocess.py:75} INFO - Running command: ['/usr/bin/bash', '-c', '\n        python /opt/***/external_scripts/2_calculate_features.py 2025-03-18\n        ']
[2025-04-19T15:46:23.528+0000] {subprocess.py:86} INFO - Output:
[2025-04-19T15:46:38.656+0000] {subprocess.py:93} INFO - :: loading settings :: url = jar:file:/opt/spark/jars/ivy-2.5.1.jar!/org/apache/ivy/core/settings/ivysettings.xml
[2025-04-19T15:46:39.002+0000] {subprocess.py:93} INFO - Ivy Default Cache set to: /home/***/.ivy2/cache
[2025-04-19T15:46:39.003+0000] {subprocess.py:93} INFO - The jars for the packages stored in: /home/***/.ivy2/jars
[2025-04-19T15:46:39.007+0000] {subprocess.py:93} INFO - io.delta#delta-core_2.12 added as a dependency
[2025-04-19T15:46:39.011+0000] {subprocess.py:93} INFO - org.apache.hadoop#hadoop-aws added as a dependency
[2025-04-19T15:46:39.013+0000] {subprocess.py:93} INFO - :: resolving dependencies :: org.apache.spark#spark-submit-parent-f9f8f4ec-a801-4953-8356-a97acc9a767e;1.0
[2025-04-19T15:46:39.013+0000] {subprocess.py:93} INFO - 	confs: [default]
[2025-04-19T15:46:41.462+0000] {subprocess.py:93} INFO - 	found io.delta#delta-core_2.12;2.1.0 in central
[2025-04-19T15:46:41.895+0000] {subprocess.py:93} INFO - 	found io.delta#delta-storage;2.1.0 in central
[2025-04-19T15:46:44.463+0000] {subprocess.py:93} INFO - 	found org.antlr#antlr4-runtime;4.8 in central
[2025-04-19T15:46:44.867+0000] {subprocess.py:93} INFO - 	found org.codehaus.jackson#jackson-core-asl;1.9.13 in central
[2025-04-19T15:46:48.000+0000] {subprocess.py:93} INFO - 	found org.apache.hadoop#hadoop-aws;3.3.1 in central
[2025-04-19T15:46:49.757+0000] {subprocess.py:93} INFO - 	found com.amazonaws#aws-java-sdk-bundle;1.11.901 in central
[2025-04-19T15:46:52.507+0000] {subprocess.py:93} INFO - 	found org.wildfly.openssl#wildfly-openssl;1.0.7.Final in central
[2025-04-19T15:46:52.727+0000] {subprocess.py:93} INFO - downloading https://repo1.maven.org/maven2/io/delta/delta-core_2.12/2.1.0/delta-core_2.12-2.1.0.jar ...
[2025-04-19T15:46:53.645+0000] {subprocess.py:93} INFO - 	[SUCCESSFUL ] io.delta#delta-core_2.12;2.1.0!delta-core_2.12.jar (1122ms)
[2025-04-19T15:46:53.855+0000] {subprocess.py:93} INFO - downloading https://repo1.maven.org/maven2/org/apache/hadoop/hadoop-aws/3.3.1/hadoop-aws-3.3.1.jar ...
[2025-04-19T15:46:54.146+0000] {subprocess.py:93} INFO - 	[SUCCESSFUL ] org.apache.hadoop#hadoop-aws;3.3.1!hadoop-aws.jar (494ms)
[2025-04-19T15:46:54.332+0000] {subprocess.py:93} INFO - downloading https://repo1.maven.org/maven2/io/delta/delta-storage/2.1.0/delta-storage-2.1.0.jar ...
[2025-04-19T15:46:54.520+0000] {subprocess.py:93} INFO - 	[SUCCESSFUL ] io.delta#delta-storage;2.1.0!delta-storage.jar (373ms)
[2025-04-19T15:46:54.717+0000] {subprocess.py:93} INFO - downloading https://repo1.maven.org/maven2/org/antlr/antlr4-runtime/4.8/antlr4-runtime-4.8.jar ...
[2025-04-19T15:46:54.985+0000] {subprocess.py:93} INFO - 	[SUCCESSFUL ] org.antlr#antlr4-runtime;4.8!antlr4-runtime.jar (465ms)
[2025-04-19T15:46:55.178+0000] {subprocess.py:93} INFO - downloading https://repo1.maven.org/maven2/org/codehaus/jackson/jackson-core-asl/1.9.13/jackson-core-asl-1.9.13.jar ...
[2025-04-19T15:46:55.389+0000] {subprocess.py:93} INFO - 	[SUCCESSFUL ] org.codehaus.jackson#jackson-core-asl;1.9.13!jackson-core-asl.jar (400ms)
[2025-04-19T15:46:55.590+0000] {subprocess.py:93} INFO - downloading https://repo1.maven.org/maven2/com/amazonaws/aws-java-sdk-bundle/1.11.901/aws-java-sdk-bundle-1.11.901.jar ...
[2025-04-19T15:47:13.105+0000] {subprocess.py:93} INFO - 	[SUCCESSFUL ] com.amazonaws#aws-java-sdk-bundle;1.11.901!aws-java-sdk-bundle.jar (17702ms)
[2025-04-19T15:47:13.290+0000] {subprocess.py:93} INFO - downloading https://repo1.maven.org/maven2/org/wildfly/openssl/wildfly-openssl/1.0.7.Final/wildfly-openssl-1.0.7.Final.jar ...
[2025-04-19T15:47:13.515+0000] {subprocess.py:93} INFO - 	[SUCCESSFUL ] org.wildfly.openssl#wildfly-openssl;1.0.7.Final!wildfly-openssl.jar (408ms)
[2025-04-19T15:47:13.515+0000] {subprocess.py:93} INFO - :: resolution report :: resolve 13514ms :: artifacts dl 20992ms
[2025-04-19T15:47:13.515+0000] {subprocess.py:93} INFO - 	:: modules in use:
[2025-04-19T15:47:13.516+0000] {subprocess.py:93} INFO - 	com.amazonaws#aws-java-sdk-bundle;1.11.901 from central in [default]
[2025-04-19T15:47:13.516+0000] {subprocess.py:93} INFO - 	io.delta#delta-core_2.12;2.1.0 from central in [default]
[2025-04-19T15:47:13.516+0000] {subprocess.py:93} INFO - 	io.delta#delta-storage;2.1.0 from central in [default]
[2025-04-19T15:47:13.516+0000] {subprocess.py:93} INFO - 	org.antlr#antlr4-runtime;4.8 from central in [default]
[2025-04-19T15:47:13.516+0000] {subprocess.py:93} INFO - 	org.apache.hadoop#hadoop-aws;3.3.1 from central in [default]
[2025-04-19T15:47:13.516+0000] {subprocess.py:93} INFO - 	org.codehaus.jackson#jackson-core-asl;1.9.13 from central in [default]
[2025-04-19T15:47:13.516+0000] {subprocess.py:93} INFO - 	org.wildfly.openssl#wildfly-openssl;1.0.7.Final from central in [default]
[2025-04-19T15:47:13.516+0000] {subprocess.py:93} INFO - 	---------------------------------------------------------------------
[2025-04-19T15:47:13.516+0000] {subprocess.py:93} INFO - 	|                  |            modules            ||   artifacts   |
[2025-04-19T15:47:13.516+0000] {subprocess.py:93} INFO - 	|       conf       | number| search|dwnlded|evicted|| number|dwnlded|
[2025-04-19T15:47:13.517+0000] {subprocess.py:93} INFO - 	---------------------------------------------------------------------
[2025-04-19T15:47:13.517+0000] {subprocess.py:93} INFO - 	|      default     |   7   |   7   |   7   |   0   ||   7   |   7   |
[2025-04-19T15:47:13.517+0000] {subprocess.py:93} INFO - 	---------------------------------------------------------------------
[2025-04-19T15:47:13.521+0000] {subprocess.py:93} INFO - :: retrieving :: org.apache.spark#spark-submit-parent-f9f8f4ec-a801-4953-8356-a97acc9a767e
[2025-04-19T15:47:13.521+0000] {subprocess.py:93} INFO - 	confs: [default]
[2025-04-19T15:47:13.664+0000] {subprocess.py:93} INFO - 	7 artifacts copied, 0 already retrieved (192837kB/144ms)
[2025-04-19T15:47:18.273+0000] {subprocess.py:93} INFO - 25/04/19 15:47:18 WARN NativeCodeLoader: Unable to load native-hadoop library for your platform... using builtin-java classes where applicable
[2025-04-19T15:47:19.135+0000] {subprocess.py:93} INFO - Setting default log level to "WARN".
[2025-04-19T15:47:19.135+0000] {subprocess.py:93} INFO - To adjust logging level use sc.setLogLevel(newLevel). For SparkR, use setLogLevel(newLevel).
[2025-04-19T15:47:31.968+0000] {subprocess.py:93} INFO - 25/04/19 15:47:31 WARN SQLConf: The SQL config 'spark.sql.execution.arrow.fallback.enabled' has been deprecated in Spark v3.0 and may be removed in the future. Use 'spark.sql.execution.arrow.pyspark.fallback.enabled' instead of it.
[2025-04-19T15:47:31.999+0000] {subprocess.py:93} INFO - 25/04/19 15:47:31 WARN SQLConf: The SQL config 'spark.sql.execution.arrow.fallback.enabled' has been deprecated in Spark v3.0 and may be removed in the future. Use 'spark.sql.execution.arrow.pyspark.fallback.enabled' instead of it.
[2025-04-19T15:47:32.000+0000] {subprocess.py:93} INFO - 25/04/19 15:47:31 WARN SQLConf: The SQL config 'spark.sql.execution.arrow.fallback.enabled' has been deprecated in Spark v3.0 and may be removed in the future. Use 'spark.sql.execution.arrow.pyspark.fallback.enabled' instead of it.
[2025-04-19T15:47:37.127+0000] {subprocess.py:93} INFO - 2025-03-11 2025-03-18
[2025-04-19T15:47:37.128+0000] {subprocess.py:93} INFO - Created log directory: /opt/***/logs/2_calculate_fts
[2025-04-19T15:47:37.128+0000] {subprocess.py:93} INFO - Initializing Spark session...
[2025-04-19T15:47:37.129+0000] {subprocess.py:93} INFO - Spark session initialized
[2025-04-19T15:47:37.199+0000] {subprocess.py:93} INFO - Traceback (most recent call last):
[2025-04-19T15:47:37.199+0000] {subprocess.py:93} INFO -   File "/opt/***/external_scripts/2_calculate_features.py", line 49, in <module>
[2025-04-19T15:47:37.200+0000] {subprocess.py:93} INFO -     spark.conf.set("spark.jars.packages",  "org.apache.spark:spark-sql-kafka-0-10_2.12:3.4.1,"
[2025-04-19T15:47:37.200+0000] {subprocess.py:93} INFO -   File "/opt/spark/python/pyspark/sql/conf.py", line 47, in set
[2025-04-19T15:47:37.200+0000] {subprocess.py:93} INFO -     self._jconf.set(key, value)
[2025-04-19T15:47:37.200+0000] {subprocess.py:93} INFO -   File "/opt/spark/python/lib/py4j-0.10.9.7-src.zip/py4j/java_gateway.py", line 1322, in __call__
[2025-04-19T15:47:37.200+0000] {subprocess.py:93} INFO -   File "/opt/spark/python/pyspark/errors/exceptions/captured.py", line 175, in deco
[2025-04-19T15:47:37.200+0000] {subprocess.py:93} INFO -     raise converted from None
[2025-04-19T15:47:37.201+0000] {subprocess.py:93} INFO - pyspark.errors.exceptions.captured.AnalysisException: [CANNOT_MODIFY_CONFIG] Cannot modify the value of the Spark config: "spark.jars.packages".
[2025-04-19T15:47:37.201+0000] {subprocess.py:93} INFO - See also 'https://spark.apache.org/docs/latest/sql-migration-guide.html#ddl-statements'.
[2025-04-19T15:47:38.755+0000] {subprocess.py:97} INFO - Command exited with return code 1
[2025-04-19T15:47:38.769+0000] {taskinstance.py:2699} ERROR - Task failed with exception
Traceback (most recent call last):
  File "/home/airflow/.local/lib/python3.8/site-packages/airflow/models/taskinstance.py", line 433, in _execute_task
    result = execute_callable(context=context, **execute_callable_kwargs)
  File "/home/airflow/.local/lib/python3.8/site-packages/airflow/operators/bash.py", line 212, in execute
    raise AirflowException(
airflow.exceptions.AirflowException: Bash command failed. The command returned a non-zero exit code 1.
[2025-04-19T15:47:38.801+0000] {taskinstance.py:1138} INFO - Marking task as UP_FOR_RETRY. dag_id=gen_lxw_fts, task_id=calculate_fts, execution_date=20250317T230000, start_date=20250419T154623, end_date=20250419T154738
[2025-04-19T15:47:38.910+0000] {standard_task_runner.py:107} ERROR - Failed to execute job 104 for task calculate_fts (Bash command failed. The command returned a non-zero exit code 1.; 1421)
[2025-04-19T15:47:38.943+0000] {local_task_job_runner.py:234} INFO - Task exited with return code 1
[2025-04-19T15:47:38.970+0000] {taskinstance.py:3281} INFO - 0 downstream tasks scheduled from follow-on schedule check
